<?xml version="1.0" encoding="UTF-8"?>
<robot generator="Robot 6.0.2 (Python 3.11.2 on win32)" generated="20230422 18:08:27.865" rpa="false" schemaversion="3">
<suite id="s1" name="Balance" source="c:\Users\Luan\Documents\Projetos\nuclone-appium-robot\balance.robot">
<test id="s1-t1" name="Teste de menus" line="13">
<kw name="Abrir app" library="base" type="SETUP">
<kw name="Open Application" library="AppiumLibrary">
<arg>http://localhost:4723/wd/hub</arg>
<arg>automationName=UiAutomator2</arg>
<arg>platformName=Android</arg>
<arg>deviceName=Pixel_2_API_28</arg>
<arg>app=${EXECDIR}/app/nuclone.apk</arg>
<arg>udid=emulator-5554</arg>
<doc>Opens a new application to given Appium server.
Capabilities of appium server, Android and iOS,
Please check https://github.com/appium/appium/blob/master/docs/en/writing-running-appium/server-args.md
| *Option*            | *Man.* | *Description*     |
| remote_url          | Yes    | Appium server url |
| alias               | no     | alias             |
| strict_ssl          | No     | allows you to send commands to an invalid certificate host like a self-signed one. |</doc>
<status status="PASS" starttime="20230422 18:08:28.272" endtime="20230422 18:08:43.739"/>
</kw>
<kw name="Wait Until Element Is Visible" library="AppiumLibrary">
<arg>accessibility_id=card-hero</arg>
<arg>10</arg>
<doc>Waits until element specified with `locator` is visible.</doc>
<status status="PASS" starttime="20230422 18:08:43.740" endtime="20230422 18:08:46.589"/>
</kw>
<status status="PASS" starttime="20230422 18:08:28.271" endtime="20230422 18:08:46.589"/>
</kw>
<kw name="Clicar em indicar amigos" library="steps">
<kw name="Wait Until Element Is Visible" library="AppiumLibrary">
<arg>xpath=${Indicar_amigos}</arg>
<doc>Waits until element specified with `locator` is visible.</doc>
<msg timestamp="20230422 18:08:47.190" level="INFO">xpath criteria: //android.widget.TextView[@text="Indicar amigos"]</msg>
<status status="PASS" starttime="20230422 18:08:46.591" endtime="20230422 18:08:47.192"/>
</kw>
<kw name="Click Element" library="AppiumLibrary">
<arg>xpath=${Indicar_amigos}</arg>
<doc>Click element identified by `locator`.</doc>
<msg timestamp="20230422 18:08:47.196" level="INFO">Clicking element 'xpath=//android.widget.TextView[@text="Indicar amigos"]'.</msg>
<msg timestamp="20230422 18:08:47.628" level="INFO">xpath criteria: //android.widget.TextView[@text="Indicar amigos"]</msg>
<status status="PASS" starttime="20230422 18:08:47.193" endtime="20230422 18:08:47.629"/>
</kw>
<kw name="Wait Until Element Is Visible" library="AppiumLibrary">
<arg>xpath=${X}</arg>
<arg>10</arg>
<doc>Waits until element specified with `locator` is visible.</doc>
<msg timestamp="20230422 18:08:49.856" level="INFO">xpath criteria: //android.widget.TextView[1]</msg>
<status status="PASS" starttime="20230422 18:08:47.629" endtime="20230422 18:08:49.857"/>
</kw>
<kw name="Click Element" library="AppiumLibrary">
<arg>xpath=${X}</arg>
<doc>Click element identified by `locator`.</doc>
<msg timestamp="20230422 18:08:49.860" level="INFO">Clicking element 'xpath=//android.widget.TextView[1]'.</msg>
<msg timestamp="20230422 18:08:50.131" level="INFO">xpath criteria: //android.widget.TextView[1]</msg>
<status status="PASS" starttime="20230422 18:08:49.857" endtime="20230422 18:08:50.131"/>
</kw>
<status status="PASS" starttime="20230422 18:08:46.590" endtime="20230422 18:08:50.132"/>
</kw>
<kw name="Clicar em cobrar" library="steps">
<kw name="Wait Until Element Is Visible" library="AppiumLibrary">
<arg>xpath=${Cobrar}</arg>
<doc>Waits until element specified with `locator` is visible.</doc>
<msg timestamp="20230422 18:08:52.060" level="INFO">xpath criteria: //android.widget.TextView[@text="Cobrar"]</msg>
<status status="PASS" starttime="20230422 18:08:50.135" endtime="20230422 18:08:52.060"/>
</kw>
<kw name="Click Element" library="AppiumLibrary">
<arg>xpath=${Cobrar}</arg>
<doc>Click element identified by `locator`.</doc>
<msg timestamp="20230422 18:08:52.063" level="INFO">Clicking element 'xpath=//android.widget.TextView[@text="Cobrar"]'.</msg>
<msg timestamp="20230422 18:08:52.275" level="INFO">xpath criteria: //android.widget.TextView[@text="Cobrar"]</msg>
<status status="PASS" starttime="20230422 18:08:52.060" endtime="20230422 18:08:52.276"/>
</kw>
<kw name="Wait Until Element Is Visible" library="AppiumLibrary">
<arg>xpath=${X}</arg>
<arg>10</arg>
<doc>Waits until element specified with `locator` is visible.</doc>
<msg timestamp="20230422 18:08:53.673" level="INFO">xpath criteria: //android.widget.TextView[1]</msg>
<status status="PASS" starttime="20230422 18:08:52.276" endtime="20230422 18:08:53.673"/>
</kw>
<kw name="Click Element" library="AppiumLibrary">
<arg>xpath=${X}</arg>
<doc>Click element identified by `locator`.</doc>
<msg timestamp="20230422 18:08:53.676" level="INFO">Clicking element 'xpath=//android.widget.TextView[1]'.</msg>
<msg timestamp="20230422 18:08:53.870" level="INFO">xpath criteria: //android.widget.TextView[1]</msg>
<status status="PASS" starttime="20230422 18:08:53.674" endtime="20230422 18:08:53.870"/>
</kw>
<status status="PASS" starttime="20230422 18:08:50.134" endtime="20230422 18:08:53.870"/>
</kw>
<kw name="Clicar em depositar" library="steps">
<kw name="Wait Until Element Is Visible" library="AppiumLibrary">
<arg>xpath=${Depositar}</arg>
<doc>Waits until element specified with `locator` is visible.</doc>
<msg timestamp="20230422 18:08:55.377" level="INFO">xpath criteria: //android.widget.TextView[@text="Depositar"]</msg>
<status status="PASS" starttime="20230422 18:08:53.872" endtime="20230422 18:08:55.378"/>
</kw>
<kw name="Click Element" library="AppiumLibrary">
<arg>xpath=${Depositar}</arg>
<doc>Click element identified by `locator`.</doc>
<msg timestamp="20230422 18:08:55.380" level="INFO">Clicking element 'xpath=//android.widget.TextView[@text="Depositar"]'.</msg>
<msg timestamp="20230422 18:08:55.599" level="INFO">xpath criteria: //android.widget.TextView[@text="Depositar"]</msg>
<status status="PASS" starttime="20230422 18:08:55.378" endtime="20230422 18:08:55.599"/>
</kw>
<kw name="Wait Until Element Is Visible" library="AppiumLibrary">
<arg>xpath=${X}</arg>
<arg>10</arg>
<doc>Waits until element specified with `locator` is visible.</doc>
<msg timestamp="20230422 18:08:57.291" level="INFO">xpath criteria: //android.widget.TextView[1]</msg>
<status status="PASS" starttime="20230422 18:08:55.599" endtime="20230422 18:08:57.292"/>
</kw>
<kw name="Click Element" library="AppiumLibrary">
<arg>xpath=${X}</arg>
<doc>Click element identified by `locator`.</doc>
<msg timestamp="20230422 18:08:57.295" level="INFO">Clicking element 'xpath=//android.widget.TextView[1]'.</msg>
<msg timestamp="20230422 18:08:57.510" level="INFO">xpath criteria: //android.widget.TextView[1]</msg>
<status status="PASS" starttime="20230422 18:08:57.292" endtime="20230422 18:08:57.510"/>
</kw>
<status status="PASS" starttime="20230422 18:08:53.871" endtime="20230422 18:08:57.510"/>
</kw>
<kw name="Clicar em transferir" library="steps">
<kw name="Wait Until Element Is Visible" library="AppiumLibrary">
<arg>xpath=${Transferir}</arg>
<doc>Waits until element specified with `locator` is visible.</doc>
<msg timestamp="20230422 18:08:59.025" level="INFO">xpath criteria: //android.widget.TextView[@text="Transferir"]</msg>
<status status="PASS" starttime="20230422 18:08:57.514" endtime="20230422 18:08:59.025"/>
</kw>
<kw name="Click Element" library="AppiumLibrary">
<arg>xpath=${Transferir}</arg>
<doc>Click element identified by `locator`.</doc>
<msg timestamp="20230422 18:08:59.028" level="INFO">Clicking element 'xpath=//android.widget.TextView[@text="Transferir"]'.</msg>
<msg timestamp="20230422 18:08:59.261" level="INFO">xpath criteria: //android.widget.TextView[@text="Transferir"]</msg>
<status status="PASS" starttime="20230422 18:08:59.026" endtime="20230422 18:08:59.261"/>
</kw>
<kw name="Wait Until Element Is Visible" library="AppiumLibrary">
<arg>xpath=${Transferir2}</arg>
<doc>Waits until element specified with `locator` is visible.</doc>
<msg timestamp="20230422 18:09:00.894" level="INFO">xpath criteria: //android.widget.TextView[@text="TRANSFERIR"]
xpath criteria: //android.widget.TextView[@text="TRANSFERIR"]</msg>
<status status="PASS" starttime="20230422 18:08:59.262" endtime="20230422 18:09:00.894"/>
</kw>
<kw name="Wait Until Element Is Visible" library="AppiumLibrary">
<arg>xpath=${X}</arg>
<arg>10</arg>
<doc>Waits until element specified with `locator` is visible.</doc>
<msg timestamp="20230422 18:09:01.037" level="INFO">xpath criteria: //android.widget.TextView[1]</msg>
<status status="PASS" starttime="20230422 18:09:00.895" endtime="20230422 18:09:01.037"/>
</kw>
<kw name="Click Element" library="AppiumLibrary">
<arg>xpath=${X}</arg>
<doc>Click element identified by `locator`.</doc>
<msg timestamp="20230422 18:09:01.040" level="INFO">Clicking element 'xpath=//android.widget.TextView[1]'.</msg>
<msg timestamp="20230422 18:09:01.633" level="INFO">xpath criteria: //android.widget.TextView[1]</msg>
<status status="PASS" starttime="20230422 18:09:01.037" endtime="20230422 18:09:01.634"/>
</kw>
<status status="PASS" starttime="20230422 18:08:57.513" endtime="20230422 18:09:01.634"/>
</kw>
<kw name="Deslizar menu" library="steps">
<kw name="Wait Until Element Is Visible" library="AppiumLibrary">
<arg>xpath=${Depositar}</arg>
<doc>Waits until element specified with `locator` is visible.</doc>
<msg timestamp="20230422 18:09:03.261" level="INFO">xpath criteria: //android.widget.TextView[@text="Depositar"]</msg>
<status status="PASS" starttime="20230422 18:09:01.637" endtime="20230422 18:09:03.262"/>
</kw>
<kw name="Wait Until Element Is Visible" library="AppiumLibrary">
<arg>xpath=${Transferir}</arg>
<doc>Waits until element specified with `locator` is visible.</doc>
<msg timestamp="20230422 18:09:03.378" level="INFO">xpath criteria: //android.widget.TextView[@text="Transferir"]</msg>
<status status="PASS" starttime="20230422 18:09:03.262" endtime="20230422 18:09:03.379"/>
</kw>
<kw name="Swipe" library="AppiumLibrary">
<arg>1073</arg>
<arg>1992</arg>
<arg>67</arg>
<arg>1988</arg>
<arg>1000</arg>
<doc>Swipe from one point to another point, for an optional duration.</doc>
<status status="PASS" starttime="20230422 18:09:03.379" endtime="20230422 18:09:05.305"/>
</kw>
<status status="PASS" starttime="20230422 18:09:01.636" endtime="20230422 18:09:05.306"/>
</kw>
<kw name="Clicar em Pagar" library="steps">
<kw name="Wait Until Element Is Visible" library="AppiumLibrary">
<arg>xpath=${Pagar}</arg>
<doc>Waits until element specified with `locator` is visible.</doc>
<msg timestamp="20230422 18:09:06.030" level="INFO">xpath criteria: //android.widget.TextView[@text="Pagar"]</msg>
<status status="PASS" starttime="20230422 18:09:05.307" endtime="20230422 18:09:06.031"/>
</kw>
<kw name="Click Element" library="AppiumLibrary">
<arg>xpath=${Pagar}</arg>
<doc>Click element identified by `locator`.</doc>
<msg timestamp="20230422 18:09:06.034" level="INFO">Clicking element 'xpath=//android.widget.TextView[@text="Pagar"]'.</msg>
<msg timestamp="20230422 18:09:06.210" level="INFO">xpath criteria: //android.widget.TextView[@text="Pagar"]</msg>
<status status="PASS" starttime="20230422 18:09:06.031" endtime="20230422 18:09:06.210"/>
</kw>
<kw name="Wait Until Element Is Visible" library="AppiumLibrary">
<arg>xpath=${X}</arg>
<arg>10</arg>
<doc>Waits until element specified with `locator` is visible.</doc>
<msg timestamp="20230422 18:09:07.691" level="INFO">xpath criteria: //android.widget.TextView[1]</msg>
<status status="PASS" starttime="20230422 18:09:06.211" endtime="20230422 18:09:07.691"/>
</kw>
<kw name="Click Element" library="AppiumLibrary">
<arg>xpath=${X}</arg>
<doc>Click element identified by `locator`.</doc>
<msg timestamp="20230422 18:09:07.694" level="INFO">Clicking element 'xpath=//android.widget.TextView[1]'.</msg>
<msg timestamp="20230422 18:09:07.865" level="INFO">xpath criteria: //android.widget.TextView[1]</msg>
<status status="PASS" starttime="20230422 18:09:07.691" endtime="20230422 18:09:07.865"/>
</kw>
<status status="PASS" starttime="20230422 18:09:05.306" endtime="20230422 18:09:07.866"/>
</kw>
<kw name="Clicar em Bloquear cartão" library="steps">
<kw name="Wait Until Element Is Visible" library="AppiumLibrary">
<arg>xpath=${Bloquear_cartão}</arg>
<doc>Waits until element specified with `locator` is visible.</doc>
<msg timestamp="20230422 18:09:09.466" level="INFO">xpath criteria: //android.widget.TextView[@text="Bloquear cartão"]</msg>
<status status="PASS" starttime="20230422 18:09:07.869" endtime="20230422 18:09:09.466"/>
</kw>
<kw name="Click Element" library="AppiumLibrary">
<arg>xpath=${Bloquear_cartão}</arg>
<doc>Click element identified by `locator`.</doc>
<msg timestamp="20230422 18:09:09.470" level="INFO">Clicking element 'xpath=//android.widget.TextView[@text="Bloquear cartão"]'.</msg>
<msg timestamp="20230422 18:09:09.638" level="INFO">xpath criteria: //android.widget.TextView[@text="Bloquear cartão"]</msg>
<status status="PASS" starttime="20230422 18:09:09.467" endtime="20230422 18:09:09.639"/>
</kw>
<kw name="Wait Until Element Is Visible" library="AppiumLibrary">
<arg>xpath=${clicar_fora_do_elemento}</arg>
<doc>Waits until element specified with `locator` is visible.</doc>
<msg timestamp="20230422 18:09:09.784" level="INFO">xpath criteria: //android.widget.TextView[@text="NuConta"]</msg>
<status status="PASS" starttime="20230422 18:09:09.639" endtime="20230422 18:09:09.784"/>
</kw>
<kw name="Click Element" library="AppiumLibrary">
<arg>xpath=${clicar_fora_do_elemento}</arg>
<doc>Click element identified by `locator`.</doc>
<msg timestamp="20230422 18:09:09.787" level="INFO">Clicking element 'xpath=//android.widget.TextView[@text="NuConta"]'.</msg>
<msg timestamp="20230422 18:09:11.248" level="INFO">xpath criteria: //android.widget.TextView[@text="NuConta"]</msg>
<status status="PASS" starttime="20230422 18:09:09.784" endtime="20230422 18:09:11.248"/>
</kw>
<status status="PASS" starttime="20230422 18:09:07.867" endtime="20230422 18:09:11.248"/>
</kw>
<kw name="Clicar em Cartão virtual" library="steps">
<kw name="Wait Until Element Is Visible" library="AppiumLibrary">
<arg>xpath=${Cartão_virtual}</arg>
<doc>Waits until element specified with `locator` is visible.</doc>
<msg timestamp="20230422 18:09:12.718" level="INFO">xpath criteria: //android.widget.TextView[@text="Cartão virtual"]</msg>
<status status="PASS" starttime="20230422 18:09:11.250" endtime="20230422 18:09:12.719"/>
</kw>
<kw name="Click Element" library="AppiumLibrary">
<arg>xpath=${Cartão_virtual}</arg>
<doc>Click element identified by `locator`.</doc>
<msg timestamp="20230422 18:09:12.722" level="INFO">Clicking element 'xpath=//android.widget.TextView[@text="Cartão virtual"]'.</msg>
<msg timestamp="20230422 18:09:12.956" level="INFO">xpath criteria: //android.widget.TextView[@text="Cartão virtual"]</msg>
<status status="PASS" starttime="20230422 18:09:12.719" endtime="20230422 18:09:12.956"/>
</kw>
<kw name="Wait Until Element Is Visible" library="AppiumLibrary">
<arg>xpath=${X}</arg>
<doc>Waits until element specified with `locator` is visible.</doc>
<msg timestamp="20230422 18:09:14.633" level="INFO">xpath criteria: //android.widget.TextView[1]</msg>
<status status="PASS" starttime="20230422 18:09:12.956" endtime="20230422 18:09:14.633"/>
</kw>
<kw name="Click Element" library="AppiumLibrary">
<arg>xpath=${X}</arg>
<doc>Click element identified by `locator`.</doc>
<msg timestamp="20230422 18:09:14.637" level="INFO">Clicking element 'xpath=//android.widget.TextView[1]'.</msg>
<msg timestamp="20230422 18:09:14.880" level="INFO">xpath criteria: //android.widget.TextView[1]</msg>
<status status="PASS" starttime="20230422 18:09:14.633" endtime="20230422 18:09:14.880"/>
</kw>
<status status="PASS" starttime="20230422 18:09:11.249" endtime="20230422 18:09:14.880"/>
</kw>
<kw name="Fechar app" library="base" type="TEARDOWN">
<kw name="Capture Page Screenshot" library="AppiumLibrary">
<doc>Takes a screenshot of the current page and embeds it into the log.</doc>
<msg timestamp="20230422 18:09:15.353" level="INFO" html="true">&lt;/td&gt;&lt;/tr&gt;&lt;tr&gt;&lt;td colspan="3"&gt;&lt;img src="data:image/png;base64, iVBORw0KGgoAAAANSUhEUgAABDgAAAkkCAYAAAD508+vAAAAAXNSR0IArs4c6QAAAARzQklUCAgI
CHwIZIgAACAASURBVHic7N15fJT1oe/x7zNLZsm+JyQhkEDYVwFFBBH3rVqtrT12t723PZ721vbe
0+Xcnp5jW9vec2xvW7uf21atrVprq23dqoiACgiyCcgS9pBAyL5NJjPz3D8GBmK2SZgsP/i8Xy98
MZmZZ0FB5pPfYt1X8StbAAAAAAAABnOM9gUAAAAAAACcKwIHAAAAAAAwHoEDAAAAAAAYj8ABAAAA
AACMR+AAAAAAAADGI3AAAAAAAADjETgAAAAAAIDxCBwAAAAAAMB4BA4AAAAAAGA8AgcAAAAAADAe
gQMAAAAAABiPwAEAAAAAAIxH4AAAAAAAAMYjcAAAAAAAAOMROAAAAAAAgPEIHAAAAAAAwHgEDgAA
AAAAYDwCBwAAAAAAMB6BAwAAAAAAGI/AAQAAAAAAjEfgAAAAAAAAxiNwAAAAAAAA4xE4AAAAAACA
8QgcAAAAAADAeAQOAAAAAABgPAIHAAAAAAAwHoEDAAAAAAAYj8ABAAAAAACMR+AAAAAAAADGI3AA
AAAAAADjETgAAAAAAIDxCBwAAAAAAMB4BA4AAAAAAGA8AgcAAAAAADAegQMAAAAAABiPwAEAAAAA
AIxH4AAAAAAAAMYjcAAAAAAAAOMROAAAAAAAgPEIHAAAAAAAwHgEDgAAAAAAYDwCBwAAAAAAMB6B
AwAAAAAAGI/AAQAAAAAAjEfgAAAAAAAAxiNwAAAAAAAA4xE4AAAAAACA8QgcAAAAAADAeAQOAAAA
AABgPAIHAAAAAAAwHoEDAAAAAAAYj8ABAAAAAACMR+AAAAAAAADGI3AAAAAAAADjuUb7AoARZ0lZ
49N08cemq3xpsTKKUs56zpJsW5IUCduq3deot/9Sqa1P7VN7Y0CyR+maAQAAAAD9su6r+BUf2XDe
s2XL7XXp+n9drJk3lcnhdsjhsOJ/f8RWZ2uXXv3RZm14ZCehAwAAAADGGAIHznuW09IHf361ypaM
kyxLVvxdowfbjv7jWzMfkh029LeOJbm9Lrk8TlmnIo8dsdUVCCnSZSsSjozyBQIAAADnhzm3TVb6
uOR+X7P6wS0jdDXnP6ao4Lw2fmGBPvzQdXI4z6FqnMWyov+Ye9tkbf7DnoQcc1hYUpLfLX+GRy21
HQoHw3K6HfKme5Sc6VX+1CzlTc1Uki/6R0BXIKyaXXVqOd6upmNtam8IKNjW1etxAAAAcH7wpiUp
ryJTKbl++bO88qUlqaM5qPb6gFpr23ViT4MCzcHRvsyEyyhKUWNV64ica857J6l0UUG/ryFwJA6B
A+cnS7rxviWad0fFOY3Y6MuKL1ykzU/ukWwpqzRN9YeaE3+SobIkf4ZX066doHnvr9DKBzbqxO4G
5VZkavYt5SpfWqzkbG+vb42EIzpZ2aRNj+1W5eqjCndFNHl5iea9v0Iv/+dGHd54nMgBAABgqMIZ
2Zp46ThNuKRQ+VOzlJLjG/A9rSc7dPydeh18o1r73zimmh11I3Clw2fhh6Ypa3yaXrh//WhfCoYB
gQPnH0v6b3++RflTs4btFN50T+zn8z8wRc01bdrw8M5hO99gJPncmnLleF395YVyeZy66ZtLVLn2
mGbdXCa3r/tveduW7EhEDmd0QyWH06G8ikxd+y+LVPcPU3XkrROadXOZXB6nrvvfF+uvX3tdRzYd
H43bAgAAwBBkFKdq7u2TNPvWSUoflzLwG94lJcenlMuKVH5Zka6U1HSsVdv+vE9b/rhPjUdbEn/B
w2jBXdN03dcu0YaHxsbf25F4BA6cX07Fjbwpwxc3JMlyWCqak6uqLbWq2npCt/9gheyIrTd/u2tY
zxsPT6pbFVeWyOFyyHJYSh+Xovnvr5AUDRrhYFiB5k6FOsPqbOtSoDGo5ByvLKdDSX6XfGkeubxO
5U7KUO6kjNj7fBleVVxRQuAAAAAwQOHMHC27Z44qVoxP6HHTx6Vo6T/O1dJ/nKvdLx/Wmp9sVfXb
JxN6juGw4K5puv5fLxm24xdMy9I1X7lYpRf3Px2lN1/b/fFujw+tr9GL316vml31ibq8CwaBIwE8
qUlKL0hWe2OnWmvbR/TcDpdDmcUpCofshBbU0bync3HjfZcO68iNM2yVX1akqi21aq3tkGVJ1/7L
xareUaejm0+MwPn71lrboZUPbFJytk9Fc3JjX4+EbbU3BHR08wntfPaAavc16sSeBknRYOPP9Kjk
onzNvLFMxfPylJLriy1CGgqEtHfVEa3+MfMDAQAAxrLCmTlace98lV1WNOznmnLleE25crwq11bp
le+/NWZDx3DHDUm65qsXD7jWRrxKLy7QNV+5WA9/5LmEHO9CQuAYopk3l2nWe8pVNCdXvrOmK7Q3
BHRs+0m99dhu7X758LCcO3N8qhZ/YqZKLy5UVmlabAHNcCiik5WNOvB6tV7/r+1qO9kxqOOO5j0l
wviFBZp3x5QROZdlWcqryJQsyeWN/jayHJY++uj1+u783yoUGL11KuyIrdaTHTq0oSYWOCLhiOoO
NGvLk3u06bHd6uoI9XhPW11A77x4SPtWH1X5kiJd+b8WKKs0TZbDUqAlqD0vH+7xPgAAAIwdJfPz
dNv3liutsP9dOxKt/LIi5ZZn6KkvrNKRt0b3m33vNhJxQ1LC4kbseEMYCQICx6B505L03gcu16Rl
xb0+78/0atKyYpUvLdb2Zyr1l6+uVSSUuG03L/7YDF3+2XnypLh7POd0OZQ/JUv5U7I0572T9OK3
N2jbn/cNeMzRvqdEcDgd+vBD1w3LgqJ9Sc3zRxcZHZ8W+5rlsPTfn75VD177pCyN4MWcxXJayihK
0ZzbJkuKxov6Qy164ZvrdOCN6gHfHwqEtW9Nlbo6w7r5W0uUVpAsX5pHM99TrsrXqkY13gAAAKB3
i++eqRVfXJCw3QMHK60wWR/57Q16+T83at2v3h6Va3i3kYobGDsco30BJnF5nPrgL67uEQKCbV1q
rm7r9sHPsqTZt5Trtu9dnrDzX/65ebr6y4u6xY1QIKz6Q81qrGpVuOtMdPBleHTz/Ut00Z1T+z3m
aN9TItiydecvrhrxP8zdPpdkSeMX5se+ZlmWMkvTlF2aPqLXcjZvapKm3zAxtlNKoDmot/+yP664
cVo4GFb19pPa9udK2RFbLq9TxXNzNWFR4XBdNgAAAIbA5XHqtu8v11X/vHDU4sZpDqelq7+0ULd9
f7lcHueoXgtx48LECI5BuOLz81U8Ly/2uOFIi1794WbtePaAIqGIPKlJWnjXVF36qdmxCDHt2gm6
9FOz9Povt5/TucsuK9Jln54dG6EQ6gxr/UM7tO7XO9ReH5AkpY9L1qWfnKX5d06Rw+mQw+nQii9c
pENv1uhkZeOYu6dEcXtdKrt0XL+vsW1bVoKHd5zeLrVgena3r1uWdPeTN+s/Fj0q2Qk95cAsKTnL
q+nXTYheYyiimp11WvfrtyVLSvK7lZLjUyRsq62uIzblxHJY8qS45c/0KhKKqKW2Q4GWoHY9f0Cz
by1XWkGykrO8WnDXVFWurZIdGekbAwAAwLv5Mjy661fXqnBG9sAvHkEzbpiolByfnvzcK2pvCIz4
+YkbFy5GcMQpoyhFC/5hWuxxY1WrfvuxF7T9mcrYdI3OlqDW/mybnvzcSnW2BGOvXXz3THnTks7p
/JfePTO2ladtS89/c51WPrApFjckqelYm567b53W/Hhr7Gve9CQtvnvmmLynRLn+Xxert7kpth1d
WLO5uk0H36jW+t/s0Mv/sVEvfnuDXv/ldh1cV62T+5vUFQjJjtiyB/mZve3Ur31GUc/ttjwpbuWW
Zwzpfs6F0+VQRnGqMopTJUmBpqB2PHtAXR0hub0uVVxRoo88cr3u+NEVKltyJgp5Utya9/4p+sgj
1+v2/7tceZMzZEdsNVW3acdf90ePneRU1oT0buuzAAAAYPTc8aMVYy5unFa6qEDv++EVI35e4saF
jcARp4v+Yapc3jPDrF753qY+dy3Z/9oxrf35tthjf6ZX8z8w9MUv0wqSNf6sRWsOb6jR5if29Pn6
1T/eotq9Z0ZsTL68WA5Xz3/Vo3lPCWNJs24ui/UN247+2PLUXv1oxR90/6yH9MMr/6BXf7RZ2RPT
dfln5+nqLy3UJZ+YoRN7GvTTG57Sd+Y+ou/O/62ev+8NhTrDcYeOk5VN8md45UzqOfzOcli64d8v
TeCNxsfhcig13x97HOoM6+T+JknRkS5Fs3OVmu9X5vi0bgshJfndKltcqNR8v9KLUlU4K0eSFGwP
6dCbZ7aFdSU5lDXhzJojAAAAGD0v3r9+zK6PFgqE9eL960f0nJd9Zg5x4wJH4IjThLM+DNYfatbb
p76r3ZfXf7ldLcfPbK86cXH/Uyj6M3l5iZxnBYqdLxwc8D17Vp7Z7SQ5x6fSs9aJOG007ylRMktS
Zbkcsu3ouiFPfm6lvjX9N/rLV9cq2Nal2x64XF/d/hF99Hc3atLlxXJ5nbIclizL0tqfbY1OIbGl
ro6QNv7uHX179sN68KondWz7yX5Dh21LB14/pkUfma6+5qEUzc2VNcLzIJ1uR3Tx01PCwbDqD0YD
RygYVu3+RjUcaVH9oWbV7jsTwUKdYdW8U6+GIy1qONyshkPN3d7fXh9Qe31Ana1d8mUwggMAAGAs
qNlVr6e/vGa0L6NXT395jWp21Y/Y+S7/7Dxd8fn5I3Y+jE2swRGnnElnphtUv10X13sOvHFMs2+d
JEn9Dh27/uuLNfuWcoVDEa379Q6t/enWbs/nT8vq9njvKwNv1br/9WNa8t9nxx4XzszpscjkcN7T
SFn8iZmyJD3/jXXa+Ltd0dZgSe//8QpVrCjtc1cV27bV3tDZ63ONR1v0X+97Rlnj0/SZZ98rp7vn
CA07EtGBN6p16wPL+lzbw+GwlJbvV9OxtiHe3eA5XA4l5/hij8OhiNrqolNpgm1d2vrUPh3eUKNw
V0QNR86M1mlvCGjVDzZr6x/39vJcp159cIskKRQIqamqdYTuBgAAAAPZ+dwBFc7I1qWfmjXalxLz
+i+3a+dzB0bsfJd/dp6W/dPcETsfxi5GcMTBm5akJP+ZnUuaquP7gHf8nTPF0pfhUdGc3B6vKZmf
p4s+OFVJyW750j1ads/cHt8hTx93Zh/rjqbOuD4wV++o67YQZPbE7rt6DOc9jaSiObn6j0W/08ZH
o3GjaG6uvrr9I/3GDUmqP9Qiu58hGpYsNRxu0bdnP6Jdzx/sMZojHIyoYGaWfOnevk9iWZpyVekg
72h4hYPRKStnB4yBnuto6tTGR3dp46O7tOWPe3ViT8NIXS4AAADi8PIDG7Vv9dHRvgxJ0r7VR/Xy
AxtH7HzEDZyNwBGH5KzuH2JP754xkLOnc0jRtTTezZvu6fZB3Ol2yJPSffFOf+aZ83c09j7q4N06
W4LqbOk6c57U7sccznsaSb987zPRxU+t6I4wH/v9jXK6nf3GDUk6uvlEXDuc2BFbT37+FT39pdXd
IsfmP+zRnT+9ut/zWJZUvrQovhsZJpbDktvnStgPl9cZW+wWAAAAY4QtPXXvKtUdaBrVy6g70KSn
7l01YjsJEjfwbkxRiUNTdZvsiC3LEf00602Lbw2CQHOw22N/Vs/v9leuqVLVlloVzY2OhNj1wsEe
C326fWf+NXUFQnFfdygYkhQNG0nJ7m7PDec9jThLuvNnV2nS5SUDho3Tjm0/Gf/xbWn705XqaOjU
nT+/SpJ0eONxLfzw9AHfmjMKO6mczZPi1rRrJ/T5/NmLs8YjHAzr+Dv1sYVLAQAAMDZ0tnbp8U+/
pLufvFme1JHf7bCzJajHP/2SOlu7Bn5xAhA30BsCRxxCnWEFmoOxqSO5k+P70BoJR7o99rwrMkhS
JBTRb+56VhMuKVQoENLhjcd7vObsBUYjofhzaCh45vxJ/u7/qofznkaSLVt3/uTqQcUNSWqOc0rO
2fatPqqnvvCqFn9iht77vcvjOp8/c3QX5EzN8+uW7y5N2PHa6wN69cEtBA4AAIAxqO5gs/547yp9
8BdXx76RORLsiK0/3rtKdQebR+R8xA30hbHmcTp77YniOXlKyfX38+qoyVeUdHvc15oPkVBE+9dW
9Ro3JCXkD6feFsIcznsaKYs+PF2Trxhc3LBtu1v8GYydzx9QelFKt+jUn3hfBwAAACRC5Zoq/f07
b47oOf/+nTdVuaZqRM5F3EB/GMERp4PrqjXhkkJJksvr1GWfnq3nv7Guz9dPXFyoiz4wtdvXujri
n14yEs6He7r2qxcPKm5I0dgzpJEnlvSBn16p5GzfwK89ZTBTihLBDtvqaAyo6VjidjpxuLpvPQsA
AICxbf1DO5Rdlq6L7pwy7Ofa9NhurX9ox7CfRyJuYGAEjjhteny3Fn54upKzo2tOzL9ziqq21mr7
M5U9Xjv16lLdfP9lcnm7by8abB9bgeN8vKd4ZZamDe4NlnTrfyzT5OXjB/W21tqOwZ3nHHW2dmnz
H/Zqz8ojCTtmZkmqbvv+8oQdDwAAAMPv+fvWKW9yhkouyh+2cxzZdFzP39f3N0gTibiBeBA44tRe
H9D63+zQii9eJCk69eA931mqaddO0IE3jqm9PqDUgmSVLRmnskvHyXJYioQj3XacaKsb2Q+7Azkf
7sm2bVka/BSe4nmD2N7Wkj72uxtUPC9/0KNFanbWD/yiBIqEI2o61prQERyjPUoHAAAAgxcJR/TE
PSv1qT+9R2mFid/5sLm6TU/cs7LHGn3DgbiBeBE4BuG1X2xT1oQ0zb19siTJ4bQ05arxmnJVz+/q
B5qD2vLkHl3yiZmxr9XubRzSeROxzkUk0vsxRuueEqVuf3PcC6SerXB6jmRpwC2sPKlJ+sJrd8rl
cfb/wl7YtrTnlcODft85saKhynFq7Q/bthUKxLcFMAAAAM4v7Q0BPf6Zl/Txx27qMRL7XIQCYT3+
mZfU3hBI2DH7QtzAYLAC4iD95atrtf6hHQoH+/7QeGTTcT3y0ee7bZHU2RJUc03bkM559joOTnf8
/8rOfm2kq++yOhr3lCg7/rZ/SO9LzffJ4ej719LhcuiGf1us//XmXUOKG5Ik29b+144N7b1D5HQ7
lT81S9OunaBp105Q+ZKiczugFY1ep9l2z510AAAAMHbV7KrX019ek9BjPv3lNarZNfwjlZf/j/nE
DQwKIziG4MX7N+itx/do9i3lypuSKV+6R8H2kJqOtWrncwdiH2ov/dSs2HtOVg59W82us9a5cCXF
/2H77A/mwfb+96Me6XtKlLee2K3LPzdv0DvNWA6HcidndNtJRopGoSs+P1+LPjpDDpdj0FNSztbV
EVJHU+fQDzAEbq9Tk68o0bJ7ov8jOFnZqH1rqvqNV/1xup1KK0yJPY6EImo53p6QawUAAMDI2Pnc
ARXOyO72d/mhev2X27XzuQMJuKr+Xfe1S7TwQ9OG/Tw4vxA4huhkZaNWfm9Tv68Zf9aCPlVba4d8
rkBLMPZzX6Ynrve4fS55Us7sFBLPB+2RvKdEaasPKNjWJU9q0qDeZ1nRHVh++4kX5E1N0oybJmrx
J2YprTD5nKLGabYtbXumcsApMIkWCoZVt/9MeHJ5XcqbnKHqHXVDOp4ryaHssvTY43BXWM3Voztq
BwAAAIP38gMblTclU5OWFQ/5GPtWH9XLD2xM4FX1jriBoWKKyjCZfEWJUvPPbK25b/XRIR+r4XBL
7Oe+dI/SCgZeJKhgWla3xUAbq8590clE3lPC2NLan23TUJYpGb+oQF98/YO69/U7de2/XKL0cYmJ
G9HrsrXyP4f/D/93CwcjqjvYrPCpKUmeFLfKlxUPeoTLaUl+twqmZ0mKRpvOti7VH2pO2PUCAABg
hNjSU/euUt2BoY3CrjvQpKfuXTXs38AjbuBcEDiGydJPz4n9/NjbJ1W5tmrIxzqxp6Hb48nLSwZ8
T+nFhd0e1+wc2nfwz5bIe0qk1//fdg2lcFiWtO3pfZKtxIWNU07sbVBnW//TgoaDHbHVXt+hY9tP
SpK8qUmaft2EbmEqXs4kpwqmZ2vqVaWSpFAgpJoddeyqAgAAYKjO1i49/umX1F4/uMVB2+sDevzT
L3Vbj284EDdwrggcw+CGf1usorlntiHd9Lt3zul4+9dWxb4jL0kVVw4cOM4eehZs7zrnxS4TfU8J
ZUt//+6bQ3rrgrum6XeffHFII0D6vJyIrf+67S8jPj3ltLb6gDY8tEOhQFiWw1JaYbLm3DpJzkGs
32I5LWWXpmnpP86R2+eSbUe3BN7+TOUwXjkAAACGW93BZj1xz8sKh+JbOD4ciuiJe15W3cHhHcVL
3EAiEDgSKKMoRe//8ZW66INTY187tKFGW/6495yO21jVqsMba2KPy5YUqWJFz21cT5txw0QVz8uL
PT64rnrI33UfrntKtPUP7RhSUXY4LS27Z65evH+97D620h0M25befGSXInH+D2M4hAJhHd1SG/tv
xpuapJnvKdf4BflxbQ/mTHIqtyxD8+6oUNGcaNQKd4Z1dHOtDrxRPazXDgAAgOF35K0TeuEb6+N6
7QvfWK8jb50Y1ushbiBRWGT0HHjTkpRXkan8qVkqXVSg8qVFSvKfWdiz/lCznvnK2gGPc/3XF2v2
LeUKhyJa9+sdWvvTrT1e8+Zvd6l0UaEcTksOp6Wb71+i5/7NoZ3PH+z2uhk3TtQNX780NuUiEra1
/qGdI35PI86WfnzNk7p37Z2DXm+iZH6eNjy8U09/abVu+T+Xn9N0lZbjbXrxOxuGfoAEaW8MaNPj
u5U/LVvJ2V5lT0jTDV9frFe+v0lHt9Sqo6lToc5wLOpYDktur0tuv0uF07O17J65sRE7kXBEx3fX
67VfbBvNWwIAAEACbXrsHeVPy9JFd07p5zW7temx4R25TdxAIln3VfxqlAbSm2vSsmJ94GdXyeHs
+5Pwse0n9acvvjrggowl8/P00d/dGPtQHe6K6PuXPaaOxp67ntz4jSWa//6K2GPblk7sro8uFGRZ
yp6YpryKrG4f0Dc8vFMvfGvgOpvIexpNU64arzsevHLQkSIStvV/lz0uV5JDn335jiEtyhkORfTA
Jb9X51m73oympGS3Zr2nXJd/dp6Ss72SoqM7Dm86rp3PHtDx3fUKtocUCUXkSXGrcGaO8qdlado1
E2Kvj4QjOrGnUS99dwOjNwAAAM4zDqdDH3nkOpWctVPiaUc2HdfDH35ekfDwjUwerbix4aGdeuH+
+EawxOtruz+e0ONJ0jem/DrhxzzfMYJjCE6PouhN28kObXpst9b8dGtc0xS86Z5uH8adboc8KUm9
Bo6/fe01WZY0930Vsqzowpj5U7OUPzWrx2ttW3rz4fh/4ybynkbT7pcOa/WDm7Xsn+YNKnI4nJbu
XfMB3T/zYX1rxkP6xOM3qnBmTtyhIxK29eCVT46ZuCFJwbau6JoZtrTsn+bIn+WVy+tU2ZJxKlsy
TlI0YHQ0BmNB4zTbjk5Lqa1s1OoHtxA3AAAAzkORcERP3LNSn/rTe5RWeGanxubqNj1xz8rzMm7g
/EbgOAfhUESBpqBaTrTrZGWjDm2o0fZnKge13kXlmipVbamNTQfY9cJBNR5t6fP1f/3fr6lyTZUu
/eRMFczI7rYVrBT9Q+rYtpNa+/Nt2vvKkVG5p9G2+sEtioRtLf/cvEGNxLAclr6y/SP64fIn9P/u
+KvyKjJ1+w+WK3tCumRJVh/FJNwV0YNXPanm422JuoWECbZ1advT+xRo7tSCu6Ype0KafJme2H83
DqejW9ywbSkcDKu9IaCjW2q17tdvq2pL7WhdPgAAAIZZe0NAj3/mJX38sZvk8joVCoT1+GdeUnvD
4HZaGYzzMW50tgTlSU1K6PEweExRGQKHyyGH01KoM5yw4024pFChQEiHNx6P+30ZRSkavyBfyTm+
6C4XtR069GaNmmsG/0E70fc0FpQuKtCHfnNdv9NuehPuCuuxT7+s/ae2wc0sSdVln5mj2beWy3JE
w8Dp1tFa266fXP8nBdu6dOfPr9LhN49rz8rDyihO1d5Vgw9Mwykp2a3p103Q7FsnKTXfL6fbKVeS
IxaBIuGIAi1dOlnZqHdePKR3/n7IqLAFAACAoZtxw0Td9v3leureVdrx7IFhO89YiBvDMUXl8s/O
07J/mpuw461+cIte/dHmhB3vQkHgwHnN5XXqnudvV2qBv88RGL2JRGztX1ul33/q77GvWQ5Lbr9L
BVOzNOe2yepqD+mFs3ZfufJ/LlCoM6y2ug4l5/j06g/H5h9IDqdDqfl+pRUmK6s0LboNbMRWR0NA
1Tvq1HCk7xFEAAAAOH8Vzc0d1tG7OWXpmnFj2bAdP15Ht5xQ5ZqqhB+3dFGBJlxceM7HObi+Woc2
1Az8QvRA4MD5z5IKpmXro49eL7fPPai1OeyIrT//82q9/df9Ujy/UyzF9zoAAAAAQEIROHBBKZiR
reu/dokKZ+WcWofC7ndkh21HI0dXe5cevftFVW1lPQoAAAAAGIsIHLggOZwOpRb4Ne2aUpUvLVZO
ebr8mV65PE51tgXVeqJDNbvqtWflYVWuqVJHUycjMwAAAABgDCNwAAAAAAAA4zkGfgkAAAAAAMDY
RuAAAAAAAADGI3AAAAAAAADjETgAAAAAAIDxCBwAAAAAAMB4BA4AAAAAAGA8AgcAAAAAADAegQMA
AAAAABiPwAEAAAAAAIxH4AAAAAAAAMYjcAAAAAAAAOMROAAAAAAAgPEIHAAAAAAAwHgEDgAAAAAA
YDwCBwAAAAAAMB6BAwAAAAAAGI/AAQAAAAAAjEfgAAAAAAAAxiNwAAAAAAAA4xE4AAAAAACA8Qgc
AAAAAADAeAQOAAAAAABgPAIHAAAAAAAwHoEDAAAAAAAYj8ABAAAAAACMR+AAAAAAAADGI3AAAAAA
AADjETgAAAAAAIDxCBwAAAAAAMB4BA4AAAAAAGA8AgcAAAAAADAegQMAAAAAABiPwAEAAAAAzSkn
egAAIABJREFUAIxH4AAAAAAAAMYjcAAAAAAAAOMROAAAAAAAgPEIHAAAAAAAwHgEDgAAAAAAYDwC
BwAAAAAAMB6BAwAAAAAAGI/AAQAAAAAAjEfgAAAAAAAAxiNwAAAAAAAA4xE4AAAAAACA8QgcAAAA
AADAeAQOAAAAAABgPAIHAAAAAAAwHoEDAAAAAAAYz+VL94z2NQAAAAAAAJwTRnAAAAAAAADjETgA
AAAAAIDxCBwAAAAAAMB4BA4AAAAAAGA8AgcAAAAAADAegQMAAAAAABiPwAEAAAAAAIxH4AAAAAAA
AMYjcAAAAAAAAOMROAAAAAAAgPEIHAAAAAAAwHgEDgAAAAAAYDwCBwAAAAAAMB6BAwAAAAAAGI/A
AQAAAAAAjEfgAAAAAAAAxiNwAAAAAAAA4xE4AAAAAACA8QgcAAAAAADAeAQOAAAAAABgPAIHAAAA
AAAwHoEDAAAAAAAYj8ABAAAAAACMR+AAAAAAAADGI3AAAAAAAADjETgAAAAAAIDxCBwAAAAAAMB4
BA4AAAAAAGA8AgcAAAAAADAegQMAAAAAABiPwAEAAAAAAIxH4AAAAAAAAMYjcAAAAAAAAOMROAAA
AAAAgPEIHAAAAAAAwHgEDgAAAAAAYDwCBwAAAAAAMB6BAwAAAAAAGI/AAQAAAAAAjEfgAAAAAAAA
xiNwAAAAAAAA4xE4AAAAAACA8QgcAAAAAADAeAQOAAAAAABgPAIHAAAAAAAwHoEDAAAAAAAYj8AB
AAAAAACMR+AAAAAAAADGI3AAAAAAAADjETgAAAAAAIDxCBwAAAAAAMB4BA4AAAAAAGA8AgcAAAAA
ADAegQMAAAAAABiPwAEAAAAAAIxH4AAAAAAAAMYjcAAAAAAAAOMROAAAAAAAgPEIHAAAAAAAwHgE
DgAAAAAAYDwCBwAAAAAAMB6BAwAAAAAAGI/AAQAAAAAAjEfgAAAAAAAAxiNwAAAAAAAA4xE4AAAA
AACA8QgcAAAAAADAeAQOAAAAAABgPAIHAAAAAAAwHoEDAAAAAAAYj8ABAAAAAACMR+AAAAAAAADG
I3AAAAAAAADjETgAAAAAAIDxCBwAAAAAAMB4BA4AAAAAAGA8AgcAAAAAADAegQMAAAAAABiPwAEA
AAAAAIxH4AAAAAAAAMYjcAAAAAAAAOMROAAAAAAAgPEIHAAAAAAAwHgEDgAAAAAAYDwCBwAAAAAA
MB6BAwAAAAAAGI/AAQAAAAAAjEfgAAAAAAAAxiNwAAAAAAAA4xE4AAAAAACA8QgcAAAAAADAeAQO
AAAAAABgPAIHAAAAAAAwHoEDAAAAAAAYj8ABAAAAAACMR+AAAAAAAADGI3AAAAAAAADjETgAAAAA
AIDxCBwAAAAAAMB4BA4AAAAAAGA8AgcAAAAAADAegQMAAAAAABiPwAEAAAAAAIxH4AAAAAAAAMYj
cAAAAAAAAOMROAAAAAAAgPEIHAAAAAAAwHgEDgAAAAAAYDwCBwAAAAAAMB6BAwAAAAAAGI/AAQAA
AAAAjEfgAAAAAAAAxiNwAAAAAAAA4xE4AAAAAACA8QgcAAAAAADAeAQOAAAAAABgPAIHAAAAAAAw
HoEDAAAAAAAYj8ABAAAAAACMR+AAAAAAAADGI3AAAAAAAADjETgAAAAAAIDxCBwAAAAAAMB4BA4A
AAAAAGA8AgcAAAAAADAegQMAAAAAABiPwAEAAAAAAIxH4AAAAAAAAMYjcAAAAAAAAOMROAAAAAAA
gPEIHAAAAAAAwHgEDgAAAAAAYDwCBwAAAAAAMB6BAwAAAAAAGI/AAQAAAAAAjEfgAAAAAAAAxiNw
AAAAAAAA4xE4AAAAAACA8QgcAAAAAADAeAQOAAAAAABgPAIHAAAAAAAwHoEDAAAAAAAYj8ABAAAA
AACMR+AAAAAAAADGI3AAAAAAAADjETgAAAAAAIDxCBwAAAAAAMB4BA4AAAAAAGA8AgcAAAAAADAe
gQMAAAAAABiPwAEAAAAAAIxH4AAAAAAAAMYjcAAAAAAAAOMROAAAAAAAgPEIHAAAAAAAwHgEDgAA
AAAAYDwCBwAAAAAAMB6BAwAAAAAAGI/AAQAAAAAAjEfgAAAAAAAAxiNwAAAAAAAA4xE4AAAAAACA
8QgcAAAAAADAeAQOAAAAAABgPAIHAAAAAAAwHoEDAAAAAAAYj8ABAAAAAACMR+AAAAAAAADGI3AA
AAAAAADjETgAAAAAAIDxCBwAAAAAAMB4BA4AAAAAAGA8AgcAAAAAADAegQMAAAAAABiPwAEAAAAA
AIxH4AAAAAAAAMYjcAAAAAAAAOMROAAAAAAAgPEIHAAAAAAAwHgEDgAAAAAAYDwCBwAAAAAAMB6B
AwAAAAAAGI/AAQAAAAAAjEfgAAAAAAAAxiNwAAAAAAAA4xE4AAAAAACA8QgcAAAAAADAeAQOAAAA
AABgPAIHAAAAAAAwHoEDAAAAAAAYj8ABAAAAAACMR+AAAAAAAADGI3AAAAAAAADjETgAAAAAAIDx
CBwAAAAAAMB4BA4AAAAAAGA8AgcAAAAAADAegQMAAAAAABiPwAEAAAAAAIxH4AAAAAAAAMZzjfYF
AAAubA6nJYfLIcuyJEuSLUXCEdkRW5GwPdqXBwAAAEMQOAAAIy7J75I/0ytPapKSs71KyfUrKdkl
p9upro6QAs2dCjQHFWgOKtgeUmdrUJ2tXerqCMmOED0AAADQE4EDADBiPMlu5UzKUOGMbJXMz1d2
Wbq8qW7Jsnp/g22r5US7Tuxt1Ml9jao/1KzWEx1qrmlToCVI7AAAAEAMgQMAMCKyJqRp0tIiTb1m
gtIKk2XbtizLkm3bkm3LkmKhw7aj4cKSlJrnV0qeX+WXFSkUCKn+cIuObatV9Y461e5tVGttO1NZ
AAAAQOAAAAy/vMmZmveBCk1cPE5OtyMaNySFAiG1nuyITT8Jd0XkcDnk9jnl9rnkTfPIn+mJhRCn
x6m8yRnKnZShssuKdHxXvap31OnQhho1V7fKpnMAAABcsAgcAIBhlZrv1+zbJmniJYVyeZyybVvt
9QEdeP2Yavc2qq0uoGBHl0KB8KnAYcnlccntdSop2a3UPL8yx6dGf5SknZrSIqXl+5WW71fxvDyV
XJSnfauOqnJNlULB8GjfMgAAAEYBgQMAMGwcTkuTlhWrdGGBXF6XZNuq2VGnjY++o5OVjWpv7Bxw
HQ2nyyFfhke+TI/SCpI1blaOShcVKH1cimRJ3vQkTbykUNkT0lVyUZ62P7Nfx9+pH6E7BAAAwFjh
vKbo9n8b7YsAAJyf0salaMaNE5VTniHZUtOxVq38z02q3lGnYEdIimNKiR2xFWwPqb0+oKaqVp3Y
06Cjb51Q49EWpWT75E1PkuVwyJOapMySVOVPy5ZlSXUHmliEFAAA4AJC4AAADJuiObmavLzkVISw
9OZvd+ngupohhwfblkKBsNrqAzpZ2aRDG2oUDoaVXZYup8shh8shf4ZHeRWZ8qZ6VLu3kSkrAAAA
FwjHaF8AAOD8lZzllS8jukhoJBTRoQ3HFQlHzv3AthTqDKvpWKvWP7RTf/6fr6r67ZOSJMthyZ/l
1cyby7ToY9PlTfec+/kAAAAw5hE4AADDJinZLbcvutxTR3NQ4WEYTREJRVS7t1F/+uJqbX1qr8Jd
0YDi9rs0/doJWnjXVPkyiBwAAADnOwIHAGDYOJyWHA5LkhQOhod1G1fbtvXaz7fpjf/arkBTULIl
p8epaddN0IwbJsqT7B6+kwMAAGDUETgAAOeNSNjW23/Zr7U/36bmmjbJltw+l2bdUq7SSwrlTHKO
9iUCAABgmBA4AADnlVAwrMo1R7Xx0V1qre2QJSk526dZN5cpqzRVlmXFfSzLiu/HSBhL1wIAADAW
uUb7AgAAZnM4LaUWJCu9MFmelCS5vc7YJ+3cyRnSqQ/dbp9Lk68oVmdLV5/Hsm1b4c6wgh0htTcE
1HysTYGW4KCvKRQI68Ab1UrJ82vObZPlTXGrYHq2Kq4oUdOxNgXb+r4Gf6ZXOeXpSsn1y5kU3/cB
QoGQWk50qGZnnUKdiVtnJMnvUt6ULKXm++XyxDf6JByMqK2uQzW76tU5hF87AAAAUxE4AABDYjks
5ZSlq2RBvvIqMpU1Pk2+DI+S/K5Y1LAcjtiICW9aki75+ExJfS/EYUeisaCzrUuttR2qP9Ss2r2N
OrzpuFpPtA/q+gLNQe1bdVQ5E9M1cck4WQ5LFVeOV+WaKh1/p77X9UDSxyVr2rUTVLakSOnjkuV0
O+IaFtHVEVLTsVbtW12lzU/sji10ei68aUmafsNETV5eosyS1PgDR1dEzTVt2r+2StuerlTbyY5z
vhaMDUl+lxZ+aLoKZ2bLm5aktrqAdr98WDufPTDalwYAwJhA4AAADJonNUnlS4s0+fJiFUzPltvn
km3b/U7/sCxLTvfAscDlccqTlqT0wmQVzclVW31AJRflqXJ1lQ68cWxQ8aDpWKsq11YpZ1KG0sel
yJ/lVcWK8ard26hwqPtx3D6XypcWa8ZNZfKlJQ1qvofb51JOWbrSCpPVVNWqvauOxP3evkxaVqzZ
t05ScpZXliP+a3G6HcooStHM95Qr3BXRm4/sHNbFXd9t6T/OGdKuNZFQRF2BsNobAmo80qqjm0+o
o6lzGK7QTEnJbr3vB1coa0Ja7GsZxakqmpOr/KlZeuV7m0bx6gAAGBsIHACAQUnO8WnmTWWactV4
peT65XBasiO2LIelSCiiztag7FPtwO1zxbaJjYRtdbYEZUf6/rRtOSy5/a7oyAlFp6z4Mz0qX1qk
7InpSs33a+dzB9TZ2vcUk7NFwraObq5V6cX1Ss1PluWQyi8v1puP7lJHY/cPzyk5PhVMz4rGDUVH
gHQ0dcoeoA5YlqXUXJ9cXpeSfC5Nv37COQcOt8+lkovy5c/0SJYU6gyr+XhbXO9NzfXL5XUqyefS
+AX52v5MZY97HU4TLx2ntILkcz5OuCuik/sateeVI9rxt/0Jnfpjojm3TeoWN842/boJevuZStXu
axzhqwIAYGwhcAAA4ubP9Gj2LeXRbVdTk2JfP767QXtWHlbtngaFghGdnoYy44aJmnFTmSzLUntD
QK98b5PaGwJ9Ht+SJYfLUnKOT+Nm5WjyFSXyZ3plOS1llqRqzm2TZDktbfvTvrg/8HY0BlT99kkV
zclVSrZX/kyPiufm9YgQ3nSP/Jle2YpGi61/2quD66oVCQ00YsTSpZ+apZL5eXK4HMouS4/ruvrj
y/DIm54kh9MhO2Jr/2tV2vT7d+J674wbyjT71nLJYSkp2a2UHN+IBo5Ecbodyp+WpfxpWZpz2yRt
eGin3vn7odG+rFGTPaHv/64sh6X8qVkEDgDABY/AAQCIi9vnUsWK8Zpx46m4YUd3LNn0+91658WD
CjQHe0SHtrpAtHVYUqQroroDTWqtHXhNCIfT0pG3Tujtv+zX3DsqNP36CZIV3Q1lxg0T1VYX0J6X
D/c7GuQ025ZqdtartbZdKTk+KWKrZH7PwOFwWHI4z0wFaTnervqDzXFNiQk0d8amgZwefXIuHE5H
t2kp7Q2dqjvQHNd7W2rbY9NrLIclh8v8DdPSCpJ15T8vUOHMbL3y/bdG+3JGRWdr/wvG9hUOC2dk
6z3fXdrrc4GmTj1013PnfG0AAIwV5v+tBwAwIvIqMjXrlnJ5UqJxo7OtS6u+/5a2PLlHrbUdCZ1C
EAnbCrZ1qeFIi9b8ZIte+/k2yY5+bk8rTNaUFSXKntj7cP3eNB5piY5isG3JkvKnZyXsWofNCK6b
YQLLsjTjxjJd9c8LR/tSRsWuFw4p3NX777GGw806uL6m1+cspyW319XrD5eX73MBAM4vBA4AwICS
s7yactV4pY9Lia0Jse5Xb6tybdWwr40QCoS189mDeuuJ3af7hIrm5qp4bl7827gGw2o90aFQMCLL
ik53GcQaohhDpl5Tqnl3VIz2ZYy4mp11eum7G9Vc3X0tlqqttXr+G+vjmEoFAMD5j3QPAOjX6VET
ZUvGybZt2RFbe1Ye1sE3qkds4cdge5d2PX9I42blqGB6tpwuh4rn5+nQmzVqONwS1zE6mjoVDobl
8jjlcDqU5Hersy2+xUqRGPvXVuntv/W+paknxa2UXJ+K5+apeF5ev1N9FnxomvauOhLXdKfzyd5V
R7R31RHlTspQSq5fdQea1FwT3+KzAABcCAgcAIB+OT1OFc7IljfNI9u21VzTrgNvVKv15Mh+uGyt
bdeelUeUPzVLcljKLc9Qap5fDUda4prO0RUIRbeGtaNzXZJSCBwjraM5qMNv9j6V4rTNT+xR0Zxc
Xf2VRdE1U3rhSXZr3h0VWvOTrcNxmWNe7b5GFhQFAKAXTFEBAPTLleRUzuTM6FawlqXavQ2qPxTf
gpeJFOoMq/5gc+y79snZXqXk+eWMcxFNO2x3CyEOJ/8LHKuqttbqxfvX97vA64RLCkfwigAAgAkY
wQEA6JfD5VByljf2uK0uMGrbjgaag2o61qrUfL9kWfJneOR0O+Pa6QRmObbtpPa/VqXJy0t6fT59
XIoyilPUeLR1wGOVXVak4jm5yilPly/TqyS/Sw6XQ6HOsDoaOtVY1aJj205qz8rDCraH4rq+yctL
lDs5o9fn1j+0U+FgOHbuihUlyhiXIl+mR3bEVkdTUM3Vrapce0z7Xj0a1/oZ6eOSNePGsl6fCwXC
2vDIztjjxXfPjO3Ck5rv7/OYvnSPLv3UrG5fq9paq0Mb+h9lI0klF+Vr4uJC5ZRnKDk7+msqWeoK
hNReH1D9oWYd2XSix25FAAAMJwIHAKBflmUpye+KLcoZ6gzHPryNtHAwrGBbSNapi/GkJsnhim+1
0B6zWFhkdMw7uK66z8AhSflTs/oNHAvumqpp101QemFKn69JzfMrb0qmKlaM1+K7Z2rXCwe14eGd
A4aO0osLNPXq0l6f2/3SYVkO6YovXKT8KT137EnJ9St3UobKlxbr4o9N12s/3679a6v6PV9qfrLm
f2BKr891tgS7BY55d1TEvT1wb8fsL3CULirQxR+bobyKzF6f98mjtIJkFUzP1vTrJ2rxJ2fqrcd2
6+2/7o/regAAOBcEDgDAwCxLZ7YdGb39SyMRu9t3u51uR+w71Tj/1B/sfyqUL93T69ezJ6brqi8t
VO6k3kdY9MWTmqS576vQ+IUFev6+dUOeijV+Yb4WfHCqPKlJA742vTBF1//rJXrzt7u04eGdA75+
tDhcDq34wkWacvX4WGCMR1pBspZ/fr4qrhqvF7+1/oJbGBYAMLKYgAwAAMakgUZR9Ba38ioydfP9
SwYdN86WVZqmm765RMl9LHI6kCX/bXZcceM0y2Fp4Yemae7tk4d0vuGW5Hfppm8u0dRrSgcVN842
bmaObvk/y5RVmpbgqwMA4AwCBwAAp4ze2BT0JqO476klknrsgnN6lEFKbt/rTsQrrTBZy+6Zc87H
iZflsHTxx2Yoc3zqiJ0zXsv/x3yNX5B/zsfJLEnVNV9dJGeSMwFXBQBAT0xRAQAAY9JAO6XU7W/q
9nju7ZOV08/IjZP7GrV75WE1HmmRy+tS4fRsTbmmVJ5kd6+vL1tSpLyKTJ3Y0zD4iz+l5US7Wo63
y47YSitMVmpe3/HF7XNp8d0z9ezX3xjy+SSpcm2VHM7oSIuUPH+v64DEXrvmaLfHdQe6/5pOu7ZU
k1f0vQ6KJLWe7FBTVasioYhS8/3KKO470uSUZ+iyT8/Wqz/cPNBtAAAwaAQOAMCFIY7hGazmMXZk
T0xXxZXj+3y+o6lTx9+p7/a18mVFfb7+yKbjevpLa7p9be8rR7R31RHd8t2lcnl7/pXIcliqWFEy
pMDRcqJdr/1sm/at7h4QZt1Srks/OUtuX+9/BStdVKDUPL9aTrQP+pynvfDN9bGfj5udo9u+t7zX
13U0deq5f1/X77EW/MO0PqeldHWEtP43O7Tlj3u7fb38siIt++xcJWf3PsVn+vUTtPVP+9R4pKXf
cwMAMFhMUQEA4BSmqIwN4xfk68ZvXNrnyApJOrLxeI+vZfYzcmDj79/p9evVO+q0//Vjfb4vu2xo
a3n89V9e6xE3JGn705Va89Otsu3e/2tzup2aek3vu7OMtGnXTVB6Ue/ThOyIrVU/eKtH3JCiI0j+
9rXXe0whOs3pdmrubWNzvREAgNkYwQEAAEZE2ZJxaq8P9Pqcy+OUL92jnEkZyp6Y1u9iluGucI8P
1g6XQ7teOHjWbj/d1eys7/XrknRid4MqVvQ+WsSX0ftOLf0JBcM9pnqcbeezBzTj+onKn9b71JFx
s3Ml7Rr0eROt4oq+p6Yc3nhcu1863OfzJ/Y0aMdf9/e5te3ESwu16gfnfIkAAHRD4AAAXJCYjjLy
fOkeLfzQtHM+zvZn9veYNhIJRbTmJ1uHdLxAc7DP59yewS+IeWRTz9El71a5tqrPwDHQ4qojpb/1
THa9cHDA92/9417NvX2yHK6eA4aTs33nvL4JAADvxhQVAABgjEMbavT6L7ef0zH8mV5llaYppzxd
OeXp8md7+37xEEpYf8HktEMbavp8LiXXp+Ssfq5pBBTOyJYvvffRK10dIR14o3rAY7TVB1R3sLnP
50vm5w35+gAA6A0jOAAAFwhW2DCZbdvau/KIXn5gkyKhyP9n7z6D47rSNM8/6RPeEyQB0HtP0Ysi
KYkSJVGeciWpVCozFbPTE71uZqN3IzZ6ZufDbvT2l5nd3uruququkqql6pIpSSVDipRE7z1IggQN
QAKE9x7p9wOaaoJpkA5IXPD/i2BU6d685x5QpDLvk+e8b1TXWOwWzX24VNNWFyu3JEvZUzLkyLTJ
ZE79+p226i55Brwhi42aTCZlFKWpL8x2nrEQrvaGJPU09cvn9kU1Tld9r4rCrARJRjtfAADuRsAB
ALg/pf4ZF1HqqO3RqfcuR6z5cDd7ulWrf7hQi5+aKUeWfZRnF7/BHnfYbirO7NhrfyRTuNUb0lD3
lWgNdIZ/rSMzfBFZAADiQcABAECCwjTEQAJ6mvvVXNmhGwdu6+re2qivK5ydo6f+ckPEFQjjRaRV
EKl++LdH6GDjjXL1hiR5Br1x3QMAgHgQcAAAgDHR3dinC5/dCHnO7/XL4/Kpr3VArVVd6msdiHn8
7MkZevb/fEgZBWkRXxfwB+QZ9CrgG0qmUrXKw2SJ1Ckmum04o8XvC39/cwxbfMzm8OXeIt0DAIB4
EHAAAJAgdrtEp/ZMs85+eHXUxt/0Z8vDhhuBQEDVRxt05eubun22We7+f11ZsODx6XrsL9aM2rzC
sTnCfwwb7I5+G8hocEUolGp1Rv/x0ZYWvguNq9cT05wAABgJAQcAAJICCsRfh5SEI+Vyy7I0Y/2U
sOeP/vqizvyhcgxnFJnVYZEzJ/zKkUi1K8ZCf4T7x9LhJVIhUVfPyN1mAACIBW1iAQAIwWQitTCS
uQ+Xhu2O0lTZPqbhRjR/dkqWF8lsCf0xzN3vUUdNT7KnFZOmy+0K+EMnfpmT0pRZFHkb0B25ZeFr
obRWdcU1NwAAwiHgAADcHxJYoIHxL2dKRthzTZfbI1+c5CyrMExb1LtNXzM57LnO273JnE5cepr7
1VUfeh5mi1lzHy4bcYwpiwuUMyV0wOH3+VVzsimhOQIAcC8CDgDAfYkVGhOLIzNCodARkq3SFZOS
OpfCWTkRz9szbJq9uSTs+dYbncmbTISf3WKN/DGw4WJb2HOLts+UxR6+voYkrXxtfthzrTe61N8x
GPF6AABiRcABAAAML1Lr0qnLi8KemzQvTwu2TU/6fDb8bEnYc4/8jw9E7PRybd/tpM3D6wr/+2JL
t2rSvLyw58s/vR6200leWZYe/Q+rwl678tV5mrkhfE2UK1/fDHsOAIB4UWQUAAAYXset8DUrCmfl
6In/fZ0O/eK8+tqHVg2k5Ti05NlZWvHKvIjjmkdY5RDOqtcXaNK8PF3Zc0tt1V1y93k0aX6+lj43
WyURApeO2h7Vnk7e1o3uxj4FAoGQK5ZMJpO2/i+rde7ja+qq75XVbpHFZlH10XpJUsv1TtWeatL0
daGDivlbpyl3aqYu7axW46U2eV1eFc7J04LHp2nmg1PDrpLqae7XxS+rk/YzAgBwBwEHAACJorhH
yl3bX6vVby4IG0jMfbhMMzdMVU9Tn8w2szLy02R1RN5iIUlWe/yLXctWFatsVXFM1yS7je5gt1u9
LQPKmhS6m0nBzBxt/Y+rv//npsr27wMOSTr4d+UqXpgvZ7Yj5PXFC/NVvDA/6vkE/AEd/rty+b2h
V4YAAJAItqgAAJAg8o3U66jp0dW9tRFfY3VYlDctWzlTMqMKNyTJkWUfsdZEstSXt6jiq+SvbKg7
3xL3tZ21PTr8ywtht6rE6sJnN3T9QPK24AAAcDcCDgAAQomhBin1SseHA//vWTVWhC+MGc5gtzvs
ObPFrKlLCxOZVlQ6b/do9/91YlTGPvfRVbl6w/+MI7m866b2/7ezEet5jCQQCOj8H6/pwP93Lu4x
AAAYCQEHAACYENz9Xu38L8dUc7Ix6mt6mvu1878cVcv18J1LIrV0DeXK7luqOlwX9eubrrTrq/90
VL0tAzHdJ1qtN7p06G/Py+cZOaAwhUn2Ln1VrZ3/x1G1VnXFfP++tgEd/JtzOviL8zFfCwBALKjB
AQC4L7CN5P7Q1zqgP/1vh7Tk2Vla9sIc5U/PDvk6z4BX1/bV6sS7FeptGVDt6SYVzckN+doZ6yfr
0N9F/3AeCAT01X86qmUvzNHS52Ypb1roOXTV9ary2xqdeLci6rHjdfnrW+pq6NPGny/TpPl5MplD
BxmRutHcOtGoWycatXzHHM3ZUqZJ83JlsYXevhMIBNRxq0c3jzfo9D9XytUT/woSAACiRcABALg/
jJRwkIAkxbs/3JnqKUiSLn5epYufV2nSvDyVLC9SRkGazFaTXL0eddT26ObRern7vd87L5S8AAAg
AElEQVS//sivLujIry4kdQ7ln15X+afXVbKiSJPm5ik93ykFpL72AbVVd8fULeX22Wb9zWMfJTSf
+vJWffjn3ylnaqamrylWer5T9gybPANeDXa71VTZrvry1hHHOf/H6zr/x+tKy3Fo2ppiZRSkKS3H
IbPVpIEulwY6XKq/2KqOmvCdbQAAGA0EHAAAYMJqvtqh5qsdKZ1D3bkW1Z2Lv9BnsnXV96r8s96E
xxnocqnym5okzAgAgOSgBgcAAAkKsPoDAAAg5Qg4AABIEF1UAAAAUo+AAwCAO+JdicEKDgAAgJQj
4AAAIEHkGwAAAKlHwAEAQAix7DphhwoAAEDqEXAAABBKDKmF3xfQnXUcJpNJJjORBwAAwFgj4AAA
IEGuXrf83n8JOMwm2TNsKZuLzWFVwD80l4A/IJ/Hn7K5AAAAjCUCDgAAEtTf4ZLfOxQkmMwm5ZVm
pmwuOXfd2+fxa7DLlbK5AAAAjCVrqicAAMB4Ebi7XGgMvV/bbnbJdyfgMEllq4rVeLk9/omYNHyL
TCC6MqbObLtKlhXKZBpavTHY7VZ/JwHHaDjzz5W6svtWyHN9bQNjPBsAACARcAAAIGlotYPfG/g+
V7A5LFHX0mi81CZ3n0fpeU6ZbWbN2VyqS19Wqb8jznAhzrYsi5+eqbQch2Qyyd3v0e2zTd+vLEFy
td/qVvut7lRPAwAA3IUtKgAAaCjg8Lp836/ccGTaow44XL0e3TrRKJ/HJ5PJpKzidC3fMTexCcUY
chQvyNeSZ2fLYht6a3f3unX9QF1icwAAADAQAg4AACS5+z1y9bolSYFAQDmlmd+HBdE484ercvd5
JUn2DJsWbJuuRU/NkNkyuh1VTGaT8qdna8ufr1BGgVMymeRz+3Txy2p11fWO6r0BAADGEwIOAMD9
YYScYaDDpd6WAQX+pd5F4awcWZ3R7+TsaxvQyX+qGFoFIimjIE1r316s5TvmKj3fKYs1xrfcEeZr
MplkS7OqZHmRHv0Pq1Q4O1cms0l+r19NlR0q/+R6bPcDAAAwOGpwAABGEFDAFxgqdGkyyZ5mU3pB
2oi1HUwmyZ7+r28zfn+chSWGT+X7AEKSbGlWpec5o9pK4si0yXzX6/y+4fPxDHrV09Qnd59Hjky7
8qdnK7ckU313hR4jufDZDeWVZWvBtumypVmVWZimtW8vUsnyIl39rlbtt7rlGfDK7/VHHDOjwDls
9Ygt3abMojRJQ8GG2WpWep5D01ZP1oJt05Q5KX3ot8cfUNvNbn3zVyflGfBGNWcAAICJgoADABCR
3xdQX/uAAoFcmUxSyYoi2dKtIwccZpMmzc0b6ugRCKivdSAoVIiV1+XVYPfQNhIFApqyuEAWq1me
wREe5k0mFc3NlT3dqoAkn9ungRDtU1urutV5u1fF8/MkkzTv0TI1XGqVzx3dvAMB6dhvLspklmZt
LFF6vlNWh0XT103WtDWT1d3Yp56mPrl6PQpECHzs6VZlT874l7lLU5cWauO/XTb0j2aTnFl25ZZm
KaPQObTQw2SS1+1TY0Wbjvzygrob+6KaLwAAwERCwAEAiMgz6FXd+VaVrSqWxWZWwYxsFczMie7i
wFDjVb/Xr9tnmxNeVeDq9ai1qksDnS6l5diVW5Kp3NKsKKcy1CElIKnmVJPcfZ6g17Tf7FJbdZcK
Z+fKbDVp1sYSXfjTDbVc64xpjkf/4aI663o1Z0uZCmZmy+qwyGyWcqZmKGdKhmQaWokRDZOkvLIs
5ZVl3flBhrrGmvT9z9PT2KfbZ5t17qNr6qihswcAALg/WbaVvPSfUz0JAMD45fcFNNDlUkaeU1mT
0mV1xJCNm0zyDHhVc7JR5Z/dUH/7YEJzCfgDcvV6ZHVYlDM1U7a06OdiMpnk9wdUX96q47+5pL62
4Ll4XT7Z0qwqnp8vZ6ZNFodFzmyHbh5vkN8b/eoTn9uv1utdar/VLVePW35vQFaHVTanVSazKepw
467JD/v/JpNJAV9A3U39qjndrIqd1br4RZV6mvvjbjELAABgdKa/XvMeH4UAABGZLSZlT81U6Yoi
5ZVlyZ5uG7EIpiS5+73qut2j2+da1Hm7V35f5G0t0bjThrVkeZHyZ2TLmWWPai7eQZ96mvp0+3yL
Wq51ht0ikpbr0OZ/v0KzNk6V2WaWz+PX4b8v14XPbsQ1X3uGTTlTM5VbkqGMgjQ5suyyp1sj1g1x
ZNpVurJIGQVpCgQCarvRpfqLrZKGtsF4+j3q73Spu6FP7Te71ds6MOKWIQAAgImOLSoAgBH5fQF1
1vaop6FP9gybLHbz8FUFoQQC8nn8cvd55PMk7+E7EAiou7FPva0DsqdbZXVYRp6LJL/HL1efRz63
L+LrBjpdqthZraK5ucotyZTVZtbKV+apt7lf1UcbYp6vu8+jlmsdarnWIbPVLKvdIovdHHHKOVMz
lVuaqYyCNCkgNV5p16n3LksaCjh8Hr+8g96Ea5oAAABMJAQcAICo+bz+kMU5U8Hv9f9rwdEkq7/Y
qit7bumB1+bLnm5TVnG61v14sbwun2rPNMc9rt/rl9vrl/ojv86eaR+2IsM76FV/x/j4fQcAABiv
zCO/BACA+4vP7Vf5JzdUfbRBfq9fJpNJ+TNy9NC/W665D5dFtSUGAAAAY4uAAwCAENz9Hh34m3Pf
1+swW0zKn5GtB3++VEuemSWzdfTeQu/dvsJWFAAAgJERcAAAEIarx60//a8H1XS5/fuVHFnF6Vr/
k8Va+9ZCZRSkRSwWGi9Hpn2otogkk9nE9hQAAIAoEHAAABCBq8+jL//yiG6daJRnwCtJcmTZter1
BXryL9dr5oYpcuY4khZ0mExSXlmWnNmOoYqigYC6G3qTMjYAAMBEZtlW8tJ/TvUkAAAYz7wun2pP
NcliNSurOF02p1Vmi1lZRWmasX6qMvKc8vR7FfAH5HX5wragHZFJyipK15JnZ6l4YYFMJmmwx60j
v74o72Dk7i8AAAD3OwIOAACi4HX71HSlXb2tA3Jk2uXItMlit8hsNWvSvDzN2jhVOSWZstjMMpvN
CmionWu0YYfZalZuSaaWPDtbszaVyO60KBCQruy+peoj9fGHJgAAAPcJ01+veY9PTAAARMlkNim3
NFNzHynTzA1TlT8tS2ab+fvGKn5/QM2VHWq53qnO2h51N/Wrr3VArl6PPINeeV0++dw+WWwWWZ0W
2dOsSst1KH96tqatnazSFZPkyBjq4t5a1aVv/u9Taq3qlHi3BgAAiIiAAwCAONjSrJqyuEDT103W
1CWFyp+ZI7PFJJPJpEAgIJPJJJ/Hr762AXU39mmwyy3PgFfugaGQw2o3y55ukz3Dqoz8NOVOy5Ij
0yYFhupwtFV369Tvr6jqcL18branAAAAjMSa6gkAAGBEngGvak41qeVap/JnZqt4fr5KVxRp6vIi
We0WBQIBma1DXVeyi9ODe7/eJRD41+8afB6/6i+06OIX1ao91US4AQAAECUCDgAAEjDQ5VLduRY1
XW7XzeMNypuWpaLZuSqck6vC2bnKKHAOhRuBgL7PMUyShhqkyGSWTCaTPANeNVW26+axBtWeaVZn
bY98Hn8qfzQAAABDIeAAACAJvC6f2m92q6OmR7fPtsiRaZMzy67syRnKLctUeq5Tzhy7nNl2OTLs
8rp9cvd71N8+qPab3Wq/1a3upn71tw/KM+il5gYAAECMCDgAAEiigD8gV49brh63uhv61FrVJYvV
PFSfw2Ia+l+zSYHA0Gv9voB8bl9MHVcAAAAQjIADAIBR5Pf65fey1QQAAGC0mVM9AQAAAAAAgEQR
cAAAAAAAAMMj4AAAAAAAAIZHwAEAAAAAAAyPgAMAAAAAABgeAQcAAAAAADA8Ag4AAAAAAGB4BBwA
AAAAAMDwCDgAAAAAAIDhEXAAAAAAAADDI+AAAAAAAACGR8ABAAAAAAAMj4ADAAAAAAAYHgEHAAAA
AAAwPAIOAAAAAABgeAQcAAAAAADA8Ag4AAAAAACA4RFwAAAAAAAAwyPgAAAAAAAAhkfAAQAAAAAA
DI+AAwAAAAAAGB4BBwAAAAAAMDwCDgAAAAAAYHgEHAAAAAAAwPAIOAAAAAAAgOERcAAAAAAAAMMj
4AAAAAAAAIZHwAEAAAAAAAyPgAMAAAAAABgeAQcAAAAAADA8Ag4AAAAAAGB4BBwAAAAAAMDwCDgA
AAAAAIDhEXAAAAAAAADDI+AAAAAAAACGR8ABAAAAAAAMj4ADAAAAAAAYHgEHAAAAAAAwPAIOAAAA
AABgeAQcAAAAAADA8Ag4AAAAAACA4RFwAAAAAAAAwyPgAAAAAAAAhkfAAQAAAAAADI+AAwAAAAAA
GB4BBwAAAAAAMDwCDgAAAAAAYHgEHAAAIC5Fc3NVMDM7qWMWzspR0dzcpI4JAADuD9ZUTwAAABhP
0dxc5UzJ+P6f26q7Ex6zcFaOckszv//nlmudCY8JAADuH6zgAAAAMbk33Mgry0p4Jce94UbOlAxW
cgAAgJgQcAAAgKiZrWal5diDjicSctwbbtyRlm2X2cpHFQAAEB0+NQAAgKj5vX7VnW+Vu98TdC6e
kCNcuOHu86iuvFV+rz/uuQIAgPsLAQcAAIiJz5OckGOkcMPnIdwAAADRI+AAAAAxSzTkINwAAADJ
RsABAADiEm/IQbgBAABGAwEHAACIW6whB+EGAAAYLQQcAAAgIdGGHIQbAABgNFlTPQEAAGB8d0KO
kuWFsqfbhp3LK8tSWq5Dzqzg9rKEGwAAIFlYwQEAAJIi0koOwg0AADDaCDgAAEDSRAo57ka4AQAA
ko2AAwAAJNVIIQfhBgAAGA0EHAAAIOnChRyEGwAAYLQQcAAAgFFxb8hBuAEAAEYTAQcAABg1d0KO
3pYBwg0AADCqaBMLAABGlc/jV+Pl9lRPAwAATHCs4AAAAAAAAIZHwAEAAAAAAAyPgAMAAAAAABge
AQcAAAAAADA8Ag4AAAAAAGB4BBwAAAAAAMDwCDgAAAAAAIDhEXAAAAAAAADDI+AAAAAAAACGR8AB
AAAAAAAMj4ADAAAAAAAYHgEHAAAAAAAwPAIOAAAAAABgeAQcAAAAAADA8Ag4AAAAAACA4RFwAAAA
AAAAwyPgAAAAAAAAhkfAAQAAAAAADI+AAwAAAAAAGB4BBwAAAAAAMDwCDgAAAAAAYHgEHAAAAAAA
wPAIOAAAAAAAgOERcAAAAAAAAMMj4AAAAAAAAIZHwAEAAAAAAAyPgAMAAAAAABgeAQcAAAAAADA8
Ag4AAAAAAGB4BBwAAAAAAMDwCDgAAAAAAIDhEXAAAAAAAADDI+AAAAAAAACGR8ABAAAAAAAMj4AD
AAAAAAAYHgEHAAAAAAAwPAIOAAAAAABgeAQcAAAAAADA8Ag4AAAAAACA4RFwAAAAAAAAwyPgAAAA
AAAAhkfAAQAAAAAADI+AAwAAAAAAGB4BBwAAAAAAMDwCDgAAAAAAYHgEHAAAAAAAwPAIOAAAAAAA
gOERcAAAAAAAAMMj4AAAAAAAAIZHwAEAAAAAAAyPgAMAAAAAABgeAQcAAAAAADA8Ag4AAAAAAGB4
BBwAAAAAAMDwCDgAAAAAAIDhEXAAAAAAAADDI+AAAAAAAACGR8ABAAAAAAAMj4ADAAAAAAAYHgEH
AAAAAAAwPAIOAAAAAABgeAQcAAAAAADA8Ag4AAAAAACA4RFwAAAAAAAAwyPgAAAAAAAAhkfAAQAA
AAAADI+AAwAAAAAAGB4BBwAAAAAAMDwCDgAAAAAAYHgEHAAAAAAAwPAIOAAAAAAAgOERcAAAAAAA
AMMj4AAAAAAAAIZHwAEAAAAAAAyPgAMAAAAAABgeAQcAAAAAADA8Ag4AAAAAAGB4BBwAAAAAAMDw
CDgAAAAAAIDhEXAAAAAAAADDI+AAAAAAAACGR8ABAAAAAAAMj4ADAAAAAAAYHgEHAAAAAAAwPAIO
AAAAAABgeAQcAAAAAADA8Ag4AAAAAACA4RFwAAAAAAAAwyPgAAAAAAAAhkfAAQAAAAAADI+AAwAA
AAAAGB4BBwAAAAAAMDwCDgAAAAAAYHgEHAAAAAAAwPAIOAAAAAAAgOERcAAAAAAAAMMj4AAAAAAA
AIZHwAEAAAAAAAyPgAMAAAAAABgeAQcAAAAAADA8Ag4AAAAAAGB4BBwAAAAAAMDwCDgAAAAAAIDh
EXAAAAAAAADDI+AAAAAAAACGR8ABAAAAAAAMj4ADAAAAAAAYHgEHAAAAAAAwPAIOAAAAAABgeAQc
AAAAAADA8Ag4AAAAAACA4RFwAAAAAAAAwyPgAAAAAAAAhkfAAQAAAAAADI+AAwAAAAAAGB4BBwAA
AAAAMDwCDgAAAAAAYHgEHAAAAAAAwPAIOAAAAAAAgOERcAAAAAAAAMMj4AAAAAAAAIZHwAEAAAAA
AAyPgAMAAAAAABgeAQcAAAAAADA8Ag4AAAAAAGB4BBwAAAAAAMDwCDgAAAAAAIDhEXAAAAAAAADD
I+AAAAAAAACGR8ABAAAAAAAMz5rqCaSCM9uu+VunqWx1sQpn5yo9zymzxZTqaQEAAAAAEDO/L6D+
jkG13uhU7akmVX5bo8Fud6qnNeZMf73mvUCqJzGW1v90iR54bT6BBgAAAABgQvL7Ajrzh0od+8eL
qZ7KmLpvVnDkT8/WY3+xRpPm5aV6KgAAAAAAjBqzxaTVbyzQtNXF+uavTqr9VneqpzQm7osaHPnT
s/XcX20i3AAAAAAA3DcmzcvTc3+1SfnTs1M9lTFxXwQcj/3FGmUWpqV6GgAAAAAAjKnMwjQ99hdr
Uj2NMTHhA471P13Cyg0AAAAAwH1r0rw8rf/pklRPY9RN6IDDmW3XA6/NT/U0AAAAAABIqQdemy9n
tj3V0xhVEzrgmL91Gt1SAAAAAAD3PbPFpPlbp6V6GqNqQgccZauLUz0FAAAAAADGhYn+jDyhA47C
2bmpngIAAAAAAOPCRH9GntABR3qeM9VTAAAAAABgXJjoz8gTOuCg/gYAAAAAAEMm+jPyhA44AAAA
AADA/YGAAwAAAAAAGB4BBwAAAAAAMDwCDgAAAAAAYHgEHAAAAAAAwPAIOAAAAAAAgOERcAAAAAAA
AMMj4AAAAAAAAIZHwAEAAAAAAAyPgAMAAAAAABgeAQcAAAAAADA8Ag4AAAAAAGB4BBwAAAAAAMDw
CDgAAAAAAIDhEXAAAAAAAADDI+AAAAAAAACGR8ABAAAAAAAMj4ADAAAAAAAYHgEHAAAAAAAwPAIO
AAAAAABgeAQcAAAAAADA8Ag4AAAAAACA4RFwAAAAAAAAwyPgAAAAAAAAhkfAAQAAAAAADI+AAwAA
AAAAGJ411RMAolFx5ZL8/kDE1+Tm5Ki0pGyMZgQAAAAAGE8IOGAIX339pbw+X8TXLF6wmIADAAAA
AO5TbFEBAAAAAACGR8ABAAAAAAAMj4ADAAAAAAAYHjU4AAAAAADjTm9vr7p6utTb06Pevl65PW55
vV75fD5ZLBZZrVbZbXZlZmQqMytLOVk5yszMTPW0kUIEHAAAAACAlPL5fKpvqNOt2luqq69TU3Oj
+gcGYh4nPS1NxZMmq2RqiaaXTdfUKSWyWCyjMGOMRwQcGNc8Xo9qamvkD0RuEStJff19crlccjgc
YzAzAAAAAInw+XyqvlWtiiuXdP3GNbk9noTH7B8YUPWtalXfqtaho4dkt9k0Z/ZcLVqwWDOnzyTs
mOAIODAu1dTe0qmzp3Sj+rp8Pn9U19ysuan/52//q6ZPm64Vy1Zq3pz5ozxLAAAAALHq6+vT2fKz
OnPutPoH+kf1Xm6PRxVXKlRxpULpael6YMUqrVy2UhkZGaN6X6QGAQfGlabmRu36ZpcaGhviut7n
96vqZrWqblarqLBI2x7dprLSaUmeJQAAAIBY9fX16cjxwzpXflY+f3RfYiZT/0C/Dh09qKMnDmvF
0pV6cP1GZaQTdEwkBBwYNw4dPajDxw4rEMV2lGi0tLbo/Q/f18Z1G/XQg5uSMiYAAACA2Hi9Xh0/
dUzHTx5LyjaURPl8fp0+d1oXLpVr3Zr1Wrd6vaxWHo0nAv4tIuV8Pp++2PW5LldeTvrYgUBAh44d
ksvj0tYtjyV9/Fi4PW65XK5hx6wWi9LS0pN3D7dbLvfwe9hsNjkdzqTdIxUGBvpV11Cn9o529fT0
yO1xy2qxyul0Ks2Zpvy8fJWUlMphp/4KAADAeFJ7u0Y79+xUe0d7qqcSxO3x6OCRg6q4fElPPv4U
K78nAAIOpNzX3+walXDjbidPn1Rudq5WrVw9qveJ5Nz5s/ruwHfDjlmtFv3sRz9XXm5eUu5x4vRx
HTp6aNixlctW6onHnkzK+GPJ5/PpYsUFlV8qV1193YivN5tMmlw8WStXrNLiBYtlNpvHYJYAAAAI
xefzaf+hfTpx+kSqpzKito52vffBe1q7aq22PPQwhUgNjIADKXWu/KzKL5WP+LriokmaP2+BiouK
lZWVLYfDIb/fr8HBQbW2t6r2do2uVF6OuORt78HvNHPGLOXn5SfzR0iI1+vTzt1f6Y1X30z1VMaV
q9cq9c2+Peru6Yn6Gn8goPrGBtXv+kKHjx7U448+odkzZ4/iLAEAABBKV1enPv3iEzU0NSZlvKzM
TJVMLVV+Xr7S0tJltVrl9Xo1MNCv9o521dXfVk9vb8L3OXH6hGrravXCMy8qJzsnCTPHWCPgQMq4
3C4dOHwg4muiKRQ6ZfIULV20VFu3PKbv9n+r8xfPh3yd1+vTgcP79cIzLyY072SruV2js+fPaOXy
B1I9lZTz+Xza/d3XOn8h9L/DaHV2demjTz/Q5o1btGHtg0ma3cTldrs1MDi8z7zD4TD81iYAADD2
6upv6+PPPlL/wMDIL47A6XBoxbKVWrxwiYoKi0Z8fUtriyquXNLZ82c0eM+28Fg0NDbonfd+q5de
eFklU0riHgepQcCBlLl0+VLEtlAzps3Qjudfkt1mj2o8h8Ohp7Ztl8PhCLsUrvJapTq7OpWbkxvX
nEfLvoN7NXvWHGVnZad6Kinj8/n08WcfqepmVdjX5ObkKCcnV5kZmZKkwcEBtbW3q7OrM+i1gYC0
/9B++Xw+PbSBIrORXKi4oD3f7R527MF1D2rzxi0pmhEAADCiyqtX9PnOP8nr88U9hsVs1trV67R+
7YaY6qsVFRZpy0MPa/3aDTp24qiOnzouf5ydWvoH+vX7D97Ts9uf0/y5C+IaA6lBwIGUuXa9Muy5
9LQ0Pf/081GHG3fb8tDDunbjmjo6O4LOBQIBXbt+VWtWrY153NHkcru1a89OvbrjtVRPJWW+3PVF
yHDDarFozaq1Wjh/kSYVTQp5bXdPt86Vn9WpMyeDtikdOnpIRYVFvDkBAACMosuVFfr8qz/Jn0BH
xPy8PD3/zIsqLiqOewyH3aEtDz2sBfMX6tPPPwn5TBANr8+nz774VM9uf14L5y+Mez4YW1ThQ8rU
NzaEPbd08bK4u4tYLBatWLYi7PnqW9VxjTvaqm5W6WLFhVRPIyVOnzutisqKoONTiifrJ2/9TFse
ejhsuCFJ2VnZ2rxxi95+8ych90vu3P2VBgcTWyYJAACA0K5cvZxwuFFWUqofvfHjhMKNuxUXFevt
N3+sspLSuMfwBwL6/KvPdOXqlaTMCaOPgAMp4fV6g1qm3m3K5CkJjT+9bEbYc23tbQmNPZq+2feN
+vr6Uj2NMdXV3aX9B/cGHZ9UVKQfvPyGCvILoh6rIL9Ar+54VTbb8MVpgy6Xjhw/kvBcAQAAMNzt
ulp9vjPRcKNMr730etLrfzkdTr320uuJhxw7P9Pt+ttJnBlGCwEHUmKk/XBmU2J/NHNzcsL+Gs9t
nwYHB7X7u69TPY0xdejIwaBtJU6nU6+8+Jocjuj3Xd5RkF+oTRs2Bx0/ffYUqzgAAACSqLOzQx//
6WP5fPHVupCGtqW89MLLslqjq57g8/nU19cnX5R1PqxWq1564RXl5ebFPUefz6+PP/tInXFud8HY
oQYHUsJut8tus4Vt61pbV6t5c+fHPb7Tmab/7md/Fvf1Y8VkMilwT9pdea1SlVevaP68iV8zorun
W5cuXww6/tCGTcrKzIp73JUrHtCxk8eGFbH1+f2qvFap5UvDb18CAABAdHw+nz794hMNJNAtxWI2
64Vndoy4cqOhsUHlF8/retW1Ye1gszIzNWfWXC1fulyTi8OvAHc6nHrh2Rf1znu/jbvw6MDAgD79
4hO99frb4/oL0/sdAQdSJjc3V80tLSHPnb9wTiuWrVBBfuEYz2psTS+brv7+PjW3Dv992P3d15o2
bbrSnGmjPge/3y/PPUGTxWKJOkW/w+fzyev1xjTOxYoLQcsZc7Jz9ECCLXNtVpsWLVikU2dPDTt+
5erluAMOr9erhsZ6tbS1qqenW16vV2azWenp6crLzVfJlBJlZGTENXYgEJDb7R52zGq1Br15+nw+
1TfUqamlWb29PfL5fXI6nMrKylbZ1FLl5eWPeC+PxxP0xu71BgeNPp8veBuZSTFVM7+jrb1N9Y31
6uvr1eDgoPx+v5xOpzIzMjVl8lQVFhTKZDLFPC4AAEidfQf3qrG5KaEx1q1ZH7HOmsvl0u5vv9al
K5dCnu/p7dXZ8rM6W35Wixcu1ratT4T9rFJcVKx1q9fp6Imjcc+3sblJ+w7t1dYtj8U9BkYXAQdS
Zu7seWEDDrfHow/++IFeefFVFRZM3JDDYrFo+xNP69333xn2oN/X369v9+7RM089N+pzuF51TX/8
0x+HHVu6aImefvLZmMY5d+FcUKvRtavW6tEtW8Nec6XyctCxpYuWymxOfPfcvDnzggKO+ob6mMdp
aW3RiVPHdOXaFXk83oivLSsp1QMrVmnBvIUxPbA3NjXonfffGXZs04ObtHH9Q5KG2uEeO3lM5y6c
0+DgYNhxJhUVaeO6hyKu/vnwkz+o5nbtiHM6fuq4jp86PuyY3WbT//zn/3HEa1hoadkAACAASURB
VCWpp7dH584PfeCI1A5akjLS07Vi6UqtXPHA9y2AAQDA+FVbV6uTZ04mNIbT4dD6NRvCnu/q7tKH
n3yg1rbWqMa7dPmSmpqb9MqLr4YsOi9J69du0NnzZzQYoRbgSE6ePqn5c+artKQs7jEweqjBgZRZ
OH+RIj0DdnV36d33f6uTZ07EvZTMCCYXT9Ha1euCjl+8fEk3qm+kYEZjo7evN2jliiQtXJCcNlyT
i6cE/flyud3q6u6K6nqv16tv932jf/zdr3Wh4uKI4YYk1dbd1mdffqZ33/9t1G/G4dxZVVNVfUO/
/M3f69jJYxHDDUlqbmnRJ198MtR/3jvyfEfLufKz+uVv/k6Hjx8eMdyQhgK9w8cP69e//aXKL5WP
wQwBAEC8fD6fvt6zM+FxVi5/QHa7PeQ5l8sVU7hxR2tbqz785AO53KEDDIfdoZUJrhSWpF3f7Iq6
BgjGFgEHUqawoFBLFy+L+Bq3x6Nv932rv//Hv9Xpc6dHfMAzqoc2bFJ+iO0Fu/Z8FfY/0EbXEKJN
cHpaetK2Jdntdj31+HY9/ui2Yb+iWR0yMDig33/4nk6eOal4CoI3NDXqd79/J6GWxB6PR+WXyvXh
px+qP8a9rZcuX9LX3yT+wSNWgUBAX379hXZ9syuqQOhegy6Xvvr6Sx05fngUZgcAAJLh9NlTak1C
V8LFC5eEPbf726/j/rKota1Vu78NX7R/0YLFcY177z1Onzs18gsx5tiigpR6eNMjqqquUm9fb8TX
dXV3a893u/Xd/m80d/Y8zZ09T7NmzhqTGhVjwWq1avu27Xrvg38a9kDd09urfQf26onHnkzd5EZJ
a4jVG5OLk9P3/I5lS5bHfI3X69UHf/xDyABGkkqnlqqosEgZGZlyuQbV1dWp6prqoAd6l9utjz/9
UD945Q2VTo29NVn1rSqdOX9mWBFap8OhkqklyszMkt/nU1d3l+ob6uUN8Q3ChYqLmjd3vubOnjfs
ePGkyTLdE/L09HSrvWN4VfCc7Gzl3lNt3DZCXZbd336tC5cuBB23WMyaNX2WJk+eorS0dPl8XnV3
d+tmzU21hPhzcODwAeXnFWjBfVBoFwAAI3G5XDp64kjC42RlZobdht7Q2BC25ka0Ll2+pDUPrAlZ
eLSosEhZmZnDipXG4+jxI1q+dEVc9ckwegg4kFLpaen6wcuv670//E4DUazO8Pn8unL1iq5cvSKT
yaSSKVM1e+YczZ41J2KBIiMoLSnTA8tX6fS508OOny0/q4XzF2pa2fQUzWx0hNoqUlSY+n+H+w7u
DRluzJ87X49u2RpyT6fb49b58nPad2jvsDZpXp9Pn3/5mX7yo5/F3Nf97sAhIz1DD296WIsWLA4q
PDo4OKAjx4/oxOkTQWOcPH0iKODY+nBwUazT504H1U9ZvHCJNm/cEvV8K69d0dnys0HHly5aokc2
b1V6enrI665XXdOXX38ZVIF974FvNWfWnJiL3QIAgNFz8vSJqD6zjyRS/Yryi+cTHl+Szl84H7az
SsnUUl25eiWh8QcGB3Xy9Ek9tOGhhMZBcrFFBSlXWFCoH7zyhnJzcmO6LhAI6HZ9nfYf3q9//N0/
6Fe/+XsdPX5EPb09ozTT0bdl08PKyc4OOr5zz1fyhOh0YWR9IVbtpHpFzq2am0GFSSVp88bNevHZ
HWELVtltdq1ZtVZv/eBt2W22Yee6erq159vdIa+LRlFhkX785k+0dPGykC3JnM40PbplqzZv3Bx0
ruZ2rfr6++K+dyz2HdwXdGz9mvV6+slnw4YbkjRn1ly9+uJrstyzqqSru1s3a+Lf4gMAAJLL4/Xo
VJK2ZeTnhu/8dr3qWlLuEWmcUFvD43Hq7MkJ9xnd6Ag4MC4UFxXrJ2/9VIvmL4p7jLaOdu0/vF9/
9+tfaNeeners7Bj5onHGbhuqG3Gvjs5OHTx8IAUzGj3uEG8Gdkdql/jtPfBd0LFFCxbpwXUbo7p+
cvFkPbs9uPPNpSuX1NzSHPN88vPy9OarP1RWVtaIr123er0y0oPb1DY0xt45JlZ1DXXquOfvW35e
XtQrQKZMnhKyfW9VdVVS5gcAABJ3qeJi0urhpYX58sPr9Sa8deSOnt7esIVA09LCf/kSi8HBQV2q
uJiUsZAcBBwYNxx2h557+nm9+eqbcdUsuMPn9+vchXP65W9/qX0H98rtcSdxlqNvxvSZWhai+OrJ
MydV11CXghmNDn+IN5x7Vz+MpdrbNUG93O02W8x9zufOnqc5s+YEHT9x+niIV4dnMknbn3hGTmd0
W1ssFotmz5oddDzRbi7RaAtRaGz2zDkxtfsN1dq2rSPxAmYAACA5Kq9VJm0sa4hVqZI06EpuQ4Fw
gUwyt8Am8/cFiWNzM8adstJp+uEP3tLNmps6f+Gcrl6vHFbXIFp+v1/HTh7TpcsX9fSTz2rGtBmj
MNvR8eiWraq6eUO9ff+6vSAQCGjn11/qxz/86YSoSxAI2Z4kQt/gUXau/FzQsQdWrFJGRvCqiJFs
enCTrlddH3as4kqFHn90W9SFqMpKymIO+iaFqGEyFp2Hli1eFjKUi0WoLWr9fWOzvQYAAIxs/tz5
CXWIu1uoAumSYq5ZNpJwXxR5vbF3ewtn/tz5SRsLiWMFB8atGdNm6PmnX9Cf/9v/Xk8+9qTmzZkn
R5he2ZH09PbqDx//PmRthfHK6XRq29bgzimt7W06ejzxytUIdrPmZtCxSO3LIimeNFlFhUXDjvn9
ftXV3Y56jHs7nUTDEeJNfGAwthazqWIP8Xfb7TbW6isAACayxYuWyJmk7cQD/f0hj1utVmVlZibl
HlmZmSHrl0nSwEDo+8fK6XRq8aL4Pi9idBBwYNxzOtO0YtlK7XjuJf0Pf/Y/6a0fvKWN6zdq8qTo
W4oGAtI3e/fo/IXgb+nHq3lz5mnh/IVBx4+ePKqme7ZSIDHtHe1BxThzsrODQopYzLune4kk1dyu
iXu8aFjMwW/iobYCGUVAoVb5AACAVLBZbVq9ck1SxmrvbA97bs6suUm5R6Rx2jvC3z8Wq1eukc2a
ui3WCGb8de64r5jNZpVMLVXJ1FJtenCzurq7dLHigs6Vn42qINHub79WydTSsH23x5vHH9mmmzU3
h7XQ9Pv9+urrL/T2mz+JqcbB+BO8HSVVD7QtrcEFQKdMnprQmMXFwQHcWNTDGG/8fr/aO9rV0tqi
rq5Oudwuud3uoIrj4YqAAQCA8WPNqrU6de5Uwltgb9fVhj23bMnykK3nY7VsyfKw5+rqo19VG06a
06k1q5IT+CB5CDhgaDnZOdq4/iGtW71e5y+e14HD++VyucK+3uf367v93+rVHa+N4Szjl56ersce
flyf7/zTsONNLc06fuqYNqx9MEUzS5zFGrzawJOiLQl3B0h35OXmJTRmXoj2Z2PVsnU8uFV7S5cq
LqryemXEv5MAAMA4HA6HNqzdoL0H9iY0Tk9vr1rbWkN+6Thl8hQtWrBIFVcq4h5/8YLFmjJ5Sshz
La0tSenUsmHdg1HXVsPYMfLXv8D3rFarVq1YpZ/96N9oapj/mN1RdbNKbe3G+SZ98cLFIbtyHDp6
0FA/x73stuCaCy53ah6EQ30LkWiRK0eIPar990HA0dTSpN9/+L5+/+H7Kr9UTrgBAMAEs3rlGhXm
FyQ8zqXL4durPrH1ybjvUVhQqG1bn4jrvrHcY9WK1QmPg+Qj4MCEkp2Vrddefl3FI9TnuHb92hjN
KDme2PpkUIFVn8+vr3Z/FaYbyfiXmRFcQKovRV0zPB5P0DFrgi1rbSGu93iSV7F7PLpy9Yp+9/47
ulV7K+xrzGaz0tLSlJuTM+xXTnb2GM4UAADEy2Kx6InHgovhx+rs+TNhC4o7HA69suO1mEOOwoJC
vfLiqyG/aJKGvkw7l4TtL0889mTYAqZILbaoYMJx2B169qnn9A/v/jrsw39dQ90YzyoxWVlZenTL
Vu3cs3PY8br6Op0+e0qrHzDe/r+c7JygY80hamGMBZs9OIzwhgg9YhEqNHE4Yu8CZBQ3qq7rsy8/
0b1/5Ww2qxYtGFqFNKmoOOS/d2mo28t/+8V/HYOZAgCARJWVTtOaB9bo5JmTcY8x6HLp2Mmj2rxx
S8jzOdk5euv1t/X1t7ui2q6yeMFibdv6RNhwQ5KOnTiqwQRXl65ZtUZlJWUJjYHRQ8CBCamwoFAz
p89U1c2qkOeTVTl5LC1fukIVlRW6VTP82/H9h/dpzuy5ys3JTdHM4hOqQ0lzS3IDjvKL5+W5p8/5
vDnzlJWZNexYmjMt6NpBV2LFs0JtzQh1n4lg0DWonXu+Cgo35s6ao6e2Pa309PTUTAwAAIyahzc9
oprbNQl19zt+8pgWzFuoSUWTQp53OBx6bvvzWvPAWpVfPK/rVdeG1c/IyszUnFlztWzJ8rA1N+5o
amnSiVPH456rJE2eVKyHH3okoTEwugg4kBJ7D3ynymtXQp57cN3GiFWPozV18tSwAYcrwYfXVHnq
8e36h3d/NWyrg8fj1c49X+n1l99I4cxiNznEm9Dg4KAaGusT7mAihX/oDlXPJC0tOHjo6OxI6P6h
rk9Lm5gP+hWXL6n3nu1F00qnacfzL8tkCu6WAwAAjM9isejFZ17UO+//VgNxdlXx+f369Is/6kdv
/Dhi/bMpk6doyuQpekJPyuv1atA1KKfDKas1usfZQdegPvviE/n8/rjmKQ11TXnhmRfZmjLOUYMD
KWG329XZ1RXyV119craPhKqBcIdRH7pyc3K1ZePDQcdv1dxKYD9han4vMtIzQtZKuXr9alLGr2+o
Dwo3nA5HyC0SRYXB3xo0NNYndP+mpsagYyPVhjGqy5WXg45tfmiLYf+eAQCA6OTm5mnH8y/LYo7/
sbK9o0Mff/qRvN7oapVZrVZlZmRGHW54vV59/OmHau+I/8sri8Wsl55/WbkJdtnD6CPgQEoU5ge3
hLrj6o2r8vl8Cd8j0naHjBAFLo1i1crVKplaEnR874Hv1N3dHfN49lDFMKN8g0nUwnkLg45drLgQ
9RtcJKFWCJWG2S+Zl5sXVPS0q7tbLa0tcd//2o3goCbc/Y2u5Z7aKWaTSSVTgv+MAgCAiaespEzP
PPVsQl9s1NbV6g8f/3PCW4TvNega1B8+/mfV1t2OewyTyaRnnnxuwn6Om2gIOJASM2bMlMUS+o/f
wMCATp89ldD43T3dunqjMuz5/Lz8hMZPJZPJpO3btgf9/rncbl2oKI95vFCFmAYGBuKeXywWL1oi
8z2Jf09vr8ovxf5z3M3lcunK1eCAY9GCxWGvmTF9RtCxeNuINTU3qfmecMRiMYcMpoxuaJno8Hoj
Npst9g85Bu0GBAAApIXzF+mZJxMPOd59/7dJq8nW3NKsd9//rWrrauMew2Qy6dmnntPC+cFfymF8
IuBASjjsDs2eGVwL4Y79h/epqvpGXGN7vB59/tWfIrbknDVjVlxjjxcF+YV6aP2moOPxPCOmp2cE
HWtqDt5eMZL6OLYWZWVmaemipUHHjxw7pME493JK0skzJ4KKfDrsds2dPTfsNSuXrQw6dubc6bha
1x48ciDo2JKFS+Wwh6/qnUqJbCQJ9UHG5Xarf6A/pnESDbUAAEBqLV64WM9tfz7sl5jRaO/o0Dvv
/UYHDu8P20J2JG63WwcO79c77/0m4W0pzz/9ghYtWBT3GBh7BBxImYc2bAqb8vp8fn306Yc6cHi/
XO7oWzk1tzTr/T/8U8Sk1mG3hyw0aTTr1qxXcZiK07HIyc5R+j3FLwddLt2qvRXmimBVN6tUUXkp
rvs/tGGTHPbh7VN7+/r05a7P5Y+jEFRjU6OOHj8SdHzDugcj1mUpmVqqkinDi5u6PR59s29PTPe/
eq1S16uuBx0fz618Q+1h9Xija5NrsViUEaJLSsXl6P88VN2s0v5D+4OOh2vzDAAAxqeF8xfq9Zff
UJozfMHQkfj8fh05fkS/+NXfaP+hfWpta43quta2Vu0/tE+/+NXf6MjxI4kVFE1L0+uvvKkF8xbE
PQZSgy4qSJlJRZO0ctlKnTl/JuR5fyCgI8eP6OSZE5oza67KSqepsKBQ6WnpQw+qgYBcbrd6e3vU
0tqiG9XXVVtXO+IqhvVrNsg5Adp1ms1mbX/iGb3z3m/kT/BBsLSkNKi453f7v9UPX3srYiggSdU3
q/Tp53+Me4dBVlaWHtn8qHZ9s2vY8WtV1/Xp53/U008+G7Gf+d0aGuv10acfBb2h5WRna/XKkQOG
RzY/qvc+eG/Yg/XlysvKz83Xpo2bR7y+rqFOX+z6POj4ssXLQrbFHS9CVS2PpeXbzOkzdfGeQOPg
kQOaMX2mCgvC19uRpDPnz+jbvXtChlnJqMUCAADGVmlJmd5+48f65ItPEmohO+hy6eiJozp64qiy
MjNVWlKm/Nx8paWny2qxyOvzaaC/X+2d7bpdVzusfWwiJk8q1gvPvEhBUYMi4EBKbX34MbW2tajm
dvgVFx6PV5crL4fs1BCrspJSrVm1NuFxxoviScVav3aDjoRYsRCLZUuWBwUcTc1N+t3v39Hjj25T
Wem0oGsaGht0+twpXayIr07F3VYsW6m6+tu6cM9YV29cU/1v/17r1z6oRQsWBa00kSS/36+m5iad
Kz+rixUXgsINq8Wi559+MapK26UlZVq3ep2OnTw27Pjh44fV0NSgRzY/GjKoGBwc0JnzZ3To6KGg
B/XcnBw99sjjI947lQpChBA1tTU6V35Wy5YsD6qTcq9lS1YEBRwut1u/++d3tWXjFi1asFjOu77J
cXvcqr5ZpROnT0TsmuRyuRQIBOjGAgCAweTm5ulHr7+tvQe+06kEa+tJQzXakvEsMJLVK1frkc2P
0grWwAg4kFIWi0U7nntJH3/2cUIFgKJRVFCoHc+9FHVLKaN4cN1GVV6rVFt7W9xjzJ45W5OKitTc
MrwwZnNri9774D3lZGdrUuEkmcxmDQ4OqKWtNemFSJ/a9rQGXS5du3Ft2PHevj59s3ePvt23R/m5
+crNzZXVapPb7dbg4IBa21vD1lsxmaQnH9+uqfdsPYlk04ObVd9QFxS6Vd2sUtXNKhUVFKqocJIy
MjLkcrvU3d2l2tu1IZdB2m02Pbf9Bdnv2YIz3hTkFygzI0O999Qb2fXNLh04fECFBQXyeL1qb2/T
v/v5vw9a8TGtbJrmz52vymvDC/u6XC7t/m639uzdreysHDnsdrncbnX3dEe1/cQfCKi3t1dZWVmJ
/5AAAGBMWSwWPfbI45o7e652fbNTHZ2dqZ5SWHm5eXry8ac0vWx6qqeCBFGDAynndKbpBy+/ruVL
lo/aPebNmae3Xn9baSFWABid1WrV9m3blciX3CaTSS88syOoFsYdXd3dulZ1XVevX1XN7dqgcMNi
MeuB5Q/EPwENbbl58dkdWrViVcjzgYDU1tGuG9VVqrxWqepb1Wpoagwbbjjsdu147iUtWbQkpnlY
LBa99MIrmj4t9BtcS1urKiordPLMSZVfLNfNmlshww2nw6GXX3g1pnAllcJt4ekf6FfN7Vo1NDbI
5XaHrWS7/Ymnw9aECQSkru4uNbe2qKu7KyjcMP9LZ6Cc7Jyga1va4m/VCwAAUm/6tBn62Y9+ro3r
N8pmG19fNNpsVm1cv1E/+9G/IdyYIAg4MC5YLBY9tW27Xn/lDRXmFyRt3NycXL3wzIva8dxL4/5b
9ESUTC2NqsZEJPl5+Xrj1TeVmxP8kBlJZkamXt3xg6RUmDabzXr80W16+YVXYp7H3WZOn6kfvfG2
5s6eF9f1DrtDr+34gTau3zji9oxQykrK9PabP9G0suCtPePV2tXrNGPa/8/enQfJmdeH/f/0zPRc
mlOjOXVfqz2lvQgGx5gQsGFZ8G8T7LBJNpDgX6VCnOA/4pDYjhMHqljj2LFTv8JFqkLsCqYq9gKB
gLlsEi+J8eJlV3sgaVfnHBpdM5pDo7m6p/v3h1az6rnUc88z+3pVqaB7+vg+3T1aPe9+nu939lK5
M8135EVFeUU8/rN/d9ET+DY2NMYHP/B34/C9R+Y8/ae7p2tRjwcAbDxlZWXxE299W/zjf/hP4oHD
Dyzp31crqaSkJB44/ED843/4T+In3vq2TXeE9xuZd5INZffO3fGRD/2/cebs6XjuhR/Guc5zi54B
ubSkJPbu2Rv33XM4Duw7+IY5h+5tP/6TcfL0yRgcWvrhf60tbfEPn/hI/PD5Z+PZ555dcKnPxobG
OHzv4Xj4wTdFuiwdFy8tfmnZ+RzYdyD27dkXx04ci5d+9GJ093TddiLV+rq62L1zTzx4/0PR1tq2
7DGUlJTET7z1bXH43iPx7HN/FT86/nKMLnBaTkkqFXt233j+A/vmX452oyopKYmffezn4vvP/EX8
4IfPxGRm7lVUFnobKiur4gP/z8/GKydPxDN/9ZfRe/HCvLetramJhx94Uzz0wMPT/6jYu2ffrBVo
Xj31avzkX3/74jcIANhwampq4qff+e748R/76/H8C8/Fcy8+t+KnPS+kqqoqHjz8YDxw5MGoqalZ
s+dl7aR+801/uGnX4fuFP/3Aeg+BZZrMTEZXd1d86atfvO2Soe1t7fGOt70j2ts6VNgVkM/n4/KV
S3Hp8qUYGxuL7FQ2qqqqo7qqKtpa2tZ0ZunJycm4eOliXB3oj7HxsZiamoqK8oqoqKyMqsqqaGlu
mfP0hpWUz+fjSt+VuNJ3OUZGRiKTyURJaUlUVVbF1sat0dbWHhXlxa32stFNTE5EV3dXXB3oj2w2
GxXlFVFTUxvtbe2Lep2vX78e53t74trItRifGI9UKhU1W2qitaU1WppbTR4KAG9w2Ww2znaeiWMn
jsWpMyfnPfV4OdLpsjiw72DcfefdsW/P/jfMl58L+f/e+dR6D2HV2AtkQytPl8eBfQeiJJWK2x3H
sbVh65yrfbA0qVQqWlvaorVl+UdDLFd5eXns2rlrXU/5SKVS0dLcEi3zzDOxmVSUV8TB/QcjYnlH
omzZsiXuOHhoZQYFAGw6ZWVlcXD/HXFw/x0xNTUV53vPR2fXuTh/oefGl2zj44t+zKqqqmhtbont
7Tti9649sb1ju6jxBiJwAAAAsK5KS0tnfaF1beRaDA8PxbWRazFy/XpkJicjm81GdiobZaVlUVZW
Funy8qjZsiVqa2qjrq4+amusvvZGJnAAAACw4dTW1AoWLIpVVAAAAIDEEzgAAACAxBM4AAAAgMQz
BweJ8MhPvzdyuYVXNG6oX91lQgEAANi4BA4S4e4771nvIQAAALCBOUUFAAAASDyBAwAAAEg8gQMA
AABIPIEDAAAASDyBAwAAAEg8gQMAAABIPIEDAAAASDyBAwAAAEg8gQMAAABIPIEDAAAASDyBAwAA
AEg8gQMAAABIPIEDAAAASDyBAwAAAEg8gQMAAABIPIEDAAAASDyBAwAAAEg8gQMAAABIPIEDAAAA
SDyBAwAAAEg8gQMAAABIPIEDAAAASDyBAwAAAEg8gQMAAABIPIEDAAAASDyBAwAAAEg8gQMAAABI
PIEDAAAASDyBAwAAAEg8gQMAAABIPIEDAAAASDyBAwAAAEg8gQMAAABIPIEDAAAASDyBAwAAAEg8
gQMAAABIPIEDAAAASDyBAwAAAEg8gQMAAABIPIEDAAAASDyBAwAAAEg8gQMAAABIPIEDAAAASDyB
AwAAAEg8gQMAAABIPIEDAAAASDyBAwAAAEg8gQMAAABIPIEDAAAASDyBAwAAAEg8gQMAAABIPIED
AAAASDyBAwAAAEg8gQMAAABIPIEDAAAASDyBAwAAAEg8gQMAAABIPIEDAAAASDyBAwAAAEg8gQMA
AABIvLIrYxfXewyr5vjLJ9Z7CAAAALBhbOYGUDaSGVrvMayaC72b940DAACAxdrMDcApKgAAAEDi
CRwAAABA4gkcAAAAQOIJHAAAAEDiCRwAAABA4gkcAAAAQOIJHAAAAEDiCRwAAABA4gkcAAAAQOIJ
HAAAAEDiCRwAAABA4gkcAAAAQOIJHAAAAEDiCRwAAABA4gkcAAAAQOIJHAAAAEDiCRwAAABA4gkc
AAAAQOIJHAAAAEDiCRwAAABA4gkcAAAAQOIJHAAAAEDiCRwAAABA4gkcAAAAQOIJHAAAAEDiCRwA
AABA4gkcAAAAQOIJHAAAAEDiCRwAAABA4gkcAAAAQOIJHAAAAEDiCRwAAABA4gkcAAAAQOIJHAAA
AEDiCRwAAABA4gkcAAAAQOIJHAAAAEDiCRwAAABA4gkcAAAAQOIJHAAAAEDiCRwAAABA4gkcAAAA
QOIJHAAAAEDiCRwAAABA4gkcAAAAQOIJHAAAAEDiCRwAAABA4gkcAAAAQOIJHAAAAEDiCRwAAABA
4gkcAAAAQOIJHAAAAEDiCRwAAABA4gkcAAAAQOIJHAAAAEDiCRwAAABA4gkcAAAAQOIJHAAAAEDi
CRwAAABA4gkcAAAAQOIJHAAAAEDiCRwAAABA4gkcAAAAQOIJHAAAAEDiCRwAAABA4gkcAAAAQOIJ
HAAAAEDiCRwAAABA4gkcAAAAQOIJHAAAAEDiCRwAAABA4gkcAAAAQOIJHAAAAEDiCRwAAABA4gkc
AAAAQOIJHAAAAEDiCRwAAABA4gkcAAAAQOIJHAAAAEDiCRwAAABA4gkcAAAAQOIJHAAAAEDiCRwA
AABA4gkcAAAAQOIJHAAAAEDiCRwAAABA4gkcAAAAQOIJHAAAAEDiCRwAAABA4gkcAAAAQOIJHAAA
AEDiCRwAAABA4gkcAAAAQOIJHAAAAEDiCRwAAABA4gkcAAAAQOIJHAAAAEDiCRwAAABA4gkcAAAA
QOIJHAAAAEDiCRwAAABA4gkcAAAAQOIJHAAAAEDiCRwAAABA4gkcAAAAQOIJHAAAAEDiCRwAAABA
4gkcAAAAQOIJHAAAAEDiCRwAAABA4gkcAAAAQOIJHAAAAEDiCRwAAABAyYKf5QAAIABJREFU4gkc
AAAAQOIJHAAAAEDiCRwAAABA4gkcAAAAQOKVrfcAYL2cePVYXOm/Mn35zoN3RvO21hV9jr7+K3H8
1WPTl5u2bou7D92zos+x0bwRt/mN6mznmejp7Z6+XFJSEkfuORI1NXXrOKqlWYu/DwAAWF0CBysk
H8Mj1+La8HCMjo9GNpuN3NRUlJaVRbqsLGq21EZ9XX1UVlat90DZQLJT2eju6Yyx8fGoq62LHR07
IiK13sOiCCMj1+J8b8/05VSqJO45dE8i4wYAAJuDwMGy5PO56OntiQuXemNiYuK2t6+rqYudO3bF
1samNRgdG93JU69E39W+iIjov9oXkc/Hju271nlU3E4+n4tXT70S+chPX3fo4KFoaNi6jqMCAOCN
TuBgyUauj8SJk8djbGy06PsMjwzHj068HC3NrXFw3x1RUmIamDeyoWtDBZcHh4dix/Z1GgxF6+rp
iutj16cv7997IJqbWtZxRAAAIHCwRCMj1+KlYy9Gdio762dVlVVRXl4eJSWlMTWVjbHxschkMgW3
uXzlUoxPjMfhuw9HKiVyvFFtqdoSg5nB1y9Xb1nH0VCMkdGR6D7fNX15147d0dGmSgEAsP4EDhZt
aiobx175UUHcKCkpiZ3bd0VHa0eUpdOz7nN99Hp0n++KK32Xp68bHh6KU2dOxsH9h9Zk3Gw8dxw4
FGc7z8TYxHjU1dTF7h2713tILCgfJ0++Evn8jVNT2ls7YvfOPes8JgAAuEHgYNG6ejpjYvL1+TZK
S0rj8D2HF5xccEv1lrjz4F1RV1sfp8+enL7+4uWL0drcGnV1Das6ZjamiorKuPOOu9d7GBQpm8nG
zh035khJlaSiyVw6AABsIM4NYNEuX7lScHn3zj1Fr5zQ0dYRrc1tBdd1dneu2NiA1VOWTse2pubY
1tQcTY3bwoo3AABsJAIHizI+PhaTmVtXS0lFa2vbvLefy64dhatkDA4PRTabmefWAAAAcHtOUWFR
JicLl4JNp9NRVrq4j1FlZVVUVFTGxMT4a9fkY2TkWlFLTI6OXo+h4aEYHbse2Ww28vl8pNPpqKqq
joa6hqhew0kqR0aG4+rAQExkJmIqm410ujyqq6pj69amqCivWKFnycfw8FAMDg1FJjsZmUwmysrS
UZ5OR11dfdTX1a/pJK0rvc2jo9dj8pYJaLdUV0c6XV7UfXNTUzEwPBjXrg1HJjMZU1NTUVpaGul0
edTV1kVDXX2UFPnZHBx6faLT8nS64HM0Nno9+gevxsTE+PTrX1FeEY1bt0ZNdU2RWzqflX1/h4YG
pxduLSstKTiyKjeVjb6r/XF9dCQmJycjUqkoT5dHXV1dbG3YWtTz3O79yk5lY2RkZPpyaWlJ1BZ5
dFdExNjYaExMTk5frqqsjIqKytvcKx+DgwMxdG04xifGb/ydUJaOyorK2Nq4Naqqqot+fgAAkk3g
YFFKSkoLLk9NZSMiH4s9VL2pcWtcH71lednUwve/OtAfXT2dcW3k2oK3q62pjT279kVD/erN6TF8
bThOnX61YJnMAmdPRnNTc+zbc2AZz5KP873no7u3a9YKNLcqKy2L7e3bY8f2Xau65O5qbXNXT2dc
6X/9lKc7D94ZzdtaF7xPLpeLzu5zcfHShTlX8bmptLQ02lvbY/eOPVFSWjrv7SIiXjr2YsRraaCh
vjHuu/twjFy/FqfPnorha8Nz3udc99mo2VITB/ffETVbahd8/NlW5/19+fhLkcvnIiKiuqo6Hrr/
Ta+9Xmej92Jv5HK52XfqjShPl8fe3fuipXnh137W+3XH3dHc1Fxwmx+deGn6eVKpVPzYw2+NsrLi
/lNz4uSJGLn++u/44buPLBA48tF78UL0nO8qmBPoVmc6T0dNdU3s33cg6mrrixoDAADJJXCwKJWV
hTsbuVwu+q/2RdPW5nnuMbf9ew8Wect8nD57Knov9hZ162sj1+KlYy/Erh27V2V1hwsXe+PULZOk
zudK/5UYGh6K9tb2RT9HJjMZLx97KUZGR2572+xUNjp7OuPSlctx3933RWVl1aKf73bWYpuLNTk5
GS8deyFGx0Zve9upqano6e2J/oGrcd9dh6OiorgjTLLZTFzpvxKvvHo88tPHQ8xt5PpIHH3x+Th0
8M5o3tZS1OOv1fs7lZuKycxkvPijozE2NrbgbSczk/HKqRMxPjEeu5axkk1ZaVlsbdgafVf7IiIi
n89H/9Ur0dpy+8/ExMR4QdyoKK+I+nlCZTabiWOv/CiGhodu+7gjoyPxwstHY/+e/dHRvqPILQEA
IInMwcGilJWlo27GIeenzpyOsfGFd6CW6uTpV2fFjfRrEx12tG2PjraOaKhriNSMI0C6ejqLjiLF
utJ/Zc4d/XQ6HXW19dHY0BjVtxwOP5mZjM6exU2gOpmZjBdePjpr5zedTkdjw9ZoaW6NrQ1bo3zG
aRzjE2PxwstHY6yIHf/FWIttLlZuaipePHZ0VtyoqqyKbU3N0drcFk0NTZGesUzx2NhovHT8hchN
TRX1PKNjo3HilrhRWlIatTW10diwNWpqaqNkxqkc+cjHK6deiaFbTnOZz1q+v9lMtiBupCIVNVtq
YmtDU9TXNUS6bPZyzp3d52J4ZO4jVoo18yiQK/19Rd2vb8bt5gtG2alsvPDy0Vlxo7KiMrY1NUdL
c2vU1zXMep9OnztdcPQJAACbjyM4WLQd23fGsVd+NH15MjMRR198Lvbu3hdtrW2xUisrXOm/HBcv
X5y+nIpU7Nm9N7a3b581X8DExHicOHm84HSCzq5z0dLcsug5QuaSzWTi9JnCHf3ydHkc2HcgmrYW
riYxMT4WXee7CsZerFdOHi+IRWWlZbFvz4FobWmJwtc1H339fXHq7MnpUxwmM5Nx4tXjcf/hB1Zk
Xo612uZidZ3vKjgSIV2WjjsP3jlr7pZ8PhfnL/TEuc5z05FibGwsOns6Y+/ufbd9npunV5SWlsa+
3fujpbm14PSQ7FQ2es53R/f57rh5Wks+n4uTZ0/Gw/c/HAt9/tfy/Z3KTU2/Xm0tbbF7194Z4SQf
Fy5eiDOdpwtOXTnf2xN1y1i6d2vj1kiXpSPz2sTBg0ODkZ3K3vb3sO9qYXxoned0mROvHi+IXOXp
8ji4/47YOmPJ2uxUNk6fPRWXr1yavu702VOxtaExSlfg7wQAADYeR3CwaE1bt0VbS+HKKdmpbJw8
82r84LkfRHfP/OfEL0Z3T1fB5f17D8SOjp1z7txVVFTGPXfdV7ADl53KxMBA/7LHERFxrvvc9A5b
xI2d6/vve+C1U3MKd2grKqvi4P5DsX/P/kU9x8VLFwomuywpKYn77j0SrS2ts54jIhXbmprjyL0P
RFnp69/Ej4yORNeM122p1mKbF+PSjHhy6MDsuBERkUqVxI6OXbNixo37L3zKyU3pdDoeuO/BaGtt
nzX3RVlpWezZtTfu2F94mtXY2GhcvDR/4Fmv93ff7v1xcP+hWUeFRKSiva1j1us0MHh1UY8/UypV
EttumZcjn89F/22O4shkJgviZE11zZwTBl++cqlgfOn0jc/kzLgRceN9OnTgzmi85TOSyUzG+d6e
RW0PAADJIXCwJAf3H4qOto5Z109MjMe57rPxgx/+ZTz/4nPR1d0ZY6PzTEy5gGw2G9dvuV+6LB3t
bQufx19WWhZtM+Z/mG+CyMXITU0VfAscEbF39/7bru7Q0b5j1gSM88u/dkTArc+x77ardFRVVsWB
/YUTe/ZeOF/06RjzWZttLl4mMxmTmddX1yhPl0dj48Kr7mzv2F4w70Ymm4mRIj+Lhw7cedvVN1pb
2qNpxo71zAjzuvV5f9ta22N7x8LzTrTPiDhTU1PLPtVp9mkqC58aMvM0lubmuU5PyUfXjNOfDu67
47afyZnR7eKMzzUAAJuH43RZsv17D8bWxqY4ffbUnHNwjFy/FiPXr0Vnz7morqqOtpb2aG1tK+qU
kdLSkrj/vgdev1xSGsWc+rJlxre+k7csOblU/QP9MZV7fYeyoqLitVMKbm9bU3NR5/0PDAzE+MTr
r2FFRcWcAWkuzU0t0V3dHddfm9chO5WNS1cuRXuR95/LWmzzYsxc/WPO1UBmScWOjp0xestqPaVF
nrrTWMSSxRERO3fsiv5bjhIaHhmOyczkrKMl1uv93V/EKTmpVElsqa6Ja7fMvTE5Obms5VXrauui
qrJq+u+F252m0j/j8zLXai6DgwMFf89sqdry2qlSC6uqqo66uvoYfm3OjpuTmS5+5RsAADY6R3Cw
LI0NW+PhB94UB/ffUTDZ5EyjY6NxpvN0PPPs96Oz+9xtv4FOpUqitqZu+s9ch6vPpWzGcqDZZR7J
EBExfK1wMsNtc5yisVwDQwMFl5ubZs7JsLCZ8xUMzni8xVqLbV6M8vLyWfNgzH+0xOs62rbHgX0H
p/8sZ6d9LrU1dVFZUbiyybU5Julcr/e3pMi5JmYu45rNzb/8brFabpkkdKHTVLLZbMGEoQ11DXOc
ThPRP1B46sy2ptvHjZsa6xsLLl+7tvBy0wAAJJPAwQpIRVtLezx0/5vi8N1Hor21I9Jz7KBE3Pjm
vaunM5594a+WffpIPp+LbDYTk6+dvjCZmYzM1Mwds+LmXFjIyPXCFS/q6+qX/ZgzzXwtij2C4PXb
F+7ADS3ztV2LbV6MmfM6REScPPPqvEcPraWGGa/N9ZHZy79utPd3ppIZsSWfW/7vzcyjMPrmOaqn
/2pfwXK8cx29EREFS8hGRNQt4jM588iu0bHFnzYHAMDG5xQVVlR9fUPU1zfEgX0HYmh4KPr6+6Kv
/0rB/AkRERMTE/Hij47GXYfumTWPwdzyMTg0GH39fTFy/VqMjo4WnEKxmiYnMwWXiz2aZDEmJsYL
LtdsWXhuhpmqq6ujJFUSufyNUzcymcnI53NLXk1lLbZ5sfbt3hdDQ4PTE9jm8/novXg+ei+ej+qq
LdFQXx/1dQ3R0NC4IivnFKuquvCokFsnZr1po72/a6Gysirqauqml50dHBqMqansrBVMbg0fJSUl
0TzPkRnj44Wv4dmus1GSKm5J4qkZ4fPmyjQAAGwuAgerJBX1dQ1RX9cQ+/fuj/6rfdHV013wLWw+
n48Trx6LB+97MKoW2IHu678SZzvPFsxhsJZm7hyly9Lz3HLpstlbnyM165SB20tFaVlZ5G4JSZlM
NsrL5z6S5nbWYpsXK50uj/vvezBOnDweQ8ODBT8bHbseo2PXo/dib0TcmAOieVtLtDa3rvqSoDNf
m8L3cq7r1v/9XSvNza3TgSOXz0Vff/9rq8bckJvKxuAt72VTY9O8p9VkZ3wmR0aWfprJSpy6BgDA
xrNxv/5jE0lF09bmeODwg6+taPD64fC5XC7OdJ6Z956nz56K468emxU3SkpuTIxYX9cQjQ1bp//U
1qz8xIEzjxSZuWzo8uWnv5m/8fhLm+ti5rhyyzjCZfW3eWnKy8vj8D1H4p47742G+oZ5bzd8bThO
nz0VP/jhM9HV3Rn5fDGTki5NSenM133mc22893ettGxrKTjKZOZkov0D/QWv13ynp0QUO7FscVbz
8wAAwPpxBAdrqqN9R0zlcnGu6+z0dVcHr0Y2k4mydOE34T293dF78fwt16SiraU12lrbo7ambs7H
Hxy8Gi8df2lFx1xaWlqwc5XLTa3wDn8qSkpKpp/jxv/mY7GTes6cuHXxRwm8bvW3eXm2NjbF1sam
yGQmo6+/L4aGB2P42vD06Ss3Zaey0dlzLq4OXo1777o3ylbhSJSZr/vsI0Y23vu7VsrKymJrQ+P0
SjMDQwMFp6n03TLxaLosHVsXWPo3lSopCBM7t++KVGppsWjmxLAAAGwOG/9fyGwg+YJDu1Mx187c
7e3o2BHdPV0FRwkMDg8WTCKZncpGZ/e5gvvdfejuopaFXGllZWUF5+xnJidXfEc5XZYu2DmfzGTm
XEliPjcmXC08hH85O8Brsc0rIZ0uj/a2juklU8fHx+LqQH9cvHxpelnViBsrm7xy8kTcc9d9Kz6G
yRnzOZTOWMknYuO9v2uppbl1OnDk8rnov9ofLc2tkcvl4urg6yujNG9beKWeG5/J10/R6WjfvqjX
EACAzW/jfCXLhjc8PBzf/8H/nf7zV8//YEmPk0qVxJYthXNuTGYKv3nv779ScARBc1PzusSNiIiK
8sqCyyOrsAJDVWXhN8qLnV/g+vWRgpUobnxDvfRlXddim1dDZWVVdLTviAePPBS7duwu+NnVwauz
VodZCddHC1+byorKWbfZaO/vWmra2hRlpa/HsZuTig4MFp6e0rzA6SkRERUzYsboKryXAAAkm8BB
0WZOaJjJZGZNRlm0mYeWz1iVcuR64U5jfd388y2strrawtNhBgcHVv45Zix5efMb72L1D1wtuLzc
ZV3XYpsXY3T0ely/5U8xdu/cM2tOlsGhld6OG6v73KqmZvYKKRvt/V1LN5b4fT1O3jxN5cotp6dU
vbbiykLq6gp/fnWdP5MAAGw8AgdFq6ysmnVI+JW+K/PceiH5GBsbLbimvLyi4HJ2xlKbxZ5rP/N0
gZXQMCOu9F/tnzUfwnyKncxw5lK5fX1Xio5H+XwuLl25WHDdQnMZFGMttnkxXj7+Ujz3wrPTf8bH
i1tRp6G+seDySi8POjAwUHDaRElJSdRumT3R7UZ7f9daa3PL9P/P5XLR198XAwO3np7SMtfdCsx8
Ly9dvrj0wAoAwKYkcLAoM1c5ONd9NiZv2cErxqXLFwt2NFORmrVDPXN+gcEZy4LOJZOZjLMLrMiy
VPX1DQWTEmaymei5cH6Be9yQy+Wis7uzqOeoqaktOGrixhwkxd23p7cnJiZeP8WnoqKi4BvzpViL
bV6M6hnLCF8dLO4IiJkrb6TTxc0jcunyxdvfKPLR2VO4rU1bt0XJHHNwbLT3d63V1TVExS2n7pzr
Oluw7OtCq6fc1LS1KSoqXg+h2alsnDlX/O9778WeOHXmpBVUAAA2MYGDRdm5fWekbzmKI5PJxNEX
n4uhodsHiIiIqwP9cersqYLrtjZunbWCysxTJPr6rsTQApHj+uj1eP6l52bFllw+P889Fmd7x/aC
y109nQue7pCbmorjr/woxoo80iDixikVtzp/oScuX7m04H2uDlyNzq7CyVh379gTKzE/w1psc7Fa
ZnzD39XdddvnmZgYn/X6zTxVZD6nzp687eksZzvPxrWR4YLrOl6b7HQuG+39XWu3voe3/p7W1tTN
mqNkbqlZ86pcvHwhus933faePb3dcfrs6bhwqTdefPmFRUdZAACSIRnT8LNhlJWl466Dd8XLJ16a
/nZ8YnIiXjz2QtTXNURrc0vU1TVEVWVl3NwJm8xMxvDwUFy+cmnW3AOlJaWxf++BWc/T1Lgt0uny
6cP/85GPl4+/FDs6dkZT07aoLK+MXD4Xo6PX40r/lbh0+dKc38xOZVfmEPaOto64dPlSjFy/MTlk
Pp+Ll4+9FB3t26OtpS2qq6sjIhWTmcno7++L8xd6Fr2j31DfGB1tHdF7sXf6uldOnYih4cHoaN8R
W245imFsbDR6L/bOWEb3xqkQrS1tS9/QW6zFNherpbk1zl88Pz05Zyabiedf+GG0tbZHa0tbwWsz
NZWNvv4rca7rXGRuOdWpZkvtbed5uCmXy8VLx16Kjrb26GjbHlVV1dM/G7l+Lbp6uqL/al/BfZqb
mqOudv6AstHe37XW2tw6Z4xoaW6e49Zza2tpj6tX+wv+HjnXdTaGhgdj1/ZdrwWsm/EnH1cHrkZP
b09BHJ3ITEZJAgMRAAC3J3CwaPX1DXHvnffF8VePFexADg0PFuxIlJSURC6Xj1kziL6mtKQ07rnr
3oJD16fvW3ojfJx49dj0dblcLrp6OqOrZ/5D+ysqKmNiYnz68vgt/395UnHnwTvjhR8dnT69Jh/5
OH+hJ85f6Llxi1TJrMhSWVG5qDHs27M/JsYnov+WUzAuXr4YFy9fjJKSkkin05HNZmNqjvkwamvq
4o6Ddy5l4+axNttcrLsP3hVHXz46/e37VG5qeiwlqZJIl6cjn8vP+e18WWlZHDpwqOjnuvHZzb0W
GXqnX/tMJjPrtJeIG6uaHNh78LaPu7He37VVVVUdtTW1ce2WFWRSqVS0bLv96Sm3uuPgnfGjYy/F
8C1HzwwMDsTA4ECUlJRERXlF5HK5mJycLFh5JuLGssL33nnvrCPGAADYHJyiwpLU1zfEg/c/HM1N
83/7emNHcO64UVdbF/ff98CCq6M0NzXH/r0Hip5gtGnrtnjw8IMF101NTc2a0HSpqqqq4967DkfF
jAlRb5q5o19fVx/33n14Uc+RSpXE3XfdE22t7bN+lsvlYmJiYs6d36at2+Lw3YejrHRlm+VabHOx
Kiqr4vA9R2JL1ZZZP8vlb7w2c8WNyorKuO+ew7Pm8VjIfXcdjnTZ6zvBN1/7+eLGvXffV9RO80Z7
f9fazFONGusbo6xscbGhrLQs7rvnyJwTk+ZyuRgbH4uJyYlZcaO2pi4ePPLQoj4HAAAkS7L/tcy6
Kk+Xx5133B27R69H76UL0T/QVzAZ4kwlJSXRWN8Yra3ts1aVmE9H2/aoramNzu5zMTDPspC1NbWx
c/uuaNq6bfryrd8S91/tix3bdy1iy+ZXs6UmHrr/4TjXdTYuX7lcMFHiTVWVVbG9fUe0t3XEfIFn
Yak4uO+OaGtpi+7urhgYHphzxzqVSkV9bX3s3L4zGhpWb1WNtdnm4lRVVcf9hx+Mi5cvxIWLvTG6
QLyqqqyK1pa22N6+I0pKFtdy6+rq4+EH3hSd3Z2vbfPs1VfSZeloaW6NPTv3zDmx6Pw21vu7llq2
tcaZzjORf21unGImF51LSUlJ3Hnwruho2x7dPV0xOM9rGHHjc9DR1hHtbR2RSmn6AACbWeqjh35t
9fZG1tl7P/nj6z2EN5yJiYm4Pno9JicnYio3FaWlpVFWWhZVVdWx5bU5G5Yqm83E8LXhmJycjFw+
HxXl5bGlektUFjVB4crL53MxNDwcExPjMZWbivJ0eWypqo6qFf6GOJfLxbVrwzGZmYhMNhNlpeko
Ly+PmpraNf9Gf622uViZzGRcG7kWmUwmpqayUVJaGumydNRsqZnz1Kf5fO/7T8etYeYn3vKTt/w0
H8PXrsXExNj0619RURF1tXUrssO8kd7fpJr5GqaiJMrL07Glumbd/n4AANiovv6r/3e9h7Bq/OuZ
FVVRUVGwlONKKitLx9Yij/xYC6lUSTTUz3+KzUopKSmJ+jV4nmKs1TYXK50uX4PPROrGqj61xU1Q
ulgb6f1NKq8hAAAR5uAAAAAANgGBAwAAAEg8gQMAAABIPIEDAAAASDyBAwAAAEg8gQMAAABIPMvE
Am946bKyyOVz6z0MAABgGQQO4A3vx9701vUeAgAAsExOUQEAAAAST+AAAAAAEs8pKhSnLL/eIwAA
AN7Isqn1HgEbnCM4AAAAgMQTOAAAAIDEEzgAAACAxBM4AAAAgMQTOAAAAIDEEzgAAACAxBM4AAAA
gMQTOAAAAIDEEzgAAACAxBM4AAAAgMQTOAAAAIDEEzgAAACAxBM4AAAAgMQTOAAAAIDEEzgAAACA
xBM4AAAAgMQTOAAAAIDEEzgAAACAxBM4AAAAgMQTOAAAAIDEEzgAAACAxBM4AAAAgMQTOAAAAIDE
EzgAAACAxBM4AAAAgMQTOAAAAIDEEzgAAACAxBM4AAAAgMQTOGBN5dd7AAAAAJuSwAEAAAAknsAB
AAAAJJ7AAQAAACSewAEAAAAknsABAAAAJJ7AAQAAACSewAEAAAAknsABayq13gMAAADYlAQOAAAA
IPEEDli2/HoPANbJZvjsb4ZtWAmb4XXYDNsAACyHwAFLdvMf00474Y1mpT/767Fjuhm2YSVshtdh
M2wDALASBA42ifX4B+lqhQ3/uGajW+nP/npEws2wDSthM7wOm2EbAICVkHr+Kyc27d7UgZ/csd5D
2DxKNu3HBAAASIKcCL0STv15z3oPYdWk8vm8PVcAAAAg0ZyiAgAAACSewAEAAAAknsABAAAAJJ7A
AQAAACSewAEAAAAknsABAAAAJJ7AAQAAACSewAEAAAAknsABAAAAJJ7AAQAAACSewAEAAAAknsAB
AAAAJJ7AAQAAACSewAEAAAAknsABAAAAJJ7AAQAAACSewAEAAAAknsABAAAAJJ7AAQAAACSewAEA
AAAknsABAAAAJJ7AAQAAACSewAEAAAAknsABAAAAJJ7AAQAAACSewAEAAAAknsABAAAAJJ7AAQAA
ACSewAEAAAAknsABAAAAJJ7AAQAAACSewAEAAAAknsABAAAAJJ7AAQAAACSewAEAAAAknsABAAAA
JJ7AAQAAACSewAEAAAAknsABAAAAJJ7AAQAAACSewAEAAAAknsABAAAAJJ7AAQAAACSewAEAAAAk
nsABAAAAJJ7AAQAAACSewAEAAAAknsABAAAAJJ7AAQAAACSewAEAAAAknsABAAAAJJ7AAQAAACSe
wAEAAAAknsABAAAAJJ7AAQAAACSewAEAAAAknsBRpKmpqTh27FiMj4+v91AiImJ8fDyOHTsWuVxu
vYcCAAAA607gKMLU1FQcPXo0Xn311XjmmWfWPXKMj4/HM888E6+++mo8//zzIgcAAABveALHbdyM
G93d3RERMTAwsK6R42bcGBgYiIiI7u5ukQMAAIA3PIFjATPjxk3rFTlmxo2bRA4AAADe6ASOBbzy
yiuz4sZNax055osbN3V3d8eJEyfWZCwAAACw0QgcC9i3b180NjbO+/O1ihy3ixsREY2NjbFv375V
HQcAAABsVALHAiorK+PNb37zukaOYuPGm9/85qisrFyVMQAAAMBGJ3DcxnpGDnEDAAAAiiNwFGE9
Ioe4AQAAAMUTOIq0lpFD3AAAAIDFETgWYS0ih7gBAAAAiydwLNKSTLhYAAAgAElEQVRqRg5xAwAA
AJZG4FiC1Ygc4gYAAAAsncCxRCsZOcQNAAAAWB6BYxlWInKIGwAAALB8AscyLSdyiBsAAACwMgSO
FbCUyCFuAAAAwMpJ5fP5/HoPYrMoNlocOXIkXnjhBXEDAAAAVojAscKKiRy3I24AAADA4jhFZYUV
c7rKQsQNAAAAWDyBYxUsNXKIGwAAALA0AscqWWzkEDcAAABg6QSOVVRZWRlHjhwp6rZHjhwRNwAA
AGCJBI5VND4+Hi+88EJRt33hhReml5AFAAAAFkfgWCWLXU1lYGAgnnnmGZEDAAAAlkDgWAVLXSpW
5AAAAIClEThW2FLjxk0iBwAAACyewLGCiokbjY2N8fa3v33B1VVEDgAAAFgcgWOFFBs33vzmN0dD
Q8Ntl5AVOQAAAKB4AscKWEzcuLkUbGVlpcgBAAAAK0TgWKalxI2bRA4AAABYGQLHMiwnbtwkcgAA
AMDyCRxLtBJx4yaRAwAAAJZH4FiClYwbN4kcAAAAsHQCxyKtRty4SeQAAACApRE4FmE148ZNIgcA
AAAsnsBRpLWIGzeJHAAAALA4AkcR1jJu3CRyAAAAQPEEjttYj7hxk8gBAAAAxRE4FrCeceMmkQMA
AABuT+BYwJkzZ9Y1btxUbOQ4c+bMqo4DAAAANiqBYwGHDh2KnTt3zvmztYobN90ucuzcuTMOHTq0
JmMBAACAjUbgWEBpaWncf//9syLHWseNm+aLHDt37oz7778/SktL13Q8AAAAsFEIHLcxM3KsV9y4
aWbkEDcAAAAgIpXP5/PrPYgkmJqaildeeSX27du3bnHjVuPj43HmzJk4dOiQuAEAAMAbnsABAAAA
JJ5TVAAAAIDEEzgAAACAxBM4AAAAgMQTOAAAAIDEEzgAAACAxBM4AAAAgMQTOAAAAIDEEzgAAACA
xBM4AAAAgMQTOAAAAIDEEzgAAACAxBM4AAAAgMQTOAAAAIDEEzgAAACAxBM4AAAAgMQTOAAAAIDE
EzgAAACAxBM4AAAAgMQTOAAAAIDEEzgAAACAxBM4AAAAgMQTOAAAAIDEEzgAAACAxBM4AAAAgMQT
OAAAAIDEEzgAAACAxBM4AAAAgMQTOAAAAIDEEzgAAACAxBM4AAAAgMQTOAAAAIDEEzgAAACAxBM4
AAAAgMQTOAAAAIDEEzgAAACAxBM4AAAAgMQTOAAAAIDEEzgAAACAxBM4AAAAgMQTOAAAAIDEEzgA
AACAxBM4AAAAgMQTOAAAAIDEEzgAAACAxBM4AAAAgMQTOAAAAIDEEzgAAACAxBM4AAAAgMQTOAAA
AIDEEzgAAACAxBM4AAAAgMQTOAAAAIDEEzgAAACAxBM4AAAAgMQTOAAAAIDEEzgAAACAxBM4AAAA
gMQTOAAAAIDEEzgAAACAxBM4AAAAgMQTOAAAAIDEEzgAAACAxBM4AAAAgMQTOAAAAIDEEzgAAACA
xBM4AAAAgMQTOAAAAIDEK1vvAQAkyalTp+Lf//t/X9Rt3/GOd8SHP/zhVR4RMJf/9J/+Uzz77LPT
l8vLy+MTn/hEtLe3r+OoAIDVJHAALMLIyEj8t//234q67c6dO1d5NMBcfu/3fi8+9rGPzbr+5MmT
8ZWvfCUaGhrWYVQAwGpzigoAsGl88YtfjI9+9KNz/uzpp5+OD3/4wzE2NrbGowIA1oIjOFbZ7//+
78d3v/vdFXu8VCoVVVVVUVVVFU1NTdHW1hZ79+6NgwcPxs6dOyOVSq3YcwFAkvzv//2/4+///b+/
4G2+8pWvxC/8wi/EZz/72Sgr888gANhM/Jd9lZ08ebLow9mX6+67746f+Zmfife///3x1/7aX4uS
EgfoAPDGcPTo0fjABz4Q4+PjBdc/+uij8a1vfSsymcz0dZ/73Odi69at8elPf9oXAwCwidgD3kSO
HTsWn/rUp+Itb3lL/PiP/3h87Wtfi1wut97DAoBVdfr06Xjssceiv7+/4Pqf+ZmfiT/6oz+a84uG
//Af/kP85m/+5loNEQBYAwLHJvWXf/mX8b73vS/+9t/+23Hu3Ln1Hg4ArIpLly7FBz7wgVn/rfux
H/ux+K//9b9GVVVV/J2/83fiP/7H/zjrvh//+Mfjc5/73FoNFQBYZQLHJvc//sf/iLe+9a3xve99
b72HAgAramhoKB5//PE4evRowfUHDhyI//7f/3s0NjZOX/exj30s/uW//JezHuMjH/lIfPWrX131
sQIAq0/geAO4cOFC/NRP/dSKTnYKAOtpfHw8fv7nfz7+1//6XwXXNzU1xRe/+MXYtWtXwfWpVCo+
+clPxhNPPDHrsR5//HFfBADAJmCS0XX0z//5P593Kbv55PP5GBkZieHh4ejv748f/vCH8a1vfWvW
t1czjY+Px9/6W38rnn766Th8+PByhg0A62pqaip+8Rd/MZ566qmC69PpdPzxH//xvP+dS6fT8ZnP
fCYuX74c3/rWt6avHx0djcceeyz+7M/+LI4cObKqYwcAVo/AsY6ampri0KFDy3qMn/3Zn40nn3wy
nnvuufit3/qt+MIXvjDvbYeGhuJDH/pQPP3001FbW7us5wWA9fLHf/zH8eyzz8ZDDz1UcP2/+Bf/
Iv7G3/gbC963pqYmPv/5z8c/+Af/IC5fvlzws49//OPx1FNPRU1NzYqPGQBYfQLHJvHggw/GH/7h
H8Zjjz0WTzzxxKxl8m46evRo/O7v/m786q/+6hqPEABWxgc/+MH44Ac/uOT7b9u2Lf7kT/5kBUcE
AGwE5uDYZD7wgQ/E//yf/3PB23zqU5+K3t7eNRoRAAAArD6BYxN65zvfGU8++eS8Px8dHY3Pf/7z
azgiAAAAWF0Cxyb1i7/4iwtOlPYHf/AHkcvl1nBEAAAAsHoEjk2qoqIifumXfmnenx87dixOnjy5
hiMCAACA1WOS0U3s0UcfjXQ6HZlMZs6fv/jii8texWWm4eHh6OnpiQsXLsT169cjk8lERUVF1NTU
RHt7e+zYsSO2bNmyos+5XP39/XHy5Mno6+uLycnJqKuriz179sSBAwfWe2iz5HK5uHjxYpw/fz4G
BgZibGwsstlsVFdXx5YtW6KjoyO2b98eVVVV6z3UefX19cW5c+fiypUrMTo6GlVVVVFfXx/btm2L
/fv3R1nZ2v21NDg4GOfOnYtLly7F9evXo7S0NGpra2PXrl2xe/fuSKfTazaWYuXz+bh8+XL09vZG
X19fjI6ORjabjaqqqqitrY2Ojo7YsWNHVFRUrPdQKdLU1FT09vYW/F6nUqmorq6Opqam2L59e7S1
tUUqlVrvoUbEjRW5zp8/P/17MzExEel0OrZs2RJtbW2xe/fudV2FJJ/PR2dnZ/T09MTQ0FCMj49H
ZWVl1NTUxPbt2zf835GLcenSpejq6pr+u6CsrGz6vwW7du2yGswyJOVzlM1m48yZM9HZ2RnXrl2L
8vLyaGpqisOHD2+4f28BrAWBYxOrr6+P97znPfHVr351zp+fPXt2RZ7n2LFj8bWvfS2+9a1vxXe/
+90Fb5tOp+Onf/qn46d+6qfikUceif3796/IGCIient74zd+4zfm/Nk73/nOeN/73jd9OZPJxNe/
/vX43Oc+N++krF/4whfi8ccfX7HxLdXQ0FB85zvfiT/90z+Nb3zjG9HV1bXg7dPpdLzrXe+Kv/k3
/2Y88sgjceeddy57DN/5znfia1/72m1v9/DDD8cTTzwx6/qurq744he/GF/+8pfje9/73rz3b29v
j0ceeSTe9773xbvf/e5V2Unv6+uLL33pS/HlL385vvnNb857u+3bt8fjjz8eTzzxRBw+fHjFx7EY
ExMT8fTTT8c3vvGN+OY3vxnHjx9f8Pa1tbXTv2fvfe97o6OjY41GuvquXr0av/7rvz7nz9LpdDz5
5JMrGsl++7d/Ozo7O+f82T/7Z/9sySF0ZGRk+nf6T/7kT6Knp2fB2x84cCDe8573xHvf+95429ve
tqY7Vvl8Po4ePRpf+9rX4jvf+c6Cv8MRN96Ht7/97fG+970vHn300di7d++qj3FycjL+z//5P/Gl
L30pvvKVryz4elZXV8e73/3uePe73x2PPvpotLe3r/r4VtLx48fjqaeeii9/+cvx/PPPz3u7ysrK
eNe73hWPPfZYPProo9Hc3Fzw829/+9vx9a9/fdb9Ghoa5v0dm8unP/3pOH/+/Jw/+8QnPhF1dXVF
P9Z8Fvo9/Nf/+l9HW1vbsp8jYv0/R7//+78/73v65JNPFvzenzt3Lv7Lf/kv8fnPfz7OnTs36/Y7
duyI7u7uZY8JIHHyrKpf/uVfzkfEnH9+/dd/fdWf/1d+5Vfmff6Pfexjy3rsv/iLv8i///3vn/fx
i/nz9/7e38s///zzK7KtJ06cmPd5PvnJT07f7vjx4/l3vOMdtx3b5z//+RUZ11KdP38+/2u/9mv5
+vr6Zb3G73nPe/Lf/e5387lcbslj+b3f+72inutDH/pQwf0uXbqU//jHP55Pp9OLHvcDDzyQ//M/
//PlvozTRkZG8r/1W7+Vr62tXfRYPvrRj+YvX76cz+fz+eeff77o+/3yL//yssY8PDyc/8xnPpPf
s2fPsj4D//Sf/tP8q6++uhIv44bwrne9a95tfeaZZ1bsea5evZqvrKyc83n27NmTn5iYWPRjDg4O
5n/7t38739zcvOT3c8+ePfn//J//c35kZGTFtnUuuVwu/+1vfzv/tre9bVmfv4985CP5kydPrsoY
M5lM/qmnnsofOXJkSWNLp9P5f/Wv/lX+4sWLqzK+lXT69On8P/pH/2hJ29nY2Jh/8skn89euXZt+
vE996lNz3va+++5b1LgW+u/plStXVmTbH3300XmfYyU+Wxvlc/TRj3503ufo7++fHuvv/M7vzPt3
080/7e3ty35dAJJI4Fhl6x04fud3fmfe5//5n//5JT3m1atX8x/72MeW9Q/emX/+zb/5NwX/8FqK
hQLHr/zKr+Tz+Xz+e9/7XtE7Fl/4wheWNZ6lmpyczH/2s59ddtiY+efnfu7n8mfPnl3SmIoNHI88
8sj0ff7sz/4sv3fv3mWP+7Of/eyyX9MTJ07k3/KWtyxrHIcOHcofPXp0zQLHN77xjfyhQ4dW7P2v
rKzMf/rTn86Pj48v+/Vcb3/wB38w73b+u3/371bseb70pS/N+zz/9t/+20U/3re//e38HXfcsWLv
6UMPPZT//ve/v2Lbe6srV67kP/zhD6/YWKurq/Of+cxn8tlsdsXGePLkyQVj12L+7Nq1K//Nb35z
xca20v7oj/4o39jYuOztvP/++/MvvvhiPp/P53/pl35pztu80QLHRvocLRQ4ent78+Pj40VHrh07
dizrdQFIKpOMbnKlpaUr+ninTp2Kd73rXfG7v/u7K/q4n/jEJ+L973//vIe5Ltf4+P/P3p2HRVX9
jwN/Y44iMiAiIoIKShgEAR80NRVXNiN3UVPBLLPUFvtaqWnpR83MPUtNs9wVRQPzgwIqbrmiIoqC
Yuwg+w4zDMz5/dGDP5e5Z86de2eGgffree7zlOfO+7znzp1h7nvOPUcG9+7dg9GjR0NBQQHTY/Rx
v3thYSEEBQXBrFmzoKysTNTYhw8fhl69eqkckiyW3NxcAADYt28fDBs2TJTboGbNmiVoWeO4uDgY
MmQIXLlyRVAeycnJ4OPjAzdu3BAUR53a2lpYvHgxBAQEQHJysmhxZTIZfPXVVzBp0iQoLCwULa4+
+Pv7c86PcuDAAaivrxelH9ptWaNGjWKOo1QqYe3ateDr6wsPHz4UIzUAALh58yZ4e3vDb7/9JlpM
gH8/54cOHQq7du0SLWZ1dTXMnj0b5syZAzKZTHC848ePw5tvvgkxMTEiZPfvbXT+/v6wZ88eUeKJ
adOmTRAUFAQlJSWCY8XHx8OgQYPgwoULUFxcLEJ2hs2QziO5XA7z58+H33//nWl/Xc5nhRBCjYq+
KyxNnb5HcHz33Xec/fO9RSUpKYl07dpVtF/0VG2urq4kIyNDo+dKG8Hx7rvvkt69e/PKJTQ0VKM8
NJWRkUE8PDy0enwbtu3bt/PKjXUEh6WlJQkLCxM9X2NjY5KUlMT7mCYlJRFra2udHFNVG98RHDKZ
jEydOlXreQ0cOJAUFhbyPp6NSXBwMOfzu379uuD45eXlnLczeXl5Md/ypVQqycKFC7X+mq5Zs0bw
cyaEkLS0NNKjRw+t5jp9+nSNbu9psHfvXq3md+LECVGOpRh27typledobm7OOZqouYzgaIznEW0E
B9/PkR49emh0XBBCyNBhebeJo/2Cbm1tzRwnOzsbRo0apXaCSxcXFxgzZgy4ubmBtbU1GBsbQ01N
DWRnZ0N8fDwcPXpU5WRYDe7duwdjxoyB6OhoaN++PXN+6hw4cID3Y1q00N0Ap7y8PBg5ciTEx8fr
pL8PP/wQWrduDcHBwaLGLSoqgvHjx4saE+Df0QfLli3j9TpWVFTA5MmTIS8vT/R8tKG+vh7mzJkj
aLQKq4sXL8L06dMhLCzMYFdbmTBhAuevpKdOnYLevXsLin/x4kWoqKhQ2RYSEsI8wmvt2rWwatUq
6j4SiQTGjRsH3t7e4ODgAGZmZqBUKqG0tBRSUlIgJiYGIiMjqTG+/PJLaN++PcyYMYMpL1UqKyth
6tSp8PjxY+p+Li4u8Pbbb8N//vMfsLS0hLZt20JlZSXk5+fD5cuXITw8/OloLlV27doFXbt25TWR
ZYOIiAiVExk/y9LSEsaPHw8DBgwAa2traNOmDZSUlEBBQQGcP38ewsLCoLq6mvPxISEhcPv2bejS
pQvv/MR07do1+Oijj9TuZ29vD+PHjwcPDw+wtbUFY2NjqK6uhpycHEhISIAjR4689He3rKxM9FGC
hsQQzyN1nyMvEnsEL0IIGQx9V1iaOn2O4JDL5dT5Jlgn0ZTJZGTEiBHUXwo8PT1JZGQkUSgU1Fg1
NTXk0KFDaudmmDJlCu97tWkjOFRtEomETJo0ifz888/k1KlT5PLly+Tq1askNjaWHDp0iNy7d49X
/5qSy+WCJ2vVZJNIJOTy5ctMObKO4ND2lpiYyHxcaRPs6mrjM4Jj/fr1Os/v2cl3DU1VVRXn51vP
nj0Fz/VA+yX18ePHTDGio6PVvgYLFy4kWVlZamM9fPiQzJw5U+17+urVqxo/Z9rfKwAgLi4u5MSJ
E6S2tpYap6ysjPz0009qJ/Q9c+YMr/zu3r1LnZtIKpWS1atXk9LSUmqckpISsnjxYmpus2bN4pWb
2CoqKoinpyc1RxsbG7Jnzx5SXV1NjSWXy8nRo0eJs7Mz0+dCUx/B0ZjPI9rnDtdn3eLFi0loaCiJ
jY0l169fJ5cuXSKRkZFk7969vPpGCKGmAgscWqbPAseFCxeofxhv3brFFGfDhg3UOO+//z7vCULz
8/PJO++8Q427e/duXjH5FDgWLFhAsrOzecXXFtpEsNrenJ2d1X6JI6TxFDi+//57pmPKt9ilrY21
wHHr1i295CeRSJ5OOGiIuCZJBABy48YNjeNWVVURS0tLlXEDAgKYYhQWFlJXv7G2tiaxsbG8cwsN
DaWunuDu7q7RhM3Xr1+nnisTJkwgxcXFvGLeunWLOqmqu7s786S3NTU1pG/fvpyxHBwcmP+mNThx
4gT1OWtrAlcWmzZtoubWt29fkpaWxitmSUkJCQkJUfu50JQLHI39PGItcHh5eZHIyEhRJ+1FCKGm
AgscWqbPAsfYsWM5+7aysiI1NTVqYzx+/JiYmJhwxgkODlb7ax6XiooK4ufnR82Rz5JrLBe15ubm
JDo6WqN8tUHd8VW1ubq6kl9++YXcvXuX5Ofnk/LycpKSkkJOnTpFJk+ezCsWwL8r2KijaYHDzc2N
bNiwgcTFxZGMjAxSUFBAUlJSyNmzZ8k333zD+7n36dOH6bh+/PHHvHP19fUlYWFhJDExkRQUFJD0
9HRy/fp18uOPPzL/8vnixlLgUCgUvJfhbDgHGnKtrq4mOTk5JDY2lsydO5dXrEmTJjEd08bo8uXL
nM9r+fLlGseljbxg/VV0/vz5nDFMTEwEXTxHRERQX1PWQmADpVJJ/P39OeMFBgZqvCRtYmIiZ7EI
[...]
AAAAyyPgAAAAAAAAlkfAAQAAAAAALI+AAwAAAAAAWB4BBwAAAAAAsDwCDgAAAAAAYHkEHAAAAAAA
wPIIOAAAAAAAgOURcAAAAAAAAMsj4AAAAAAAAJZHwAEAAAAAACyPgAMAAAAAAFgeAQcAAAAAALA8
Ag4AAAAAAGB5BBwAAAAAAMDyCDgAAAAAAIDlEXAAAAAAAADLI+AAAAAAAACWR8ABAAAAAAAsL+jo
0aO+HgMAAAAAAECtBJ05c8bXYwAAAAAAAKgVlqgAAAAAAADLs/3www+Vvh4EAAAAAABAbdgKCwsJ
OAAAAAAAgKWxRAUAAAAAAFgeAQcAAAAAALA8Ag4AAAAAAGB5BBwAAAAAAMDyCDgAAAAAAIDlEXAA
AAAAAADLI+AAAAAAAACWR8ABAAAAAAAsj4ADAAAAAABYHgEHAAAAAACwPAIOAAAAAABgeQQcAAAA
AADA8gg4AAAAAACA5RFwAAAAAAAAyyPgAAAAAAAAlkfAAQAAAAAALI+AAwAAAAAAWB4BBwAAAAAA
sDwCDgAAAAAAYHkEHAAAAAAAwPIIOAAAAAAAgOURcAAAAAAAAMsj4AAAAAAAAJZHwAEAAAAAACyP
gAMAAAAAAFgeAQcAAAAAALA8Ag4AAAAAAGB5BBwAAAAAAMDyCDgAAAAAAIDlEXAAAAAAAADLI+AA
AAAAAACWR8ABAAAAAAAsj4ADAAAAAABYHgEHAAAAAACwPAIOAAAAAABgeQQcAAAAAADA8gg4AAAA
AACA5RFwAAAAAAAAyyPgAAAAAAAAlkfAAQAAAAAALI+AAwAAAAAAWB4BBwAAAAAAsDwCDgAAAAAA
YHkEHAAAAAAAwPIIOAAAAAAAgOURcAAAAAAAAMsj4AAAAAAAAJZHwAEAAAAAACyPgAMAAAAAAFge
AQcAAAAAALA8Ag4AAAAAAGB5BBwAAAAAAMDyCDgAAAAAAIDlEXAAAAAAAADLI+AAAAAAAACWR8AB
AAAAAAAsj4ADAAAAAABYHgEHAAAAAACwPAIOAAAAAABgeQQcAAAAAADA8gg4AAAAAACA5RFwAAAA
AAAAyyPgAAAAAAAAlkfAAQAAAAAALI+AAwAAAAAAWB4BBwAAAAAAsDwCDgAAAAAAYHkEHAAAAAAA
wPIIOAAAAAAAgOURcAAAAAAAAMsj4AAAAAAAAJZHwAEAAAAAACyPgAMAAAAAAFgeAQcAAAAAALA8
Ag4AAAAAAGB5BBwAAAAAAMDyCDgAAAAAAIDlEXAAAAAAAADLI+AAAAAAAACWR8ABAAAAAAAsL8jX
A/A35eXlOnv2rM6cOaOzZ8+qpKREpaWlKi0tVWBgoEJCQhQcHKymTZsqOjpaUVFRatKkia+HDQAA
AABAo9boA46ioiIdOnRI2dnZOnjwoE6ePKnKykq3jhEREaH27durffv26tChg2JiYupotAAAAAAA
wBFbYWGhe2fzDUBZWZn279+vjIwM7d+/X+Xl5V49fmxsrJKSktSzZ09FRkZ69dgAAAAAAMCsUQUc
JSUl2rJlizZs2KCCgoI67y8gIECJiYm65ppr1LJlyzrvDwAAAACAxqpRBBwVFRXatGmT1qxZo8LC
wnrv32azqWfPnhoxYoSaNWtW7/0DAAAAANDQNfiA4+jRo1qyZIlOnDjh66EoJCREqamp6tu3rwIC
2MAGAAAAAABvabABR2VlpdasWaM1a9a4XDTUZrOpVatWatu2rVq0aKHo6Gg1bdpUwcHBCg4OVnl5
uUpLS1VcXKwzZ87ozJkzOnHihI4cOaLS0lKXx5aQkKAbbriB2RwAAAAAAHhJgww4zp8/r88//1wH
Dx6s8bGBgYHq2rWrevbsqQ4dOigsLMzt/srLy5WTk6PMzExlZGTo3LlzNT6nadOmmjx5sjp37ux2
fwAAAAAAwKjBBRy5ubn697//rbNnz1b7uIiICA0YMEApKSkKDQ31Wv+VlZU6ePCg1q5dq8OHD1f7
WJvNprFjx6pPnz5e6x8AAAAAgMaoQQUcP/zwgz7++GNduHDB6WNCQ0N17bXXKiUlRUFBQXU6nuzs
bC1dulTHjx+v9nGpqakaMmRInY4FAAAAAICGrMEEHMeOHdOHH36okpISp49JSkrSyJEjFR4eXm/j
qqys1ObNm7VixYpqx3bNNddo+PDh9TYuAAAAAAAakgYRcJw+fVoffPCB0y1gg4ODNX78eCUlJdXz
yP6/06dP69NPP9XJkyedPmbEiBEaOHBgPY4KAAAAAICGwfIBx7lz5/T3v/9d+fn5Du+PiorSbbfd
ppYtW9bzyMzKysr0xRdfaPfu3U4fM3HiRCUnJ9fjqAAAAAAAsL4AXw+gNioqKvTZZ585DTdiY2P1
k5/8xC/CDUkKCgrSDTfcoKuvvtrpYxYvXqxjx47V46gAAAAAALA+SwccK1eu1JEjRxze17ZtW911
112KiIio51FV79LOKc6WolwKbZwttwEAAAAAAGaWDTiysrK0fv16h/fFxMRoypQpXt3+1dtGjBih
3r17O7zv7NmzWrRoUT2PCGg8KistvTIPAAAAgAN1u09qHSkrK9OXX37p8L6mTZvqjjvuUNOmTet5
VO4bN26cLly4oMzMTNN9+/bt0549e9S9e3cfjMx39uzZo/T0dEPb+PHjPVpmtGXLFu3cubPqdlJS
ktNQqToZGRnavHmzoe26665TTEyMoW3BggU6d+5c1e2oqChNmjTJ7f7snTp1SkuWLDG09evXz2u/
G1988YXOnDlTdbt3795uF+RNS0vTiRMnvDKemnTo0EGpqakuPfbChQtKT0/Xrl27tGfPHp06dUr5
+fkqLy9Xs2bN1Lx5c3Xq1ElXXXWVevXqpYSEhDobtzdeZ2fsf/dcERwcrPDwcEVERKh169bq0qWL
x6Gwr/sHAAAAJIsGHOvXr1deXp6p3Waz6frrr1dkZKQPRuU+m82miRMn6uTJk8rNzTXdv3TpUnXq
1KlRfekvLy/Xhx9+aGhr27atRo0a5fax/vOf/2jLli1Vt6+++mqPAo60tDQtW7as6nZQUJBuu+02
0+MWLVqko0ePVt3u1KmTVwKO3Nxc02sSHR3tlYDjxIkT+utf/2qY0bB9+3a9+OKLbh1n+fLl2r59
e63H44phw4bVGHDk5+fr448/1pIlS5wu98rPz1d+fr6ys7P1zTffSLq4XfMdd9yhrl27enXM3nqd
nbH/3fNEUFCQEhMTNWHCBA0aNEiBgYGW6R8AAACQLLhE5fz58/r2228d3jd48GB16tSpxmOcPHlS
6enpWr16tb799lvl5OR4e5guCw0N1c033+zwy3xBQYHTf2tD1bVrVwUFGXO3Xbt2uX2cCxcumE64
t23bpqKiIrePtWPHDsPt7t27N5jQacWKFablGjt37nRa28YKNm3apAcffFCffvqp27Vs1q1bp2nT
pumzzz7z6jIWK7zOZWVl2rZtm5599lndd9992rNnT6PqHwAAANZnuYDju+++U1lZmak9JiZGgwcP
rvH569ev17x587Rs2TKtXr1aK1eu1AcffOB0J5b60KpVKw0dOtThfRs3btSFCxfqeUS+ExISosTE
REObJzMDduzYofLyckNbWVmZMjIy3DpOXl6eKQDr1auX2+PxR5WVlU6Xei1fvryeR+Mda9as0cyZ
Mx3OiJKkiIgIxcXFqWPHjoqOjpbNZjM9pqKiQm+99ZbefPNNr4zJiq9zTk6OHnvsMafjbuj9AwAA
wJostUSlqKjIVAvhkrFjx9Y4pTkrK8vhldSysjJt3rxZw4YN89pY3TVgwABlZGTo5MmThvbS0lKl
p6fr2muv9dHI6l9ycrK2bdtWdfvo0aPKy8tTdHS0y8fYtGmTw/YtW7ZUu02vPUf1UXr27Ony8/3Z
jh07nM5eSktL049+9COXlwn89Kc/dbkGw44dOzR//nxD23333acOHTq49HxnvweZmZn685//rIqK
CkN7p06ddNNNNyklJcVUy6WwsFCZmZlavHixVq9ebbhv4cKFiouL0+TJk10alzPefJ1d1bp1az38
8MPVPqa8vFwFBQU6fvy4tm3bZgoSy8vL9dprrykyMlKDBg2yVP8AAABonCwVcGRkZKi4uNjU3qlT
J3Xs2LHa55aVlWnRokVOp51v3bpVQ4cO9dm678DAQI0YMUIff/yx6b6NGzdq8ODBpqUbDZWjAGHv
3r0aMGCAy8fYsGGDw/bvvvtO9913n8vHsZ8mb7PZ1K1bN5ef78+++uorp/fl5uZqy5Yt6tu3r0vH
cuc1cTQjqXv37qaZO+64dDJsP2tn0qRJ+vnPf67g4GCHzwsLC1NKSopSUlK0ceNGPfvss4ZlLW+9
9Zb69Omj+Ph4j8fmzdfZVU2bNnXrmHfeeacOHDiguXPnavfu3VXtlZWVeuGFFzRv3jy3Cv36un8A
AAA0TpZaonL5jhiXc2VpytatW6u9wnzhwgXDF2tf6NKli9q2bWtqLy4u1r59+3wwIt/o1q2bAgKM
v5ru/GwOHz7sdEeP7Oxst3b7sP+du/LKKxUeHu7y8/1VQUFBVWHNS+yDpcsLq/q7rVu36sCBA4a2
vn376sEHH3Qabtjr27evpk+fbmgrLy/Xu+++6/G4rPQ6d+7cWc8995ySk5MN7cXFxaYitw2xfwAA
AFifZQKOM2fOOKzS37p1a7Vv377G57tSx8HZ8pf65Gwqtn2hy4YsLCxMV155paHNnX//5TunSOYl
DZcvf6lOSUmJaYmK/cmXVa1du9YwGyouLk5Tp041PebybU392bp160xtd999t8MaG9UZMGCAKTBd
t26dTp8+7dG4rPY6h4aG6rHHHjMV0U1LS1NBQUGD7x8AAADWZpmAY//+/Q7bXTnhPH/+vEs7pRw5
ckTHjx93e2zedMUVVygsLMzUfuDAAZWUlPhgRL5hX8gzMzPT4fIkR7777jvD7QkTJhhuO6vPYe/A
gQOmgra1WUbhT9LS0gy3x4wZo65duxrCwvLyclNdCn916NAhw+2oqChdccUVHh1r7NixpjZXf2fs
WfF1btWqlWl744qKCpeDQav3DwAAAOuyTMBhfwIjXayH0KNHjxqfe/bsWZf78fRExlsCAwMdnkRX
VFT41ZaSdS0pKclwu7y83GnIdbnCwkLTbJ3Ro0cbaqts2rTJVKvBEUcFRrt3717j8/xddna2aclP
amqqpIsn4JdbsmRJvY2rNux3TYmJifH4WPazhyR59N6z8ut8zTXXmNq+//77RtM/AAAArMkSAUdl
ZaUOHz5sao+NjVVERESNz3f1yr8k7dq1y6WT37rUpUsXh+2OQp6GylHRSvuCn47s3LnTMOuiU6dO
io2NNQRhBQUFLtU02bVrl+F2x44d1bx58xqf5+/si14mJSWpTZs2kmTarjgrK8sS9V/sPwdyc3Od
FhSuSbNmzZSamqqhQ4dW/deqVSu3j2Pl19nRsr/6XEbj6/4BAABgTZYIOM6ePWvY2eASV7eVbNq0
qct9BQcHmwpc1rf4+HiHY2hMMziaNWtmCnoyMjJqfJ79DJxLV4L79+9vaN+6dWuNx7Kv+2G/bMaK
ysrKTEUtR48eXfX/sbGxSklJMdxf3S4g/uJScHBJXl6eKaByVUBAgJ588knNmDGj6j/7JRM1sfrr
7GiZnKPdbxpq/wAAALAmSwQceXl5Dtvj4uJcen7z5s1dLjY4ZMgQtwsTeltoaKjDK8aeFjq0KvtA
YceOHaqoqKj2OevXrzfcvvrqqyXJdDKZnp5e7XFycnJMv3cNof7Gpk2bDP+uoKAgU2HbUaNGGW5/
/fXXbs2C8oV+/fqZ2v7yl7/4rDCl1V9nR69bfc5e8nX/AAAAsCZLBxwtWrRw6flNmjRRfHx8jY/r
0qWL+vTp49bY6oqjGgKN7QqmfaBQUFBQ7SyW7OxsQ5HYiIiIqqUuXbp0MZwg7d69u9ptg/fu3Wtq
c6Xei7+zn1UweJ+RfvkAACAASURBVPBg0/KOgQMHGrZWPX/+vDZs2FAv4/PUwIEDTSfAWVlZmj59
umn72Ppg9dfZ0WtmvxtRQ+4fAAAA1mSJgMNZkdCoqCiXj1HTyWm7du104403+nz2xiWuhjcNmaOf
WXV1OOyXnQwYMKCquGhAQIBhmUplZWW1W8/aF4ds06aNWrZs6dK4/VVeXp5phsuIESNMjwsPDzfV
iLDfDcTfREREmLZflS6eKD/yyCOaPXu2Dh48WC9jaQiv8zfffGNqq88Cu77uHwAAANYU5OsBuMLR
9qjBwcEKDQ11+RjJyclavXq1w1oe0sUCgCEhIR6P0dvCw8N9PQSfi46OVnx8vGHWxu7du007UFxi
vz2sfd2Nvn37Gq6sb9682bRs4JKdO3cabvfu3dutsUsXd3RxpW5ITRwV2PXEqlWrDAV0IyMjnc5Y
Gj58uJYvX151e/PmzTp+/Lhat27tlbHUhWHDhunUqVN65513DO0VFRVaunSpli5d+v/au9cgLcv7
fuC/PbC7LCKwi6tsWE7KUjciiApCWoaIpSbA1BjFNJOM+KK1k0nHSafTtNa0/0ZnOn1BfdGpzUxN
I2oONYmaqA1qLB7GExhdhKggZoXlbFgBlz0f/i8cdth9djksC89z7X4+M8x438/zXPePG2T2/j7X
9bti1qxZce2118bVV18dkyZNOit1pH6ft2/fnjEDpbi4OGpqakbE9QEASFcSAUd/69JPN4woKiqK
hQsX9nqYOF5tbW3Mmzcv6w1Gjzl+6vpINnfu3F4Bx0DNQVtaWnq9lpeXl9HD4/LLL+91PFAfjubm
5owtKftuW3sq9u3bF3/zN39z2p87W/rODrj22mujsLD/fwLmzp0b48eP77Vzxfr16+MrX/nKWa3x
TN10001RUVER//7v/95vH4etW7fG1q1b4z//8z9j+vTpsXjx4liwYEFMnz59yGpI+T7v3Lkz7r77
7oydpL70pS+dkwA429cHACBtufE0fxLt7e0Z5wYTAFx99dUDbvd44MCBeOutt057zLNloAeikaZv
sLBv375oaGjIeF/f7WFramoyejKMHz++1/azBw4ciPr6+oyx3n///YwtRlPvv7F169aMJRpLliwZ
8P2FhYWxdOnSXud+9atfnbTJay5YvHhxfO9734vrr7/+hEvO6urqYu3atfGNb3wj7rjjjvj1r399
xk0+U7zPXV1d8eGHH8YPfvCDuOOOO+LAgQO9Xp8wYUJ8+ctfHrbXBwBg+EjiKbq/h5S+D6CnoqCg
IFasWBFr167t9wFi/fr1MWPGjJxoZtf3G8yRqr9gYevWrT3bvx7z5ptv9jq+5ppr+h1v/vz5sXXr
1p7j2traqKqqyhj/eGVlZWdtOcO58txzz/U6njx5clRXV5/wM0uWLImf//znPccHDhyIzZs3J7Fd
bnl5edxxxx1x4403xuOPP37SHUq2bdsWa9asiR/84Adx6623xnXXXTeo2Vy5cp/37NkT3/72t0/4
no6OjmhsbIyPPvpowKV7o0ePju9+97sZDVJz/foAAIxMSQQc/c1mOP7b+tMxadKkWLx4cTz//PMZ
r7W1tcXjjz8eX//617M+g6K/viMjUUVFRVx44YW9dkd59913MwKOvrtPDNTzYN68efHQQw/1HP/m
N7+JlStX9npP374ZfbeYPVXjxo2LL3zhC4P67PF+//vfx69//etBf761tTXj88uWLTtpQ91LLrkk
pkyZ0qsHyLPPPptEwHFMVVVV/NVf/VWsXr06Xn755XjxxRejtrZ2wIC0oaEh7r333li3bl18+9vf
Pq1eGLl0n1tbW+Ptt98e9OcjPm28/Ld/+7dxySWXJHd9AABGpiQCjpKSkoxzzc3N0d3dPahdTxYu
XBg7d+7sdyvCvXv3xi9/+cus76jS37KckWru3Lm9+hr0bQC6e/fu2LNnT89xeXn5gD0VZs6cGeed
d15Pf4ba2tpoa2vrWd/f1dWVEXDMnj17UHWXlZXFrbfeOqjPHm/btm1nFHC89tprGd+Q9929YyDL
li2L+++/v+f4xRdfjL/8y79M7hv1sWPHxvXXXx/XX399HDp0KDZu3BivvPJKbNy4sd/ZUu+++258
85vfjH/5l3855Qfs4XKfx44dG8uXL49Vq1bF6NGjR9z1AQBIVxI9OPrbUaSrqyuOHj06qPHy8vJi
5cqVGT0ajnnvvffi0UcfPe1ZIgNNsx6M45sOjnR9+3Bs27YtWlpaeo77Nh5dtGjRgOFUQUFBXH31
1T3Hra2tvbaE3bVrV0ZzytT7b/Rtenn55ZfHRRdddEqf7fuA3t7eHi+99NKQ1ZYN48ePjz/+4z+O
f/qnf4qHHnoobr/99n578zQ2NsY//uM/ZvSEGEiK97mwsDDGjx8fNTU18eUvfzn+4R/+IR5++OG4
9dZbz0m4kO3rAwAwvCQxg+P888/v9/zBgwcH/Q3nmDFj4uabb461a9f2O1ti69at8cADD8SXvvSl
KC8vP+l4Tz31VGzatCkqKipiwYIFUVNTEwUFBYOqLSLi448/zjiXzRkl2dQ3YOjs7Izt27f3BB99
d0O56qqrTjjeVVddFevXr+85rq2t7VkO0Lf/xtixY2PKlCmDrj3b9u3bl9E8d86cObF3795THmPm
zJnx/vvv9xw//fTTQ7L0JhdMmDAhbrjhhvjiF78Y//u//xv//d//3evfg48//ji+//3vx9///d+f
cJxcu8/Tpk2LNWvWnPA9BQUFp7XVdkrXBwBgZEoi4BgoYDhw4EBMnTp10ONWVFTEDTfcED//+c/7
bTp64MCBuP/++3u2khyo6eCbb74ZmzZt6vnME088ES+88EIsXLgw5syZM6h+Hv19a5zasoChUllZ
GRMmTOgV+rz33ntx2WWXRWtra68Go4WFhSddUtK3p8aGDRt6lpIcP5sj4tOH1JSDpeODnGMeeuih
Xn1ITtfWrVujrq5uSLdWzbaioqK44YYborq6Ov7u7/6uV8jx4osvxte+9rWMZrTHy7X7nJeXF6Wl
pYO+9pnK9vUBABiZkliiMnHixH4fMnfs2HHGY8+cOTOWL18+4OudnZ2xfv36+K//+q9+e3bs2LEj
nnnmmYzzR44ciaeffjruu+++2Lhx42ktd2loaOh3+c1AW9wOd3l5eRmhxLE+Gb/97W97PYxeccUV
J53aXlZWFhdffHHP8e9+97s4ePBgRGT297j88svPqPZs6urqinXr1p2VsfvuFjJc1NTUxFe/+tWM
82+88caAn3GfAQAgNyQRcBQVFUVFRUXG+R07dvQ78+J0zZ49O66//voTflN/8ODB+MlPfhI//OEP
Y9euXT3nBpr9cUxjY2M8++yz8b3vfa/ncydTX1/f7/kTfYM83PXtw/HBBx9ERPTMnDlmwYIFpzRe
3/dt2bIlWltbM/6MUu6/8fbbb59y/4jT9eyzz+ZMI9za2tp46623en7V1dWd0XjXXnttxrnt27cP
+P6Rcp8BACDXJbFEJeLTNd3HbxUa8WmDyA8//DBmzJhxxuPPmzcvRo0aFU899dQJA4sdO3bEgw8+
GGVlZdHY2HjK27keOXIkamtrY/LkySd9b98+EMeM5ICjpqam1/FHH30Uzc3NGVtRDrQ9bF/z5s2L
H/3oRz3H77zzTkydOrXX9qElJSVJL8Pou/PKmDFjTvn+9HX06NFeS4GOHDkSb7zxRsZ2vdnwz//8
z72azl511VVx9913D3q8ioqKKC4ujtbW1p5z/fXEOWak3GcAAMh1yQQcF198cbz++usZ57ds2TIk
AUfEpzM5xowZE4899livh5v+NDQ0nPb4p7Imvampqd+lMIWFhVFZWXna1xwupkyZ0mt714iIurq6
Xk0Zq6qqYtKkSac03qxZs2L06NE9O99s3ry5p9HoMbNnzz6jRrHZ1NjYGC+++GKvc8uWLYu/+Iu/
GNR4HR0d8bWvfS0OHz7cc+6ZZ57JiQfvioqK2LlzZ8/xqc6UOh0D9d8ZSfcZAAByXRJLVCI+fcAt
KSnJOP/uu+9GU1PTkF1nxowZsXr16rPS7+Izn/nMSd/z29/+tt8ZJNXV1YNqVjpc5OfnZ/ThWL9+
fXR2dvYcn85DYGFhYa/tYuvq6uKdd97p9Z6U+2+89NJLGUsblixZMujxCgsLY+nSpb3Ovf766z29
S7Kpb1PZffv2nXBJycns378/I+Ac6N+DkXSfAQAg1yUTcOTn52f0YYj4tAnoiRoADkZ5eXncdttt
MX/+/CHbQSM/Pz+mTZt2wvd0dnbGa6+91u9r/f3eR5q+D7J9GzCebHvYvq688spex88++2yv477L
YlLy9NNP9zqePHlyzJw584zG7Pvg3t3dHc8///wZjTkUFi9enHHu/vvvH3R/nr5LTiI+nfHTn5F0
nwEAINclE3BERMYSgmM2btzYs9RgqBQWFsZ1110Xt91225D0vrj66qujuLj4hO/ZvHlzfPLJJxnn
x4wZM2TLcFLWt+Hn8X/mo0ePPu2GoH1nhBw5cqTnvwsLC+OSSy4ZRJXZ9+GHH2b0cVm2bNkZh3Uz
Z86MKVOm9Dr3q1/9qlffkmyYPXt2RgC4adOmWLNmzUmXmvW1adOm+MlPftLrXEFBQVxzzTUZ7x1p
9xkAAHJdUgHHhRde2O8siNbW1ox18EPloosuiq9//evx1a9+NWbMmDGoh5fZs2fH5z//+RO+p7W1
NV544YV+X1uwYMGAPQBGkhkzZvS7TCkiYv78+ae9hKeiomLAWTWf/exno6io6LRrzAX9bS36R3/0
R0My9rJly3od7969O2Npz7mWl5cX3/rWt2LMmDG9zv/f//1ffOMb34jnn3/+pM2Am5ub46c//Wnc
ddddGVs633LLLTF+/PiMz4y0+wwAALkuuaYOixYtig8//DDj/Jtvvhlz586NCy+88Kxcd9q0aTFt
2rQ4fPhwbNq0KbZs2RKHDh064WdKSkpi6dKlA848Od7zzz8fR48e7XeMK664YtB1DycFBQUxe/bs
2LhxY8Zr8+fPH9SY8+fP7/fvU6r9Nzo6OjKW2lx++eVx0UUXDcn4ixcvju9///u9ZhM899xz8dnP
fnZIxh+sysrK+O53vxt33XVXr5k9e/bsiX/913+NMWPGxFVXXRUzZ86MsrKyKCoqipaWlmhoaIjt
27fH66+/3u9sj0svvTRuueWWjPMj9T4DAEAuSy7gmDZtWkyfPj3q6up6ne/u7o6XXnopbrrpprN6
/XHjxsXixYtj8eLF0dDQEHV1dbF///74+OOP4+jRo1FYWBilpaUxY8aMmDNnzkmXpUR8OtX9+K0h
j7dgwYJTGmOkuPzyy/sNOAYbAs2bNy8eeeSRjPOpPkhu3Lix1w4cEZHRtPJMXHDBBXHFFVf0+vu6
fv36+PM///MYPXr0kF1nMGpqauLee++Ne+65J2MnlaNHj8YLL7ww4Cyp/sydOze+853v9DuTZyTf
ZwAAyFXJBRwRnz709w04Ij4NH86lsrKyKCsrO6MxGhsb4xe/+EW/6+snTJgQCxYsOKPxh5v+Gn/O
mjUrJkyYMKjxLr300iguLu717X1+fn5UV1cPusZs6juroLCwMBYtWjSk17juuut6PXi3tLTEyy+/
HNddd92QXmcwpk6dGv/xH/8Rjz76aPzsZz/rd1bUyYwePTpuu+22+OIXvzjgNsEj/T4DAEAuSrKx
w0cffdTv+dQacXZ0dMSjjz464EPY9ddfP6K3hu3PJZdcEqNGjep1rr8GkKeqqKgoYzeVWbNmJfkt
eUNDQ7z++uu9zi1atCjOO++8Ib3ONddckzGraN26dUN6jTNRVFQUX/nKV+LBBx+Mb33rWzFv3ryT
/n+Un58fl156aXzzm9+MtWvXxsqVKwcMN9xnAADITXnNzc3Jteb/8Y9/nDGDo6CgIP76r/864+E3
V3V1dcXPfvaz2L59e7+vz5kzJ5YvX36Oq4Lhqa2tLXbu3Bl79+6NI0eORGdnZ5SUlERpaWlUVFTE
1KlTLQUDAIDEJTc9oL29PXbu3JlxfsqUKUmFG0888cSA4UZFRUX8yZ/8yTmuCoavoqKiuOSSS5Ld
+hcAADi55AKOnTt3RmdnZ8b5iy++OAvVnL729vZ47LHHBgw3ioqK4sYbb7Q0BQAAAE5Dck/R/TUX
jYiYPn36Oa7k9B05ciQee+yx2L17d7+vFxQUxE033XTGjUsBAABgpEku4Pjggw8yzp133nlxwQUX
ZKGaU/fBBx/EL3/5y2hubu739by8vLjhhhti2rRp57gyAAAASF9SAcfhw4fj4MGDGedPtDzl6NGj
sXPnztixY0ccPHgwrrnmmnO6nKWpqSnWr18fb7/9dr9bwUZ8uoPD8uXLY9asWeesLgAAABhOkgo4
fve73/V7/vjAoqWlJerr62PHjh1RV1eXsaXsjh07oqqqKpYsWRJVVVVnrdaOjo6ora2Nl156acBZ
GxERhYWFceONN2p+CAAAAGdgWAQcnZ2dsX79+qirq4v9+/cPOFPimPr6+njooYdi+vTpceWVV8aM
GTOGrKnnJ598Eps3b44NGzZEU1PTCd9bWloaN910U0yePHlIrg0AAAAjVV5zc/OJ04Ac0dXVFffe
e2+0trYO+djFxcXxB3/wBzFr1qyYNGlSjBkz5pQ/293dHR999FHU19fH1q1bY8eOHScNWCI+3db2
T//0T2Ps2LFnUjoAAAAQCQUcu3btigcffPCcXGvs2LFRWVkZ48ePj5KSkigpKYni4uLo6uqKtra2
aG1tjUOHDsXHH38cBw4ciJaWllMeOz8/PxYtWhR/+Id/GPn5+WfxdwEAAAAjRzJLVAZannI2fPLJ
J7F169YhH3fKlCmxbNmyqKioGPKxAQAAYCRLJuDob3vYkykoKIiqqqqYPn16TJ48ObZv3x5vvPFG
tLe3n4UKBzZx4sT43Oc+FzU1NZGXl3dOrw0AAAAjQRIBR1NTU+zbt++k78vLy4uLLroopk+fHtOm
TYvJkyf3ah5aVVUVCxYsiLfeeit+85vfRGNj49ksOyZPnhzXXHNNzJw5U7ABAAAAZ1ESPTjeeeed
ePzxx/t9beLEiTF9+vSYOnVqTJkyJUpKSk5pzK6urvjwww9jy5Yt8cEHH5xwK9fTccEFF0RNTU3U
1NTEhAkThmRMAAAA4MSSmMFx/PKUsWPH9szQmDp16qB3IcnPz48ZM2bEjBkzoru7O/bt2xe7du2K
vXv3xkcffRQNDQ0nXMqSn58f559/fpSVlcUFF1wQn/nMZ6Kqquq0dmABAAAAhkYSMzieeeaZmDhx
YkybNi3KysrO2XVbW1ujqakp2tvbo6urK/Lz86OoqChGjRoVo0ePtgsKAAAA5IgkAg4AAACAEzEF
AQAAAEiegAMAAABInoADAAAASJ6AAwAAAEiegAMAAABInoADAAAASJ6AAwAAAEiegAMAAABInoAD
AAAASJ6AAwAAAEiegAMAAABInoADAAAASJ6AAwAAAEiegAMAAABInoADAAAASJ6AAwAAAEiegAMA
AABInoADAAAASJ6AAwAAAEiegAMAAABInoADAAAASJ6AAwAAAEiegAMAAABInoADAAAASJ6AAwAA
AEiegAMAAABInoADAAAASJ6AAwAAAEiegAMAAABInoADAAAASJ6AAwAAAEiegAMAAABInoADAAAA
SJ6AAwAAAEiegAMAAABInoADAAAASJ6AAwAAAEiegAMAAABInoADAAAASJ6AAwAAAEiegAMAAABI
noADAAAASJ6AAwAAAEiegAMAAABInoADAAAASJ6AAwAAAEiegAMAAABInoADAAAASJ6AAwAAAEie
gAMAAABInoADAAAASJ6AAwAAAEiegAMAAABInoADAAAASJ6AAwAAAEiegAMAAABInoADAAAASJ6A
AwAAAEiegAMAAABInoADAAAASJ6AAwAAAEiegAMAAABInoADAAAASJ6AAwAAAEiegAMAAABInoAD
AAAASJ6AAwAAAEiegAMAAABInoADAAAASJ6AAwAAAEiegAMAAABInoADAAAASJ6AAwAAAEiegAMA
AABInoADAAAASJ6AAwAAAEiegAMAAABIXuHu3buzXQMAAADAGSk8dOhQtmsAAAAAOCOWqAAAAADJ
y9u7d293tosAAAAAOBN5zc3NAg4AAAAgaZaoAAAAAMkTcAAAAADJE3AAAAAAyRNwAAAAAMkTcAAA
AADJE3AAAAAAyRNwAAAAAMkTcAAAAADJE3AAAAAAyRNwAAAAAMkTcAAAAADJE3AAAAAAyRNwAAAA
AMkTcAAAAADJE3AAAAAAyRNwAAAAAMkTcAAAAADJE3AAAAAAyRNwAAAAAMkTcAAAAADJE3AAAAAA
yRNwAAAAAMkTcAAAAADJE3AAAAAAyRNwAAAAAMkTcAAAAADJE3AAAAAAyRNwAAAAAMkTcAAAAADJ
E3AAAAAAyRNwAAAAAMkTcAAAAADJE3AAAAAAyRNwAAAAAMkTcAAAAADJE3AAAAAAyRNwAAAAAMkT
cAAAAADJE3AAAAAAyRNwAAAAAMkTcAAAAADJE3AAAAAAyRNwAAAAAMkTcAAAAADJE3AAAAAAyRNw
AAAAAMkTcAAAAADJE3AAAAAAycuLiO5sFwEAAABwJszgAAAAAJIn4AAAAACSJ+AAAAAAkifgAAAA
AJIn4AAAAACSJ+AAAAAAkifgAAAAAJIn4AAAAACSJ+AAAAAAkifgAAAAAJIn4AAAAACSJ+AAAAAA
kifgAAAAAJIn4AAAAACSJ+AAAAAAkifgAAAAAJIn4AAAAACSJ+AAAAAAkifgAAAAAJIn4AAAAACS
J+AAAAAAkifgAAAAAJIn4AAAAACSJ+AAAAAAkifgAAAAAJIn4AAAAACSJ+AAAAAAkifgAAAAAJIn
4AAAAACSJ+AAAAAAkifgAAAAAJIn4AAAAACSJ+AAAAAAkifgAAAAAJIn4AAAAACSJ+AAAAAAkifg
AAAAAJIn4AAAAACSJ+AAAAAAkifgAAAAAJIn4AAAAACSJ+AAAAAAkifgAAAAAJJXmO0CgPSUl5fH
3LlzIyKitrY2Dh48mOWKAACAkS4vIrqzXQSQjhUrVsTSpUujtLQ0IiKampri3/7t36K+vj7LlQG5
IC8vL4qKinp+FRQURF5eXkREdHd3R2dnZ7S1tfX86u72YwgAMDQEHMApqa6ujtWrV0d5eXnGa9u2
bYs1a9ZkoSogF+Tl5UVxcXGUlpbGmDFjYtKkSVFZWRkXXnhhnH/++VFY+OmE0Y6Ojjhy5Ejs378/
9uzZE3v37o3GxsZoamoSdsAIU15eHqtWreqZEZoLamtr45FHHjEzFRIm4ABOqLy8PFavXh3V1dUn
fN/tt99+jioCcsWxYGPcuHFRU1MTV1xxRUydOjVKSkpO6fMtLS1RV1cXGzdujO3bt8fhw4ejtbVV
0AHDXHl5edx11109s0FzSVNTU9xzzz1CDkiUHhxAv0pLS+Paa6+NlStXZrsUIAcVFhbGuHHjYv78
+bFo0aKYOHFi5OefXu/ykpKSuPTSS2PWrFnx+9//Pl555ZXYsGFDHD58ODo6Os5S5UC23XLLLTkZ
bkR8+vPPLbfcEvfdd1+2SwEGQcABZFi4cGGsXLmy3+UoAKNGjYrLLrssli9fHpWVlVFQUHBG4+Xn
50dFRUWsXLkyrrzyynjqqadiy5Yt0d7ePkQVA7lkzpw52S7hhHK9PmBgAg6gR1VVVaxateqky1GA
kSs/Pz9WrFgRn//856O4uHhIxy4oKIiqqqq47bbbYv369fGLX/wiurq6hvQaAKeiqqpKA3VIkIAD
iNLS0rj55ptj0aJF2S4FyHF/9md/FgsXLoxRo0adtWsUFxf37Nb0wx/+8KxdB2Ago0ePznYJwCAI
OGCEW7p0aaxYsSJn18ICuSE/P/+chBvHjBo1KhYuXBgRET/+8Y/N5AAATkrAASNUdXV1rFq1Kqqq
qrJdCpDjRo0aFStXrjxn4cbx1124cGE0NzfHE088oScHAHBCAg4YYXJx33kgdxUWFsZll10WS5Ys
OafhxjGjRo2KJUuWRF1dXWzevNnuKgDAgAQcMIKsWLGiZ107wMnk5eXFuHHjYvny5UPeUPR0FBcX
x/Lly2Pnzp3R0NAQ3d3dWasFAMhdAg4YAebOnRurVq2y7StwWoqLi2P+/PlRWVmZ7VKisrIy5s+f
H+vXr4+WlpZslwMA5CABBwxj5eXlsXr1atu+AqctLy8vxo8fH4sWLYqCgoJslxMFBQWxaNGieOut
t2L//v1mcQAAGQQcMAyVlpb2LEcBGIzi4uKoqamJiRMnZruUHhMnToyLL744Dh06ZBYHAJBBwAHD
zMKFC2PVqlX6bABnpLS0NK644orIz8/Pdik98vPz4+qrr4533nlHwAEAZBBwwDBRXV0dK1eutBwF
OGN5eXkxZsyYmDJlSrZLyTB9+vQ477zz4tChQ5apAAC9CDggcaWlpXHzzTfHokWLsl0KMEwUFRXF
pEmToqSkJNulZCgpKYlJkybFgQMHorW1NdvlAAA5RMABCbPtK3A2FBUV5cTOKQOprKyMd999V8AB
APQi4IAEVVdXx+rVq237CpwVRUVFceGFF2a7jAGVlZVFYaEfYQCA3vx0AIm59dZbLUcBzqqCgoIY
N25ctssY0Pjx4wUcAECG3GmNDpxUdXW1cAM46/Ly8qKgoCDbZQyouLg4p3Z3AQByg58OICGzZs3K
dgkAAAA5ScABCamtrc12CcAI0N3dHZ2dndkuY0Ctra3R1dWV7TIAgBwj4ICE1NfXx6uvvprtMoBh
rrOzMw4fPpztMgZ06NCh6OjoyHYZAECOEXBAYh544IFYs2ZN7Nq1K9ulAMNUW1tb7N+/P9tlDKih
oUHAAQBkEHBAgrZt2xZ33313PPLII9Hc3JztcoBhpq2tLfbs2ZPtMga0Z8+eaGtry3YZAECOEXBA
wp577rm4V4eTqQAABZxJREFU884747nnnst2KcAw0tbWFnv37o2WlpZsl5KhpaUl9u7dK+AAADII
OCBxTU1N8cgjj8Q999wT27Zty3Y5wDDQ3d0djY2NUVdXl+1SMtTV1UVjY2N0d3dnuxQAIMcIOGCY
qK+vjzVr1sTatWvj4MGD2S4HSFxzc3O88cYbObVbSVdXV7zxxhuW5gEA/RJwwDDzyiuvxD333BNP
PvlktksBEtba2hrbt2/PqcD04MGDsX379mhtbc12KQBADhJwwDDU1NQUTzzxRNx5552xadOmbJcD
JKi7uzsOHToUL7/8cnR2dma7nOjs7IyXX345Dh06ZHkKANAvAQcMYwcPHoz77rsv1qxZk1PfwgJp
aG1tjQ0bNuTEjiq7d++ODRs2mL0BAAxIwAEjwLZt2+LOO++MJ5980tp14JR1d3fH4cOH46mnnspq
sNDS0hKPPvpoHD582OwNAGBAAg4YQY4tW3n11VezXQqQiI6OjtiyZUs8//zz0d7efs6v397eHuvW
rYv3338/Ojo6zvn1AYB0CDhghGlqaooHHngg1qxZE7t27cp2OUAC2tvb4/HHH4/XXnvtnIYc7e3t
8dprr8XTTz8t3AAATkrAASPUtm3b4u677461a9datgKcVFdXVzz88MPnLOQ4Fm48/PDDObVVLQCQ
uwqzXQCQXa+88krU1tbGihUrYunSpdkuB8hxP/rRj6KpqSmWLFkSxcXFZ+UaLS0tsW7dunj66afP
yvgAwPAk4ACiqakpHnnkkXj11Vdj1apVUV1dne2SgBzV1dUVTzzxRNTV1cXy5cujsrIyCgoKhmTs
zs7O2L17dzz66KPx/vvvm7kBZI3ZrZAmAQfQo76+PtasWRNz586NVatWRXl5ebZLAnJQe3t7bN68
OXbu3Bnz58+Pz33uc1FeXh75+YNb+drV1RUHDx6Ml19+OTZs2BCHDx/WcwPIqvr6+myXAAxCQUT8
v2wXAeSWffv2xauvvhodHR1RVVUVo0aNOulnnnzyyXNQGZArurq6oqWlJerr62PTpk2xa9euKCoq
irFjx0Zh4al9f9LS0hLvv/9+rFu3LtatWxfvvfdeNDY2mrkBw9yUKVPioosuynYZA9q0aVNs3Lgx
22UAg5AXETaUBwZUXl4et9xyS8yZM+eE77v99tvPUUVArsnLy4vi4uIYPXp0nHfeeTFp0qSorKyM
srKyGD9+fE+vjtbW1jh06FA0NDTEnj17Yu/evdHY2BjNzc3R2toa3d1+JIGRoLy8PL7zne/E6NGj
s11Khubm5rj77rvj4MGD2S4FGAQBB3BKqqurY/Xq1f0uW9m0aVPcd999WagKyDV5eXlRVFQURUVF
UVhYGIWFhT1LV7q6uqKjoyM6Ojqira0t2trahBowQp3qFyjn0qZNm+J//ud/hBuQMAEHcFqWLl0a
K1eu7PnWpbm5OdasWWOtKgAwKFVVVVmdzdHc3OznGBgmBBzAaSstLY2FCxdGc3Nz1NbWRlNTU7ZL
AgAARjgBBwAAAJC8we3nBgAAAJBDBBwAAABA8gQcAAAAQPIEHAAAAEDyBBwAAABA8gQcAAAAQPIE
HAAAAEDyBBwAAABA8gQcAAAAQPIEHAAAAEDyBBwAAABA8gQcAAAAQPIEHAAAAEDyBBwAAABA8gQc
AAAAQPIEHAAAAEDyBBwAAABA8gQcAAAAQPIEHAAAAEDyBBwAAABA8gQcAAAAQPIEHAAAAEDyBBwA
AABA8gQcAAAAQPIEHAAAAEDyBBwAAABA8gQcAAAAQPIEHAAAAEDyBBwAAABA8gQcAAAAQPIEHAAA
AEDyBBwAAABA8gQcAAAAQPIEHAAAAEDyBBwAAABA8gQcAAAAQPIEHAAAAEDyBBwAAABA8gQcAAAA
QPIEHAAAAEDyBBwAAABA8gQcAAAAQPL+P2AyicNT6PRUAAAAAElFTkSuQmCC
" width="800px"&gt;</msg>
<status status="PASS" starttime="20230422 18:09:14.883" endtime="20230422 18:09:15.358"/>
</kw>
<kw name="Close Application" library="AppiumLibrary">
<doc>Closes the current application and also close webdriver session.</doc>
<status status="PASS" starttime="20230422 18:09:15.358" endtime="20230422 18:09:16.170"/>
</kw>
<status status="PASS" starttime="20230422 18:09:14.882" endtime="20230422 18:09:16.170"/>
</kw>
<status status="PASS" starttime="20230422 18:08:28.270" endtime="20230422 18:09:16.172"/>
</test>
<status status="PASS" starttime="20230422 18:08:27.874" endtime="20230422 18:09:16.176"/>
</suite>
<statistics>
<total>
<stat pass="1" fail="0" skip="0">All Tests</stat>
</total>
<tag>
</tag>
<suite>
<stat pass="1" fail="0" skip="0" id="s1" name="Balance">Balance</stat>
</suite>
</statistics>
<errors>
</errors>
</robot>
